<?xml version="1.0" encoding="UTF-8" ?>
<testsuite failures="1" time="9.02" errors="0" skipped="0" tests="10" name="com.eastapps.mgs.model.MemeIntegrationTest">
  <properties>
    <property name="java.runtime.name" value="Java(TM) SE Runtime Environment"/>
    <property name="sun.boot.library.path" value="/usr/lib/jvm/java-7-oracle/jre/lib/amd64"/>
    <property name="java.vm.version" value="23.25-b01"/>
    <property name="java.vm.vendor" value="Oracle Corporation"/>
    <property name="java.vendor.url" value="http://java.oracle.com/"/>
    <property name="path.separator" value=":"/>
    <property name="guice.disable.misplaced.annotation.check" value="true"/>
    <property name="java.vm.name" value="Java HotSpot(TM) 64-Bit Server VM"/>
    <property name="file.encoding.pkg" value="sun.io"/>
    <property name="user.country" value="US"/>
    <property name="sun.java.launcher" value="SUN_STANDARD"/>
    <property name="sun.os.patch.level" value="unknown"/>
    <property name="java.vm.specification.name" value="Java Virtual Machine Specification"/>
    <property name="user.dir" value="/media/hybrid/workspace/meme_gen/mgs_v1"/>
    <property name="java.runtime.version" value="1.7.0_25-b15"/>
    <property name="java.awt.graphicsenv" value="sun.awt.X11GraphicsEnvironment"/>
    <property name="java.endorsed.dirs" value="/usr/lib/jvm/java-7-oracle/jre/lib/endorsed"/>
    <property name="os.arch" value="amd64"/>
    <property name="java.io.tmpdir" value="/tmp"/>
    <property name="line.separator" value="
"/>
    <property name="java.vm.specification.vendor" value="Oracle Corporation"/>
    <property name="os.name" value="Linux"/>
    <property name="classworlds.conf" value="/usr/share/maven/bin/m2.conf"/>
    <property name="sun.jnu.encoding" value="UTF-8"/>
    <property name="java.library.path" value="/usr/java/packages/lib/amd64:/usr/lib64:/lib64:/lib:/usr/lib"/>
    <property name="java.specification.name" value="Java Platform API Specification"/>
    <property name="java.class.version" value="51.0"/>
    <property name="sun.management.compiler" value="HotSpot 64-Bit Tiered Compilers"/>
    <property name="os.version" value="3.2.0-40-generic"/>
    <property name="user.home" value="/home/dylan"/>
    <property name="user.timezone" value="America/New_York"/>
    <property name="java.awt.printerjob" value="sun.print.PSPrinterJob"/>
    <property name="file.encoding" value="UTF-8"/>
    <property name="java.specification.version" value="1.7"/>
    <property name="user.name" value="dylan"/>
    <property name="java.class.path" value="/usr/share/maven/boot/plexus-classworlds-2.x.jar"/>
    <property name="java.vm.specification.version" value="1.7"/>
    <property name="sun.arch.data.model" value="64"/>
    <property name="java.home" value="/usr/lib/jvm/java-7-oracle/jre"/>
    <property name="sun.java.command" value="org.codehaus.plexus.classworlds.launcher.Launcher package"/>
    <property name="java.specification.vendor" value="Oracle Corporation"/>
    <property name="user.language" value="en"/>
    <property name="awt.toolkit" value="sun.awt.X11.XToolkit"/>
    <property name="java.vm.info" value="mixed mode"/>
    <property name="java.version" value="1.7.0_25"/>
    <property name="java.ext.dirs" value="/usr/lib/jvm/java-7-oracle/jre/lib/ext:/usr/java/packages/lib/ext"/>
    <property name="securerandom.source" value="file:/dev/./urandom"/>
    <property name="sun.boot.class.path" value="/usr/lib/jvm/java-7-oracle/jre/lib/resources.jar:/usr/lib/jvm/java-7-oracle/jre/lib/rt.jar:/usr/lib/jvm/java-7-oracle/jre/lib/sunrsasign.jar:/usr/lib/jvm/java-7-oracle/jre/lib/jsse.jar:/usr/lib/jvm/java-7-oracle/jre/lib/jce.jar:/usr/lib/jvm/java-7-oracle/jre/lib/charsets.jar:/usr/lib/jvm/java-7-oracle/jre/lib/jfr.jar:/usr/lib/jvm/java-7-oracle/jre/classes"/>
    <property name="java.vendor" value="Oracle Corporation"/>
    <property name="maven.home" value="/usr/share/maven"/>
    <property name="file.separator" value="/"/>
    <property name="java.vendor.url.bug" value="http://bugreport.sun.com/bugreport/"/>
    <property name="sun.cpu.endian" value="little"/>
    <property name="sun.io.unicode.encoding" value="UnicodeLittle"/>
    <property name="sun.desktop" value="gnome"/>
    <property name="sun.cpu.isalist" value=""/>
  </properties>
  <testcase time="7.668" classname="com.eastapps.mgs.model.MemeIntegrationTest" name="testCreateMemeJson">
    <failure type="junit.framework.AssertionFailedError">junit.framework.AssertionFailedError
	at junit.framework.Assert.fail(Assert.java:48)
	at junit.framework.Assert.assertTrue(Assert.java:20)
	at junit.framework.Assert.assertTrue(Assert.java:27)
	at com.eastapps.mgs.model.MemeIntegrationTest.testCreateMemeJson(MemeIntegrationTest.java:163)
	at sun.reflect.NativeMethodAccessorImpl.invoke0(Native Method)
	at sun.reflect.NativeMethodAccessorImpl.invoke(NativeMethodAccessorImpl.java:57)
	at sun.reflect.DelegatingMethodAccessorImpl.invoke(DelegatingMethodAccessorImpl.java:43)
	at java.lang.reflect.Method.invoke(Method.java:606)
	at org.junit.runners.model.FrameworkMethod$1.runReflectiveCall(FrameworkMethod.java:45)
	at org.junit.internal.runners.model.ReflectiveCallable.run(ReflectiveCallable.java:15)
	at org.junit.runners.model.FrameworkMethod.invokeExplosively(FrameworkMethod.java:42)
	at org.junit.internal.runners.statements.InvokeMethod.evaluate(InvokeMethod.java:20)
	at org.springframework.test.context.junit4.statements.RunBeforeTestMethodCallbacks.evaluate(RunBeforeTestMethodCallbacks.java:74)
	at org.springframework.test.context.junit4.statements.RunAfterTestMethodCallbacks.evaluate(RunAfterTestMethodCallbacks.java:83)
	at org.springframework.test.context.junit4.statements.SpringRepeat.evaluate(SpringRepeat.java:72)
	at org.springframework.test.context.junit4.SpringJUnit4ClassRunner.runChild(SpringJUnit4ClassRunner.java:231)
	at org.springframework.test.context.junit4.SpringJUnit4ClassRunner.runChild(SpringJUnit4ClassRunner.java:88)
	at org.junit.runners.ParentRunner$3.run(ParentRunner.java:231)
	at org.junit.runners.ParentRunner$1.schedule(ParentRunner.java:60)
	at org.junit.runners.ParentRunner.runChildren(ParentRunner.java:229)
	at org.junit.runners.ParentRunner.access$000(ParentRunner.java:50)
	at org.junit.runners.ParentRunner$2.evaluate(ParentRunner.java:222)
	at org.springframework.test.context.junit4.statements.RunBeforeTestClassCallbacks.evaluate(RunBeforeTestClassCallbacks.java:61)
	at org.springframework.test.context.junit4.statements.RunAfterTestClassCallbacks.evaluate(RunAfterTestClassCallbacks.java:71)
	at org.junit.runners.ParentRunner.run(ParentRunner.java:300)
	at org.springframework.test.context.junit4.SpringJUnit4ClassRunner.run(SpringJUnit4ClassRunner.java:174)
	at org.apache.maven.surefire.junit4.JUnit4Provider.execute(JUnit4Provider.java:236)
	at org.apache.maven.surefire.junit4.JUnit4Provider.executeTestSet(JUnit4Provider.java:134)
	at org.apache.maven.surefire.junit4.JUnit4Provider.invoke(JUnit4Provider.java:113)
	at sun.reflect.NativeMethodAccessorImpl.invoke0(Native Method)
	at sun.reflect.NativeMethodAccessorImpl.invoke(NativeMethodAccessorImpl.java:57)
	at sun.reflect.DelegatingMethodAccessorImpl.invoke(DelegatingMethodAccessorImpl.java:43)
	at java.lang.reflect.Method.invoke(Method.java:606)
	at org.apache.maven.surefire.util.ReflectionUtils.invokeMethodWithArray(ReflectionUtils.java:189)
	at org.apache.maven.surefire.booter.ProviderFactory$ProviderProxy.invoke(ProviderFactory.java:165)
	at org.apache.maven.surefire.booter.ProviderFactory.invokeProvider(ProviderFactory.java:85)
	at org.apache.maven.surefire.booter.ForkedBooter.runSuitesInProcess(ForkedBooter.java:103)
	at org.apache.maven.surefire.booter.ForkedBooter.main(ForkedBooter.java:74)
</failure>
    <system-out>2013-07-13 17:19:38,562 [main] DEBUG org.hibernate.type.BasicTypeRegistry - Adding type registration boolean -&gt; org.hibernate.type.BooleanType@337a0b28
2013-07-13 17:19:38,563 [main] DEBUG org.hibernate.type.BasicTypeRegistry - Adding type registration boolean -&gt; org.hibernate.type.BooleanType@337a0b28
2013-07-13 17:19:38,563 [main] DEBUG org.hibernate.type.BasicTypeRegistry - Adding type registration java.lang.Boolean -&gt; org.hibernate.type.BooleanType@337a0b28
2013-07-13 17:19:38,564 [main] DEBUG org.hibernate.type.BasicTypeRegistry - Adding type registration numeric_boolean -&gt; org.hibernate.type.NumericBooleanType@1dc96741
2013-07-13 17:19:38,565 [main] DEBUG org.hibernate.type.BasicTypeRegistry - Adding type registration true_false -&gt; org.hibernate.type.TrueFalseType@41ce0ff8
2013-07-13 17:19:38,566 [main] DEBUG org.hibernate.type.BasicTypeRegistry - Adding type registration yes_no -&gt; org.hibernate.type.YesNoType@70ce4360
2013-07-13 17:19:38,568 [main] DEBUG org.hibernate.type.BasicTypeRegistry - Adding type registration byte -&gt; org.hibernate.type.ByteType@7272c1c2
2013-07-13 17:19:38,568 [main] DEBUG org.hibernate.type.BasicTypeRegistry - Adding type registration byte -&gt; org.hibernate.type.ByteType@7272c1c2
2013-07-13 17:19:38,568 [main] DEBUG org.hibernate.type.BasicTypeRegistry - Adding type registration java.lang.Byte -&gt; org.hibernate.type.ByteType@7272c1c2
2013-07-13 17:19:38,569 [main] DEBUG org.hibernate.type.BasicTypeRegistry - Adding type registration character -&gt; org.hibernate.type.CharacterType@408a408d
2013-07-13 17:19:38,569 [main] DEBUG org.hibernate.type.BasicTypeRegistry - Adding type registration char -&gt; org.hibernate.type.CharacterType@408a408d
2013-07-13 17:19:38,569 [main] DEBUG org.hibernate.type.BasicTypeRegistry - Adding type registration java.lang.Character -&gt; org.hibernate.type.CharacterType@408a408d
2013-07-13 17:19:38,571 [main] DEBUG org.hibernate.type.BasicTypeRegistry - Adding type registration short -&gt; org.hibernate.type.ShortType@3c0014f3
2013-07-13 17:19:38,571 [main] DEBUG org.hibernate.type.BasicTypeRegistry - Adding type registration short -&gt; org.hibernate.type.ShortType@3c0014f3
2013-07-13 17:19:38,571 [main] DEBUG org.hibernate.type.BasicTypeRegistry - Adding type registration java.lang.Short -&gt; org.hibernate.type.ShortType@3c0014f3
2013-07-13 17:19:38,572 [main] DEBUG org.hibernate.type.BasicTypeRegistry - Adding type registration integer -&gt; org.hibernate.type.IntegerType@580bd4ff
2013-07-13 17:19:38,572 [main] DEBUG org.hibernate.type.BasicTypeRegistry - Adding type registration int -&gt; org.hibernate.type.IntegerType@580bd4ff
2013-07-13 17:19:38,573 [main] DEBUG org.hibernate.type.BasicTypeRegistry - Adding type registration java.lang.Integer -&gt; org.hibernate.type.IntegerType@580bd4ff
2013-07-13 17:19:38,574 [main] DEBUG org.hibernate.type.BasicTypeRegistry - Adding type registration long -&gt; org.hibernate.type.LongType@3064a965
2013-07-13 17:19:38,574 [main] DEBUG org.hibernate.type.BasicTypeRegistry - Adding type registration long -&gt; org.hibernate.type.LongType@3064a965
2013-07-13 17:19:38,574 [main] DEBUG org.hibernate.type.BasicTypeRegistry - Adding type registration java.lang.Long -&gt; org.hibernate.type.LongType@3064a965
2013-07-13 17:19:38,576 [main] DEBUG org.hibernate.type.BasicTypeRegistry - Adding type registration float -&gt; org.hibernate.type.FloatType@595262e7
2013-07-13 17:19:38,576 [main] DEBUG org.hibernate.type.BasicTypeRegistry - Adding type registration float -&gt; org.hibernate.type.FloatType@595262e7
2013-07-13 17:19:38,576 [main] DEBUG org.hibernate.type.BasicTypeRegistry - Adding type registration java.lang.Float -&gt; org.hibernate.type.FloatType@595262e7
2013-07-13 17:19:38,578 [main] DEBUG org.hibernate.type.BasicTypeRegistry - Adding type registration double -&gt; org.hibernate.type.DoubleType@1080e4d6
2013-07-13 17:19:38,578 [main] DEBUG org.hibernate.type.BasicTypeRegistry - Adding type registration double -&gt; org.hibernate.type.DoubleType@1080e4d6
2013-07-13 17:19:38,578 [main] DEBUG org.hibernate.type.BasicTypeRegistry - Adding type registration java.lang.Double -&gt; org.hibernate.type.DoubleType@1080e4d6
2013-07-13 17:19:38,579 [main] DEBUG org.hibernate.type.BasicTypeRegistry - Adding type registration big_decimal -&gt; org.hibernate.type.BigDecimalType@872ebe
2013-07-13 17:19:38,579 [main] DEBUG org.hibernate.type.BasicTypeRegistry - Adding type registration java.math.BigDecimal -&gt; org.hibernate.type.BigDecimalType@872ebe
2013-07-13 17:19:38,580 [main] DEBUG org.hibernate.type.BasicTypeRegistry - Adding type registration big_integer -&gt; org.hibernate.type.BigIntegerType@5ee16306
2013-07-13 17:19:38,581 [main] DEBUG org.hibernate.type.BasicTypeRegistry - Adding type registration java.math.BigInteger -&gt; org.hibernate.type.BigIntegerType@5ee16306
2013-07-13 17:19:38,582 [main] DEBUG org.hibernate.type.BasicTypeRegistry - Adding type registration string -&gt; org.hibernate.type.StringType@39722ed5
2013-07-13 17:19:38,582 [main] DEBUG org.hibernate.type.BasicTypeRegistry - Adding type registration java.lang.String -&gt; org.hibernate.type.StringType@39722ed5
2013-07-13 17:19:38,583 [main] DEBUG org.hibernate.type.BasicTypeRegistry - Adding type registration url -&gt; org.hibernate.type.UrlType@68966724
2013-07-13 17:19:38,583 [main] DEBUG org.hibernate.type.BasicTypeRegistry - Adding type registration java.net.URL -&gt; org.hibernate.type.UrlType@68966724
2013-07-13 17:19:38,585 [main] DEBUG org.hibernate.type.BasicTypeRegistry - Adding type registration date -&gt; org.hibernate.type.DateType@a52c93d
2013-07-13 17:19:38,585 [main] DEBUG org.hibernate.type.BasicTypeRegistry - Adding type registration java.sql.Date -&gt; org.hibernate.type.DateType@a52c93d
2013-07-13 17:19:38,586 [main] DEBUG org.hibernate.type.BasicTypeRegistry - Adding type registration time -&gt; org.hibernate.type.TimeType@7131359
2013-07-13 17:19:38,587 [main] DEBUG org.hibernate.type.BasicTypeRegistry - Adding type registration java.sql.Time -&gt; org.hibernate.type.TimeType@7131359
2013-07-13 17:19:38,588 [main] DEBUG org.hibernate.type.BasicTypeRegistry - Adding type registration timestamp -&gt; org.hibernate.type.TimestampType@1332fa84
2013-07-13 17:19:38,589 [main] DEBUG org.hibernate.type.BasicTypeRegistry - Adding type registration java.sql.Timestamp -&gt; org.hibernate.type.TimestampType@1332fa84
2013-07-13 17:19:38,589 [main] DEBUG org.hibernate.type.BasicTypeRegistry - Adding type registration java.util.Date -&gt; org.hibernate.type.TimestampType@1332fa84
2013-07-13 17:19:38,590 [main] DEBUG org.hibernate.type.BasicTypeRegistry - Adding type registration dbtimestamp -&gt; org.hibernate.type.DbTimestampType@12ac86bb
2013-07-13 17:19:38,592 [main] DEBUG org.hibernate.type.BasicTypeRegistry - Adding type registration calendar -&gt; org.hibernate.type.CalendarType@2a6e248a
2013-07-13 17:19:38,592 [main] DEBUG org.hibernate.type.BasicTypeRegistry - Adding type registration java.util.Calendar -&gt; org.hibernate.type.CalendarType@2a6e248a
2013-07-13 17:19:38,592 [main] DEBUG org.hibernate.type.BasicTypeRegistry - Adding type registration java.util.GregorianCalendar -&gt; org.hibernate.type.CalendarType@2a6e248a
2013-07-13 17:19:38,593 [main] DEBUG org.hibernate.type.BasicTypeRegistry - Adding type registration calendar_date -&gt; org.hibernate.type.CalendarDateType@4cd062fa
2013-07-13 17:19:38,594 [main] DEBUG org.hibernate.type.BasicTypeRegistry - Adding type registration locale -&gt; org.hibernate.type.LocaleType@3b7cb2ef
2013-07-13 17:19:38,595 [main] DEBUG org.hibernate.type.BasicTypeRegistry - Adding type registration java.util.Locale -&gt; org.hibernate.type.LocaleType@3b7cb2ef
2013-07-13 17:19:38,596 [main] DEBUG org.hibernate.type.BasicTypeRegistry - Adding type registration currency -&gt; org.hibernate.type.CurrencyType@479005d8
2013-07-13 17:19:38,596 [main] DEBUG org.hibernate.type.BasicTypeRegistry - Adding type registration java.util.Currency -&gt; org.hibernate.type.CurrencyType@479005d8
2013-07-13 17:19:38,597 [main] DEBUG org.hibernate.type.BasicTypeRegistry - Adding type registration timezone -&gt; org.hibernate.type.TimeZoneType@68de3cea
2013-07-13 17:19:38,598 [main] DEBUG org.hibernate.type.BasicTypeRegistry - Adding type registration java.util.TimeZone -&gt; org.hibernate.type.TimeZoneType@68de3cea
2013-07-13 17:19:38,599 [main] DEBUG org.hibernate.type.BasicTypeRegistry - Adding type registration class -&gt; org.hibernate.type.ClassType@11a7a000
2013-07-13 17:19:38,599 [main] DEBUG org.hibernate.type.BasicTypeRegistry - Adding type registration java.lang.Class -&gt; org.hibernate.type.ClassType@11a7a000
2013-07-13 17:19:38,601 [main] DEBUG org.hibernate.type.BasicTypeRegistry - Adding type registration uuid-binary -&gt; org.hibernate.type.UUIDBinaryType@14e6c243
2013-07-13 17:19:38,601 [main] DEBUG org.hibernate.type.BasicTypeRegistry - Adding type registration java.util.UUID -&gt; org.hibernate.type.UUIDBinaryType@14e6c243
2013-07-13 17:19:38,602 [main] DEBUG org.hibernate.type.BasicTypeRegistry - Adding type registration uuid-char -&gt; org.hibernate.type.UUIDCharType@bfcbfa
2013-07-13 17:19:38,603 [main] DEBUG org.hibernate.type.BasicTypeRegistry - Adding type registration pg-uuid -&gt; org.hibernate.type.PostgresUUIDType@3ac8119
2013-07-13 17:19:38,605 [main] DEBUG org.hibernate.type.BasicTypeRegistry - Adding type registration binary -&gt; org.hibernate.type.BinaryType@61bb0cc0
2013-07-13 17:19:38,605 [main] DEBUG org.hibernate.type.BasicTypeRegistry - Adding type registration byte[] -&gt; org.hibernate.type.BinaryType@61bb0cc0
2013-07-13 17:19:38,605 [main] DEBUG org.hibernate.type.BasicTypeRegistry - Adding type registration [B -&gt; org.hibernate.type.BinaryType@61bb0cc0
2013-07-13 17:19:38,607 [main] DEBUG org.hibernate.type.BasicTypeRegistry - Adding type registration wrapper-binary -&gt; org.hibernate.type.WrapperBinaryType@2f29608e
2013-07-13 17:19:38,607 [main] DEBUG org.hibernate.type.BasicTypeRegistry - Adding type registration Byte[] -&gt; org.hibernate.type.WrapperBinaryType@2f29608e
2013-07-13 17:19:38,607 [main] DEBUG org.hibernate.type.BasicTypeRegistry - Adding type registration [Ljava.lang.Byte; -&gt; org.hibernate.type.WrapperBinaryType@2f29608e
2013-07-13 17:19:38,608 [main] DEBUG org.hibernate.type.BasicTypeRegistry - Adding type registration image -&gt; org.hibernate.type.ImageType@1e2fce9c
2013-07-13 17:19:38,610 [main] DEBUG org.hibernate.type.BasicTypeRegistry - Adding type registration characters -&gt; org.hibernate.type.CharArrayType@78eecf54
2013-07-13 17:19:38,610 [main] DEBUG org.hibernate.type.BasicTypeRegistry - Adding type registration char[] -&gt; org.hibernate.type.CharArrayType@78eecf54
2013-07-13 17:19:38,610 [main] DEBUG org.hibernate.type.BasicTypeRegistry - Adding type registration [C -&gt; org.hibernate.type.CharArrayType@78eecf54
2013-07-13 17:19:38,611 [main] DEBUG org.hibernate.type.BasicTypeRegistry - Adding type registration wrapper-characters -&gt; org.hibernate.type.CharacterArrayType@7d5fec4
2013-07-13 17:19:38,611 [main] DEBUG org.hibernate.type.BasicTypeRegistry - Adding type registration [Ljava.lang.Character; -&gt; org.hibernate.type.CharacterArrayType@7d5fec4
2013-07-13 17:19:38,612 [main] DEBUG org.hibernate.type.BasicTypeRegistry - Adding type registration Character[] -&gt; org.hibernate.type.CharacterArrayType@7d5fec4
2013-07-13 17:19:38,613 [main] DEBUG org.hibernate.type.BasicTypeRegistry - Adding type registration text -&gt; org.hibernate.type.TextType@c3bae40
2013-07-13 17:19:38,628 [main] DEBUG org.hibernate.type.BasicTypeRegistry - Adding type registration blob -&gt; org.hibernate.type.BlobType@1f2495d
2013-07-13 17:19:38,628 [main] DEBUG org.hibernate.type.BasicTypeRegistry - Adding type registration java.sql.Blob -&gt; org.hibernate.type.BlobType@1f2495d
2013-07-13 17:19:38,629 [main] DEBUG org.hibernate.type.BasicTypeRegistry - Adding type registration materialized_blob -&gt; org.hibernate.type.MaterializedBlobType@e2af8bd
2013-07-13 17:19:38,634 [main] DEBUG org.hibernate.type.BasicTypeRegistry - Adding type registration clob -&gt; org.hibernate.type.ClobType@43ba9eea
2013-07-13 17:19:38,634 [main] DEBUG org.hibernate.type.BasicTypeRegistry - Adding type registration java.sql.Clob -&gt; org.hibernate.type.ClobType@43ba9eea
2013-07-13 17:19:38,635 [main] DEBUG org.hibernate.type.BasicTypeRegistry - Adding type registration materialized_clob -&gt; org.hibernate.type.MaterializedClobType@33d6bcb
2013-07-13 17:19:38,637 [main] DEBUG org.hibernate.type.BasicTypeRegistry - Adding type registration serializable -&gt; org.hibernate.type.SerializableType@2caf64a6
2013-07-13 17:19:38,641 [main] DEBUG org.hibernate.type.BasicTypeRegistry - Adding type registration object -&gt; org.hibernate.type.ObjectType@70c70bfd
2013-07-13 17:19:38,641 [main] DEBUG org.hibernate.type.BasicTypeRegistry - Adding type registration java.lang.Object -&gt; org.hibernate.type.ObjectType@70c70bfd
2013-07-13 17:19:38,642 [main] DEBUG org.hibernate.type.BasicTypeRegistry - Adding type registration imm_date -&gt; org.hibernate.type.AdaptedImmutableType@3a8c1f10
2013-07-13 17:19:38,642 [main] DEBUG org.hibernate.type.BasicTypeRegistry - Adding type registration imm_time -&gt; org.hibernate.type.AdaptedImmutableType@454b7177
2013-07-13 17:19:38,642 [main] DEBUG org.hibernate.type.BasicTypeRegistry - Adding type registration imm_timestamp -&gt; org.hibernate.type.AdaptedImmutableType@5c065f2b
2013-07-13 17:19:38,643 [main] DEBUG org.hibernate.type.BasicTypeRegistry - Adding type registration imm_dbtimestamp -&gt; org.hibernate.type.AdaptedImmutableType@26522f40
2013-07-13 17:19:38,643 [main] DEBUG org.hibernate.type.BasicTypeRegistry - Adding type registration imm_calendar -&gt; org.hibernate.type.AdaptedImmutableType@5d9c2667
2013-07-13 17:19:38,643 [main] DEBUG org.hibernate.type.BasicTypeRegistry - Adding type registration imm_calendar_date -&gt; org.hibernate.type.AdaptedImmutableType@369d6434
2013-07-13 17:19:38,643 [main] DEBUG org.hibernate.type.BasicTypeRegistry - Adding type registration imm_binary -&gt; org.hibernate.type.AdaptedImmutableType@171dadef
2013-07-13 17:19:38,643 [main] DEBUG org.hibernate.type.BasicTypeRegistry - Adding type registration imm_serializable -&gt; org.hibernate.type.AdaptedImmutableType@1d8631c4
2013-07-13 17:19:38,663 [main] INFO  org.hibernate.annotations.common.Version - HCANN000001: Hibernate Commons Annotations {4.0.1.Final}
2013-07-13 17:19:38,668 [main] INFO  org.hibernate.Version - HHH000412: Hibernate Core {4.1.8.Final}
2013-07-13 17:19:38,669 [main] INFO  org.hibernate.cfg.Environment - HHH000206: hibernate.properties not found
2013-07-13 17:19:38,671 [main] INFO  org.hibernate.cfg.Environment - HHH000021: Bytecode provider name : javassist
2013-07-13 17:19:38,682 [main] DEBUG org.hibernate.id.factory.internal.DefaultIdentifierGeneratorFactory - Registering IdentifierGenerator strategy [uuid2] -&gt; [org.hibernate.id.UUIDGenerator]
2013-07-13 17:19:38,683 [main] DEBUG org.hibernate.id.factory.internal.DefaultIdentifierGeneratorFactory - Registering IdentifierGenerator strategy [guid] -&gt; [org.hibernate.id.GUIDGenerator]
2013-07-13 17:19:38,684 [main] DEBUG org.hibernate.id.factory.internal.DefaultIdentifierGeneratorFactory - Registering IdentifierGenerator strategy [uuid] -&gt; [org.hibernate.id.UUIDHexGenerator]
2013-07-13 17:19:38,684 [main] DEBUG org.hibernate.id.factory.internal.DefaultIdentifierGeneratorFactory - Registering IdentifierGenerator strategy [uuid.hex] -&gt; [org.hibernate.id.UUIDHexGenerator]
2013-07-13 17:19:38,685 [main] DEBUG org.hibernate.id.factory.internal.DefaultIdentifierGeneratorFactory - Registering IdentifierGenerator strategy [hilo] -&gt; [org.hibernate.id.TableHiLoGenerator]
2013-07-13 17:19:38,685 [main] DEBUG org.hibernate.id.factory.internal.DefaultIdentifierGeneratorFactory - Registering IdentifierGenerator strategy [assigned] -&gt; [org.hibernate.id.Assigned]
2013-07-13 17:19:38,687 [main] DEBUG org.hibernate.id.factory.internal.DefaultIdentifierGeneratorFactory - Registering IdentifierGenerator strategy [identity] -&gt; [org.hibernate.id.IdentityGenerator]
2013-07-13 17:19:38,687 [main] DEBUG org.hibernate.id.factory.internal.DefaultIdentifierGeneratorFactory - Registering IdentifierGenerator strategy [select] -&gt; [org.hibernate.id.SelectGenerator]
2013-07-13 17:19:38,688 [main] DEBUG org.hibernate.id.factory.internal.DefaultIdentifierGeneratorFactory - Registering IdentifierGenerator strategy [sequence] -&gt; [org.hibernate.id.SequenceGenerator]
2013-07-13 17:19:38,688 [main] DEBUG org.hibernate.id.factory.internal.DefaultIdentifierGeneratorFactory - Registering IdentifierGenerator strategy [seqhilo] -&gt; [org.hibernate.id.SequenceHiLoGenerator]
2013-07-13 17:19:38,689 [main] DEBUG org.hibernate.id.factory.internal.DefaultIdentifierGeneratorFactory - Registering IdentifierGenerator strategy [increment] -&gt; [org.hibernate.id.IncrementGenerator]
2013-07-13 17:19:38,689 [main] DEBUG org.hibernate.id.factory.internal.DefaultIdentifierGeneratorFactory - Registering IdentifierGenerator strategy [foreign] -&gt; [org.hibernate.id.ForeignGenerator]
2013-07-13 17:19:38,690 [main] DEBUG org.hibernate.id.factory.internal.DefaultIdentifierGeneratorFactory - Registering IdentifierGenerator strategy [sequence-identity] -&gt; [org.hibernate.id.SequenceIdentityGenerator]
2013-07-13 17:19:38,690 [main] DEBUG org.hibernate.id.factory.internal.DefaultIdentifierGeneratorFactory - Registering IdentifierGenerator strategy [enhanced-sequence] -&gt; [org.hibernate.id.enhanced.SequenceStyleGenerator]
2013-07-13 17:19:38,691 [main] DEBUG org.hibernate.id.factory.internal.DefaultIdentifierGeneratorFactory - Registering IdentifierGenerator strategy [enhanced-table] -&gt; [org.hibernate.id.enhanced.TableGenerator]
2013-07-13 17:19:38,693 [main] DEBUG org.hibernate.type.BasicTypeRegistry - Adding type registration boolean -&gt; org.hibernate.type.BooleanType@337a0b28
2013-07-13 17:19:38,693 [main] DEBUG org.hibernate.type.BasicTypeRegistry - Adding type registration boolean -&gt; org.hibernate.type.BooleanType@337a0b28
2013-07-13 17:19:38,694 [main] DEBUG org.hibernate.type.BasicTypeRegistry - Adding type registration java.lang.Boolean -&gt; org.hibernate.type.BooleanType@337a0b28
2013-07-13 17:19:38,694 [main] DEBUG org.hibernate.type.BasicTypeRegistry - Adding type registration numeric_boolean -&gt; org.hibernate.type.NumericBooleanType@1dc96741
2013-07-13 17:19:38,694 [main] DEBUG org.hibernate.type.BasicTypeRegistry - Adding type registration true_false -&gt; org.hibernate.type.TrueFalseType@41ce0ff8
2013-07-13 17:19:38,694 [main] DEBUG org.hibernate.type.BasicTypeRegistry - Adding type registration yes_no -&gt; org.hibernate.type.YesNoType@70ce4360
2013-07-13 17:19:38,694 [main] DEBUG org.hibernate.type.BasicTypeRegistry - Adding type registration byte -&gt; org.hibernate.type.ByteType@7272c1c2
2013-07-13 17:19:38,694 [main] DEBUG org.hibernate.type.BasicTypeRegistry - Adding type registration byte -&gt; org.hibernate.type.ByteType@7272c1c2
2013-07-13 17:19:38,694 [main] DEBUG org.hibernate.type.BasicTypeRegistry - Adding type registration java.lang.Byte -&gt; org.hibernate.type.ByteType@7272c1c2
2013-07-13 17:19:38,694 [main] DEBUG org.hibernate.type.BasicTypeRegistry - Adding type registration character -&gt; org.hibernate.type.CharacterType@408a408d
2013-07-13 17:19:38,695 [main] DEBUG org.hibernate.type.BasicTypeRegistry - Adding type registration char -&gt; org.hibernate.type.CharacterType@408a408d
2013-07-13 17:19:38,695 [main] DEBUG org.hibernate.type.BasicTypeRegistry - Adding type registration java.lang.Character -&gt; org.hibernate.type.CharacterType@408a408d
2013-07-13 17:19:38,695 [main] DEBUG org.hibernate.type.BasicTypeRegistry - Adding type registration short -&gt; org.hibernate.type.ShortType@3c0014f3
2013-07-13 17:19:38,695 [main] DEBUG org.hibernate.type.BasicTypeRegistry - Adding type registration short -&gt; org.hibernate.type.ShortType@3c0014f3
2013-07-13 17:19:38,695 [main] DEBUG org.hibernate.type.BasicTypeRegistry - Adding type registration java.lang.Short -&gt; org.hibernate.type.ShortType@3c0014f3
2013-07-13 17:19:38,695 [main] DEBUG org.hibernate.type.BasicTypeRegistry - Adding type registration integer -&gt; org.hibernate.type.IntegerType@580bd4ff
2013-07-13 17:19:38,695 [main] DEBUG org.hibernate.type.BasicTypeRegistry - Adding type registration int -&gt; org.hibernate.type.IntegerType@580bd4ff
2013-07-13 17:19:38,695 [main] DEBUG org.hibernate.type.BasicTypeRegistry - Adding type registration java.lang.Integer -&gt; org.hibernate.type.IntegerType@580bd4ff
2013-07-13 17:19:38,695 [main] DEBUG org.hibernate.type.BasicTypeRegistry - Adding type registration long -&gt; org.hibernate.type.LongType@3064a965
2013-07-13 17:19:38,696 [main] DEBUG org.hibernate.type.BasicTypeRegistry - Adding type registration long -&gt; org.hibernate.type.LongType@3064a965
2013-07-13 17:19:38,696 [main] DEBUG org.hibernate.type.BasicTypeRegistry - Adding type registration java.lang.Long -&gt; org.hibernate.type.LongType@3064a965
2013-07-13 17:19:38,696 [main] DEBUG org.hibernate.type.BasicTypeRegistry - Adding type registration float -&gt; org.hibernate.type.FloatType@595262e7
2013-07-13 17:19:38,696 [main] DEBUG org.hibernate.type.BasicTypeRegistry - Adding type registration float -&gt; org.hibernate.type.FloatType@595262e7
2013-07-13 17:19:38,696 [main] DEBUG org.hibernate.type.BasicTypeRegistry - Adding type registration java.lang.Float -&gt; org.hibernate.type.FloatType@595262e7
2013-07-13 17:19:38,696 [main] DEBUG org.hibernate.type.BasicTypeRegistry - Adding type registration double -&gt; org.hibernate.type.DoubleType@1080e4d6
2013-07-13 17:19:38,696 [main] DEBUG org.hibernate.type.BasicTypeRegistry - Adding type registration double -&gt; org.hibernate.type.DoubleType@1080e4d6
2013-07-13 17:19:38,696 [main] DEBUG org.hibernate.type.BasicTypeRegistry - Adding type registration java.lang.Double -&gt; org.hibernate.type.DoubleType@1080e4d6
2013-07-13 17:19:38,697 [main] DEBUG org.hibernate.type.BasicTypeRegistry - Adding type registration big_decimal -&gt; org.hibernate.type.BigDecimalType@872ebe
2013-07-13 17:19:38,697 [main] DEBUG org.hibernate.type.BasicTypeRegistry - Adding type registration java.math.BigDecimal -&gt; org.hibernate.type.BigDecimalType@872ebe
2013-07-13 17:19:38,697 [main] DEBUG org.hibernate.type.BasicTypeRegistry - Adding type registration big_integer -&gt; org.hibernate.type.BigIntegerType@5ee16306
2013-07-13 17:19:38,697 [main] DEBUG org.hibernate.type.BasicTypeRegistry - Adding type registration java.math.BigInteger -&gt; org.hibernate.type.BigIntegerType@5ee16306
2013-07-13 17:19:38,697 [main] DEBUG org.hibernate.type.BasicTypeRegistry - Adding type registration string -&gt; org.hibernate.type.StringType@39722ed5
2013-07-13 17:19:38,697 [main] DEBUG org.hibernate.type.BasicTypeRegistry - Adding type registration java.lang.String -&gt; org.hibernate.type.StringType@39722ed5
2013-07-13 17:19:38,697 [main] DEBUG org.hibernate.type.BasicTypeRegistry - Adding type registration url -&gt; org.hibernate.type.UrlType@68966724
2013-07-13 17:19:38,697 [main] DEBUG org.hibernate.type.BasicTypeRegistry - Adding type registration java.net.URL -&gt; org.hibernate.type.UrlType@68966724
2013-07-13 17:19:38,697 [main] DEBUG org.hibernate.type.BasicTypeRegistry - Adding type registration date -&gt; org.hibernate.type.DateType@a52c93d
2013-07-13 17:19:38,698 [main] DEBUG org.hibernate.type.BasicTypeRegistry - Adding type registration java.sql.Date -&gt; org.hibernate.type.DateType@a52c93d
2013-07-13 17:19:38,698 [main] DEBUG org.hibernate.type.BasicTypeRegistry - Adding type registration time -&gt; org.hibernate.type.TimeType@7131359
2013-07-13 17:19:38,698 [main] DEBUG org.hibernate.type.BasicTypeRegistry - Adding type registration java.sql.Time -&gt; org.hibernate.type.TimeType@7131359
2013-07-13 17:19:38,698 [main] DEBUG org.hibernate.type.BasicTypeRegistry - Adding type registration timestamp -&gt; org.hibernate.type.TimestampType@1332fa84
2013-07-13 17:19:38,698 [main] DEBUG org.hibernate.type.BasicTypeRegistry - Adding type registration java.sql.Timestamp -&gt; org.hibernate.type.TimestampType@1332fa84
2013-07-13 17:19:38,698 [main] DEBUG org.hibernate.type.BasicTypeRegistry - Adding type registration java.util.Date -&gt; org.hibernate.type.TimestampType@1332fa84
2013-07-13 17:19:38,699 [main] DEBUG org.hibernate.type.BasicTypeRegistry - Adding type registration dbtimestamp -&gt; org.hibernate.type.DbTimestampType@12ac86bb
2013-07-13 17:19:38,699 [main] DEBUG org.hibernate.type.BasicTypeRegistry - Adding type registration calendar -&gt; org.hibernate.type.CalendarType@2a6e248a
2013-07-13 17:19:38,699 [main] DEBUG org.hibernate.type.BasicTypeRegistry - Adding type registration java.util.Calendar -&gt; org.hibernate.type.CalendarType@2a6e248a
2013-07-13 17:19:38,699 [main] DEBUG org.hibernate.type.BasicTypeRegistry - Adding type registration java.util.GregorianCalendar -&gt; org.hibernate.type.CalendarType@2a6e248a
2013-07-13 17:19:38,699 [main] DEBUG org.hibernate.type.BasicTypeRegistry - Adding type registration calendar_date -&gt; org.hibernate.type.CalendarDateType@4cd062fa
2013-07-13 17:19:38,699 [main] DEBUG org.hibernate.type.BasicTypeRegistry - Adding type registration locale -&gt; org.hibernate.type.LocaleType@3b7cb2ef
2013-07-13 17:19:38,700 [main] DEBUG org.hibernate.type.BasicTypeRegistry - Adding type registration java.util.Locale -&gt; org.hibernate.type.LocaleType@3b7cb2ef
2013-07-13 17:19:38,700 [main] DEBUG org.hibernate.type.BasicTypeRegistry - Adding type registration currency -&gt; org.hibernate.type.CurrencyType@479005d8
2013-07-13 17:19:38,700 [main] DEBUG org.hibernate.type.BasicTypeRegistry - Adding type registration java.util.Currency -&gt; org.hibernate.type.CurrencyType@479005d8
2013-07-13 17:19:38,700 [main] DEBUG org.hibernate.type.BasicTypeRegistry - Adding type registration timezone -&gt; org.hibernate.type.TimeZoneType@68de3cea
2013-07-13 17:19:38,700 [main] DEBUG org.hibernate.type.BasicTypeRegistry - Adding type registration java.util.TimeZone -&gt; org.hibernate.type.TimeZoneType@68de3cea
2013-07-13 17:19:38,700 [main] DEBUG org.hibernate.type.BasicTypeRegistry - Adding type registration class -&gt; org.hibernate.type.ClassType@11a7a000
2013-07-13 17:19:38,701 [main] DEBUG org.hibernate.type.BasicTypeRegistry - Adding type registration java.lang.Class -&gt; org.hibernate.type.ClassType@11a7a000
2013-07-13 17:19:38,701 [main] DEBUG org.hibernate.type.BasicTypeRegistry - Adding type registration uuid-binary -&gt; org.hibernate.type.UUIDBinaryType@14e6c243
2013-07-13 17:19:38,701 [main] DEBUG org.hibernate.type.BasicTypeRegistry - Adding type registration java.util.UUID -&gt; org.hibernate.type.UUIDBinaryType@14e6c243
2013-07-13 17:19:38,701 [main] DEBUG org.hibernate.type.BasicTypeRegistry - Adding type registration uuid-char -&gt; org.hibernate.type.UUIDCharType@bfcbfa
2013-07-13 17:19:38,701 [main] DEBUG org.hibernate.type.BasicTypeRegistry - Adding type registration pg-uuid -&gt; org.hibernate.type.PostgresUUIDType@3ac8119
2013-07-13 17:19:38,701 [main] DEBUG org.hibernate.type.BasicTypeRegistry - Adding type registration binary -&gt; org.hibernate.type.BinaryType@61bb0cc0
2013-07-13 17:19:38,702 [main] DEBUG org.hibernate.type.BasicTypeRegistry - Adding type registration byte[] -&gt; org.hibernate.type.BinaryType@61bb0cc0
2013-07-13 17:19:38,702 [main] DEBUG org.hibernate.type.BasicTypeRegistry - Adding type registration [B -&gt; org.hibernate.type.BinaryType@61bb0cc0
2013-07-13 17:19:38,702 [main] DEBUG org.hibernate.type.BasicTypeRegistry - Adding type registration wrapper-binary -&gt; org.hibernate.type.WrapperBinaryType@2f29608e
2013-07-13 17:19:38,702 [main] DEBUG org.hibernate.type.BasicTypeRegistry - Adding type registration Byte[] -&gt; org.hibernate.type.WrapperBinaryType@2f29608e
2013-07-13 17:19:38,702 [main] DEBUG org.hibernate.type.BasicTypeRegistry - Adding type registration [Ljava.lang.Byte; -&gt; org.hibernate.type.WrapperBinaryType@2f29608e
2013-07-13 17:19:38,702 [main] DEBUG org.hibernate.type.BasicTypeRegistry - Adding type registration image -&gt; org.hibernate.type.ImageType@1e2fce9c
2013-07-13 17:19:38,703 [main] DEBUG org.hibernate.type.BasicTypeRegistry - Adding type registration characters -&gt; org.hibernate.type.CharArrayType@78eecf54
2013-07-13 17:19:38,703 [main] DEBUG org.hibernate.type.BasicTypeRegistry - Adding type registration char[] -&gt; org.hibernate.type.CharArrayType@78eecf54
2013-07-13 17:19:38,703 [main] DEBUG org.hibernate.type.BasicTypeRegistry - Adding type registration [C -&gt; org.hibernate.type.CharArrayType@78eecf54
2013-07-13 17:19:38,703 [main] DEBUG org.hibernate.type.BasicTypeRegistry - Adding type registration wrapper-characters -&gt; org.hibernate.type.CharacterArrayType@7d5fec4
2013-07-13 17:19:38,703 [main] DEBUG org.hibernate.type.BasicTypeRegistry - Adding type registration [Ljava.lang.Character; -&gt; org.hibernate.type.CharacterArrayType@7d5fec4
2013-07-13 17:19:38,703 [main] DEBUG org.hibernate.type.BasicTypeRegistry - Adding type registration Character[] -&gt; org.hibernate.type.CharacterArrayType@7d5fec4
2013-07-13 17:19:38,703 [main] DEBUG org.hibernate.type.BasicTypeRegistry - Adding type registration text -&gt; org.hibernate.type.TextType@c3bae40
2013-07-13 17:19:38,704 [main] DEBUG org.hibernate.type.BasicTypeRegistry - Adding type registration blob -&gt; org.hibernate.type.BlobType@1f2495d
2013-07-13 17:19:38,704 [main] DEBUG org.hibernate.type.BasicTypeRegistry - Adding type registration java.sql.Blob -&gt; org.hibernate.type.BlobType@1f2495d
2013-07-13 17:19:38,704 [main] DEBUG org.hibernate.type.BasicTypeRegistry - Adding type registration materialized_blob -&gt; org.hibernate.type.MaterializedBlobType@e2af8bd
2013-07-13 17:19:38,704 [main] DEBUG org.hibernate.type.BasicTypeRegistry - Adding type registration clob -&gt; org.hibernate.type.ClobType@43ba9eea
2013-07-13 17:19:38,704 [main] DEBUG org.hibernate.type.BasicTypeRegistry - Adding type registration java.sql.Clob -&gt; org.hibernate.type.ClobType@43ba9eea
2013-07-13 17:19:38,704 [main] DEBUG org.hibernate.type.BasicTypeRegistry - Adding type registration materialized_clob -&gt; org.hibernate.type.MaterializedClobType@33d6bcb
2013-07-13 17:19:38,704 [main] DEBUG org.hibernate.type.BasicTypeRegistry - Adding type registration serializable -&gt; org.hibernate.type.SerializableType@2caf64a6
2013-07-13 17:19:38,705 [main] DEBUG org.hibernate.type.BasicTypeRegistry - Adding type registration object -&gt; org.hibernate.type.ObjectType@70c70bfd
2013-07-13 17:19:38,705 [main] DEBUG org.hibernate.type.BasicTypeRegistry - Adding type registration java.lang.Object -&gt; org.hibernate.type.ObjectType@70c70bfd
2013-07-13 17:19:38,705 [main] DEBUG org.hibernate.type.BasicTypeRegistry - Adding type registration imm_date -&gt; org.hibernate.type.AdaptedImmutableType@248639cf
2013-07-13 17:19:38,705 [main] DEBUG org.hibernate.type.BasicTypeRegistry - Adding type registration imm_time -&gt; org.hibernate.type.AdaptedImmutableType@683d57c4
2013-07-13 17:19:38,705 [main] DEBUG org.hibernate.type.BasicTypeRegistry - Adding type registration imm_timestamp -&gt; org.hibernate.type.AdaptedImmutableType@134d3a53
2013-07-13 17:19:38,705 [main] DEBUG org.hibernate.type.BasicTypeRegistry - Adding type registration imm_dbtimestamp -&gt; org.hibernate.type.AdaptedImmutableType@3330290b
2013-07-13 17:19:38,705 [main] DEBUG org.hibernate.type.BasicTypeRegistry - Adding type registration imm_calendar -&gt; org.hibernate.type.AdaptedImmutableType@1ed6ab6e
2013-07-13 17:19:38,706 [main] DEBUG org.hibernate.type.BasicTypeRegistry - Adding type registration imm_calendar_date -&gt; org.hibernate.type.AdaptedImmutableType@1f90d293
2013-07-13 17:19:38,706 [main] DEBUG org.hibernate.type.BasicTypeRegistry - Adding type registration imm_binary -&gt; org.hibernate.type.AdaptedImmutableType@5cf0c115
2013-07-13 17:19:38,706 [main] DEBUG org.hibernate.type.BasicTypeRegistry - Adding type registration imm_serializable -&gt; org.hibernate.type.AdaptedImmutableType@4214795e
2013-07-13 17:19:38,706 [main] DEBUG org.hibernate.id.factory.internal.DefaultIdentifierGeneratorFactory - Registering IdentifierGenerator strategy [uuid2] -&gt; [org.hibernate.id.UUIDGenerator]
2013-07-13 17:19:38,706 [main] DEBUG org.hibernate.id.factory.internal.DefaultIdentifierGeneratorFactory - Registering IdentifierGenerator strategy [guid] -&gt; [org.hibernate.id.GUIDGenerator]
2013-07-13 17:19:38,706 [main] DEBUG org.hibernate.id.factory.internal.DefaultIdentifierGeneratorFactory - Registering IdentifierGenerator strategy [uuid] -&gt; [org.hibernate.id.UUIDHexGenerator]
2013-07-13 17:19:38,707 [main] DEBUG org.hibernate.id.factory.internal.DefaultIdentifierGeneratorFactory - Registering IdentifierGenerator strategy [uuid.hex] -&gt; [org.hibernate.id.UUIDHexGenerator]
2013-07-13 17:19:38,707 [main] DEBUG org.hibernate.id.factory.internal.DefaultIdentifierGeneratorFactory - Registering IdentifierGenerator strategy [hilo] -&gt; [org.hibernate.id.TableHiLoGenerator]
2013-07-13 17:19:38,707 [main] DEBUG org.hibernate.id.factory.internal.DefaultIdentifierGeneratorFactory - Registering IdentifierGenerator strategy [assigned] -&gt; [org.hibernate.id.Assigned]
2013-07-13 17:19:38,707 [main] DEBUG org.hibernate.id.factory.internal.DefaultIdentifierGeneratorFactory - Registering IdentifierGenerator strategy [identity] -&gt; [org.hibernate.id.IdentityGenerator]
2013-07-13 17:19:38,707 [main] DEBUG org.hibernate.id.factory.internal.DefaultIdentifierGeneratorFactory - Registering IdentifierGenerator strategy [select] -&gt; [org.hibernate.id.SelectGenerator]
2013-07-13 17:19:38,707 [main] DEBUG org.hibernate.id.factory.internal.DefaultIdentifierGeneratorFactory - Registering IdentifierGenerator strategy [sequence] -&gt; [org.hibernate.id.SequenceGenerator]
2013-07-13 17:19:38,708 [main] DEBUG org.hibernate.id.factory.internal.DefaultIdentifierGeneratorFactory - Registering IdentifierGenerator strategy [seqhilo] -&gt; [org.hibernate.id.SequenceHiLoGenerator]
2013-07-13 17:19:38,708 [main] DEBUG org.hibernate.id.factory.internal.DefaultIdentifierGeneratorFactory - Registering IdentifierGenerator strategy [increment] -&gt; [org.hibernate.id.IncrementGenerator]
2013-07-13 17:19:38,708 [main] DEBUG org.hibernate.id.factory.internal.DefaultIdentifierGeneratorFactory - Registering IdentifierGenerator strategy [foreign] -&gt; [org.hibernate.id.ForeignGenerator]
2013-07-13 17:19:38,708 [main] DEBUG org.hibernate.id.factory.internal.DefaultIdentifierGeneratorFactory - Registering IdentifierGenerator strategy [sequence-identity] -&gt; [org.hibernate.id.SequenceIdentityGenerator]
2013-07-13 17:19:38,708 [main] DEBUG org.hibernate.id.factory.internal.DefaultIdentifierGeneratorFactory - Registering IdentifierGenerator strategy [enhanced-sequence] -&gt; [org.hibernate.id.enhanced.SequenceStyleGenerator]
2013-07-13 17:19:38,708 [main] DEBUG org.hibernate.id.factory.internal.DefaultIdentifierGeneratorFactory - Registering IdentifierGenerator strategy [enhanced-table] -&gt; [org.hibernate.id.enhanced.TableGenerator]
2013-07-13 17:19:38,710 [main] DEBUG org.hibernate.ejb.Ejb3Configuration - Processing PersistenceUnitInfo [
	name: persistenceUnit
	persistence provider classname: org.hibernate.ejb.HibernatePersistence
	classloader: sun.misc.Launcher$AppClassLoader@7e820d53
	Temporary classloader: org.springframework.instrument.classloading.SimpleThrowawayClassLoader@38981d47
	excludeUnlistedClasses: false
	JTA datasource: null
	Non JTA datasource: org.apache.commons.dbcp.BasicDataSource@aaa3d58
	Transaction type: RESOURCE_LOCAL
	PU root URL: file:/media/hybrid/workspace/meme_gen/mgs_v1/target/classes
	Shared Cache Mode: UNSPECIFIED
	Validation Mode: AUTO
	Jar files URLs []
	Managed classes names []
	Mapping files names []
	Properties [
		hibernate.connection.driver_class: com.mysql.jdbc.Driver
		hibernate.default_schema: mgsdbv1
		c3p0.min_size: 3
		hibernate.dialect: org.hibernate.dialect.MySQL5InnoDBDialect
		c3p0.timeout: 1800
		hibernate.ejb.naming_strategy: org.hibernate.cfg.ImprovedNamingStrategy
		hibernate.hbm2ddl.auto: create
		c3p0.max_size: 5
		hibernate.connection.charSet: UTF-8]
2013-07-13 17:19:38,712 [main] DEBUG org.hibernate.ejb.Ejb3Configuration - Detect class: true; detect hbm: true
2013-07-13 17:19:38,712 [main] DEBUG org.hibernate.ejb.Ejb3Configuration - Detect class: true; detect hbm: true
2013-07-13 17:19:38,720 [main] DEBUG org.hibernate.ejb.packaging.AbstractJarVisitor - Searching mapped entities in jar/par: file:/media/hybrid/workspace/meme_gen/mgs_v1/target/classes
2013-07-13 17:19:38,720 [main] DEBUG org.hibernate.ejb.packaging.AbstractJarVisitor - Filtering: com.eastapps.mgs.model.CrawlerBackground
2013-07-13 17:19:38,755 [main] DEBUG org.hibernate.ejb.packaging.AbstractJarVisitor - Java element filter matched for com.eastapps.mgs.model.CrawlerBackground
2013-07-13 17:19:38,756 [main] DEBUG org.hibernate.ejb.packaging.AbstractJarVisitor - Filtering: com.eastapps.mgs.model.MemeBackground
2013-07-13 17:19:38,759 [main] DEBUG org.hibernate.ejb.packaging.AbstractJarVisitor - Java element filter matched for com.eastapps.mgs.model.MemeBackground
2013-07-13 17:19:38,760 [main] DEBUG org.hibernate.ejb.packaging.AbstractJarVisitor - Filtering: com.eastapps.mgs.model.MemeUser
2013-07-13 17:19:38,764 [main] DEBUG org.hibernate.ejb.packaging.AbstractJarVisitor - Java element filter matched for com.eastapps.mgs.model.MemeUser
2013-07-13 17:19:38,764 [main] DEBUG org.hibernate.ejb.packaging.AbstractJarVisitor - Filtering: com.eastapps.mgs.model.MemeText
2013-07-13 17:19:38,768 [main] DEBUG org.hibernate.ejb.packaging.AbstractJarVisitor - Java element filter matched for com.eastapps.mgs.model.MemeText
2013-07-13 17:19:38,768 [main] DEBUG org.hibernate.ejb.packaging.AbstractJarVisitor - Filtering: com.eastapps.mgs.model.DeviceInfo
2013-07-13 17:19:38,772 [main] DEBUG org.hibernate.ejb.packaging.AbstractJarVisitor - Java element filter matched for com.eastapps.mgs.model.DeviceInfo
2013-07-13 17:19:38,772 [main] DEBUG org.hibernate.ejb.packaging.AbstractJarVisitor - Filtering: com.eastapps.mgs.model.CrawlerMeme
2013-07-13 17:19:38,776 [main] DEBUG org.hibernate.ejb.packaging.AbstractJarVisitor - Java element filter matched for com.eastapps.mgs.model.CrawlerMeme
2013-07-13 17:19:38,776 [main] DEBUG org.hibernate.ejb.packaging.AbstractJarVisitor - Filtering: com.eastapps.mgs.model.SampleMeme
2013-07-13 17:19:38,778 [main] DEBUG org.hibernate.ejb.packaging.AbstractJarVisitor - Java element filter matched for com.eastapps.mgs.model.SampleMeme
2013-07-13 17:19:38,779 [main] DEBUG org.hibernate.ejb.packaging.AbstractJarVisitor - Filtering: com.eastapps.mgs.model.Meme
2013-07-13 17:19:38,781 [main] DEBUG org.hibernate.ejb.packaging.AbstractJarVisitor - Java element filter matched for com.eastapps.mgs.model.Meme
2013-07-13 17:19:38,782 [main] DEBUG org.hibernate.ejb.packaging.AbstractJarVisitor - Filtering: com.eastapps.mgs.web.SampleMemeController
2013-07-13 17:19:38,784 [main] DEBUG org.hibernate.ejb.packaging.AbstractJarVisitor - Filtering: com.eastapps.mgs.web.ApplicationConversionServiceFactoryBean$7
2013-07-13 17:19:38,785 [main] DEBUG org.hibernate.ejb.packaging.AbstractJarVisitor - Filtering: com.eastapps.mgs.web.ApplicationConversionServiceFactoryBean$18
2013-07-13 17:19:38,786 [main] DEBUG org.hibernate.ejb.packaging.AbstractJarVisitor - Filtering: com.eastapps.mgs.web.MemeController
2013-07-13 17:19:38,787 [main] DEBUG org.hibernate.ejb.packaging.AbstractJarVisitor - Filtering: com.eastapps.mgs.web.ApplicationConversionServiceFactoryBean$15
2013-07-13 17:19:38,787 [main] DEBUG org.hibernate.ejb.packaging.AbstractJarVisitor - Filtering: com.eastapps.mgs.web.MemeTextController
2013-07-13 17:19:38,788 [main] DEBUG org.hibernate.ejb.packaging.AbstractJarVisitor - Filtering: com.eastapps.mgs.web.ApplicationConversionServiceFactoryBean$1
2013-07-13 17:19:38,789 [main] DEBUG org.hibernate.ejb.packaging.AbstractJarVisitor - Filtering: com.eastapps.mgs.web.ApplicationConversionServiceFactoryBean$13
2013-07-13 17:19:38,789 [main] DEBUG org.hibernate.ejb.packaging.AbstractJarVisitor - Filtering: com.eastapps.mgs.web.ApplicationConversionServiceFactoryBean$6
2013-07-13 17:19:38,789 [main] DEBUG org.hibernate.ejb.packaging.AbstractJarVisitor - Filtering: com.eastapps.mgs.web.ApplicationConversionServiceFactoryBean$23
2013-07-13 17:19:38,790 [main] DEBUG org.hibernate.ejb.packaging.AbstractJarVisitor - Filtering: com.eastapps.mgs.web.ApplicationConversionServiceFactoryBean$8
2013-07-13 17:19:38,790 [main] DEBUG org.hibernate.ejb.packaging.AbstractJarVisitor - Filtering: com.eastapps.mgs.web.ApplicationConversionServiceFactoryBean$9
2013-07-13 17:19:38,790 [main] DEBUG org.hibernate.ejb.packaging.AbstractJarVisitor - Filtering: com.eastapps.mgs.web.ApplicationConversionServiceFactoryBean$12
2013-07-13 17:19:38,791 [main] DEBUG org.hibernate.ejb.packaging.AbstractJarVisitor - Filtering: com.eastapps.mgs.web.ApplicationConversionServiceFactoryBean$24
2013-07-13 17:19:38,791 [main] DEBUG org.hibernate.ejb.packaging.AbstractJarVisitor - Filtering: com.eastapps.mgs.web.CrawlerBackgroundController
2013-07-13 17:19:38,792 [main] DEBUG org.hibernate.ejb.packaging.AbstractJarVisitor - Filtering: com.eastapps.mgs.web.ApplicationConversionServiceFactoryBean$17
2013-07-13 17:19:38,792 [main] DEBUG org.hibernate.ejb.packaging.AbstractJarVisitor - Filtering: com.eastapps.mgs.web.ApplicationConversionServiceFactoryBean$16
2013-07-13 17:19:38,793 [main] DEBUG org.hibernate.ejb.packaging.AbstractJarVisitor - Filtering: com.eastapps.mgs.web.ApplicationConversionServiceFactoryBean$5
2013-07-13 17:19:38,793 [main] DEBUG org.hibernate.ejb.packaging.AbstractJarVisitor - Filtering: com.eastapps.mgs.web.ApplicationConversionServiceFactoryBean$11
2013-07-13 17:19:38,793 [main] DEBUG org.hibernate.ejb.packaging.AbstractJarVisitor - Filtering: com.eastapps.mgs.web.ApplicationConversionServiceFactoryBean$4
2013-07-13 17:19:38,794 [main] DEBUG org.hibernate.ejb.packaging.AbstractJarVisitor - Filtering: com.eastapps.mgs.web.ApplicationConversionServiceFactoryBean$14
2013-07-13 17:19:38,794 [main] DEBUG org.hibernate.ejb.packaging.AbstractJarVisitor - Filtering: com.eastapps.mgs.web.ApplicationConversionServiceFactoryBean$22
2013-07-13 17:19:38,794 [main] DEBUG org.hibernate.ejb.packaging.AbstractJarVisitor - Filtering: com.eastapps.mgs.web.ApplicationConversionServiceFactoryBean$20
2013-07-13 17:19:38,795 [main] DEBUG org.hibernate.ejb.packaging.AbstractJarVisitor - Filtering: com.eastapps.mgs.web.ApplicationConversionServiceFactoryBean$3
2013-07-13 17:19:38,795 [main] DEBUG org.hibernate.ejb.packaging.AbstractJarVisitor - Filtering: com.eastapps.mgs.web.ApplicationConversionServiceFactoryBean$10
2013-07-13 17:19:38,795 [main] DEBUG org.hibernate.ejb.packaging.AbstractJarVisitor - Filtering: com.eastapps.mgs.web.ApplicationConversionServiceFactoryBean$21
2013-07-13 17:19:38,796 [main] DEBUG org.hibernate.ejb.packaging.AbstractJarVisitor - Filtering: com.eastapps.mgs.web.ApplicationConversionServiceFactoryBean
2013-07-13 17:19:38,797 [main] DEBUG org.hibernate.ejb.packaging.AbstractJarVisitor - Filtering: com.eastapps.mgs.web.ApplicationConversionServiceFactoryBean$19
2013-07-13 17:19:38,798 [main] DEBUG org.hibernate.ejb.packaging.AbstractJarVisitor - Filtering: com.eastapps.mgs.web.DeviceInfoController
2013-07-13 17:19:38,798 [main] DEBUG org.hibernate.ejb.packaging.AbstractJarVisitor - Filtering: com.eastapps.mgs.web.ApplicationConversionServiceFactoryBean$2
2013-07-13 17:19:38,799 [main] DEBUG org.hibernate.ejb.packaging.AbstractJarVisitor - Filtering: com.eastapps.mgs.web.MemeBackgroundController
2013-07-13 17:19:38,800 [main] DEBUG org.hibernate.ejb.packaging.AbstractJarVisitor - Filtering: com.eastapps.mgs.web.MemeUserController
2013-07-13 17:19:38,801 [main] DEBUG org.hibernate.ejb.packaging.AbstractJarVisitor - Filtering: com.eastapps.mgs.web.CrawlerMemeController
2013-07-13 17:19:38,802 [main] DEBUG org.hibernate.ejb.packaging.AbstractJarVisitor - Filtering: com.eastapps.meme_gen_server.service.IMemeFileReader
2013-07-13 17:19:38,802 [main] DEBUG org.hibernate.ejb.packaging.AbstractJarVisitor - Filtering: com.eastapps.meme_gen_server.service.UrlFileReader
2013-07-13 17:19:38,803 [main] DEBUG org.hibernate.ejb.packaging.AbstractJarVisitor - Filtering: com.eastapps.meme_gen_server.service.LocalFileReader
2013-07-13 17:19:38,803 [main] DEBUG org.hibernate.ejb.packaging.AbstractJarVisitor - Filtering: com.eastapps.meme_gen_server.service.MemeService
2013-07-13 17:19:38,804 [main] DEBUG org.hibernate.ejb.packaging.AbstractJarVisitor - Filtering: com.eastapps.meme_gen_server.util.Util
2013-07-13 17:19:38,804 [main] DEBUG org.hibernate.ejb.packaging.AbstractJarVisitor - Filtering: com.eastapps.meme_gen_server.constants.Constants
2013-07-13 17:19:38,828 [main] DEBUG org.hibernate.integrator.internal.IntegratorServiceImpl - Adding Integrator [org.hibernate.cfg.beanvalidation.BeanValidationIntegrator].
2013-07-13 17:19:38,828 [main] DEBUG org.hibernate.integrator.internal.IntegratorServiceImpl - Adding Integrator [org.hibernate.ejb.event.JpaIntegrator].
2013-07-13 17:19:38,848 [main] DEBUG org.hibernate.ejb.util.NamingHelper - No JNDI name configured for binding Ejb3Configuration
2013-07-13 17:19:38,858 [main] DEBUG org.hibernate.cfg.Configuration - Preparing to build session factory with filters : {}
2013-07-13 17:19:38,858 [main] TRACE org.hibernate.cfg.Configuration - Starting secondPassCompile() processing
2013-07-13 17:19:38,881 [main] DEBUG org.hibernate.cfg.Configuration - Processing hbm.xml files
2013-07-13 17:19:38,881 [main] DEBUG org.hibernate.cfg.Configuration - Process annotated classes
2013-07-13 17:19:38,885 [main] DEBUG org.hibernate.cfg.AnnotationBinder - Binding entity from annotated class: com.eastapps.mgs.model.CrawlerMeme
2013-07-13 17:19:38,906 [main] DEBUG org.hibernate.cfg.Ejb3Column - Binding column: Ejb3DiscriminatorColumn{logicalColumnName&apos;DTYPE&apos;, discriminatorTypeName=&apos;string&apos;}
2013-07-13 17:19:38,913 [main] DEBUG org.hibernate.cfg.annotations.EntityBinder - Import with entity name CrawlerMeme
2013-07-13 17:19:38,917 [main] DEBUG org.hibernate.cfg.annotations.EntityBinder - Bind entity com.eastapps.mgs.model.CrawlerMeme on table crawler_meme
2013-07-13 17:19:38,943 [main] TRACE org.hibernate.cfg.AnnotationBinder - Processing annotations of com.eastapps.mgs.model.CrawlerMeme.id
2013-07-13 17:19:38,946 [main] DEBUG org.hibernate.cfg.Ejb3Column - Binding column: Ejb3Column{table=org.hibernate.mapping.Table(crawler_meme), mappingColumn=id, insertable=true, updatable=true, unique=false}
2013-07-13 17:19:38,950 [main] DEBUG org.hibernate.cfg.annotations.PropertyBinder - MetadataSourceProcessor property id with lazy=false
2013-07-13 17:19:38,953 [main] DEBUG org.hibernate.cfg.annotations.SimpleValueBinder - building SimpleValue for id
2013-07-13 17:19:38,954 [main] DEBUG org.hibernate.cfg.annotations.PropertyBinder - Building property id
2013-07-13 17:19:38,957 [main] TRACE org.hibernate.cfg.annotations.PropertyBinder - Cascading id with null
2013-07-13 17:19:38,957 [main] TRACE org.hibernate.cfg.AnnotationBinder - Bind @Id on id
2013-07-13 17:19:38,958 [main] TRACE org.hibernate.cfg.AnnotationBinder - Processing annotations of com.eastapps.mgs.model.CrawlerMeme.bottomText
2013-07-13 17:19:38,958 [main] DEBUG org.hibernate.cfg.Ejb3Column - Binding column: Ejb3Column{table=org.hibernate.mapping.Table(crawler_meme), mappingColumn=bottom_text, insertable=true, updatable=true, unique=false}
2013-07-13 17:19:38,959 [main] DEBUG org.hibernate.cfg.annotations.PropertyBinder - MetadataSourceProcessor property bottomText with lazy=false
2013-07-13 17:19:38,959 [main] DEBUG org.hibernate.cfg.annotations.SimpleValueBinder - building SimpleValue for bottomText
2013-07-13 17:19:38,959 [main] DEBUG org.hibernate.cfg.annotations.PropertyBinder - Building property bottomText
2013-07-13 17:19:38,959 [main] TRACE org.hibernate.cfg.annotations.PropertyBinder - Cascading bottomText with null
2013-07-13 17:19:38,959 [main] TRACE org.hibernate.cfg.AnnotationBinder - Processing annotations of com.eastapps.mgs.model.CrawlerMeme.name
2013-07-13 17:19:38,959 [main] DEBUG org.hibernate.cfg.Ejb3Column - Binding column: Ejb3Column{table=org.hibernate.mapping.Table(crawler_meme), mappingColumn=name, insertable=true, updatable=true, unique=false}
2013-07-13 17:19:38,960 [main] DEBUG org.hibernate.cfg.annotations.PropertyBinder - MetadataSourceProcessor property name with lazy=false
2013-07-13 17:19:38,960 [main] DEBUG org.hibernate.cfg.annotations.SimpleValueBinder - building SimpleValue for name
2013-07-13 17:19:38,960 [main] DEBUG org.hibernate.cfg.annotations.PropertyBinder - Building property name
2013-07-13 17:19:38,960 [main] TRACE org.hibernate.cfg.annotations.PropertyBinder - Cascading name with null
2013-07-13 17:19:38,960 [main] TRACE org.hibernate.cfg.AnnotationBinder - Processing annotations of com.eastapps.mgs.model.CrawlerMeme.topText
2013-07-13 17:19:38,960 [main] DEBUG org.hibernate.cfg.Ejb3Column - Binding column: Ejb3Column{table=org.hibernate.mapping.Table(crawler_meme), mappingColumn=top_text, insertable=true, updatable=true, unique=false}
2013-07-13 17:19:38,960 [main] DEBUG org.hibernate.cfg.annotations.PropertyBinder - MetadataSourceProcessor property topText with lazy=false
2013-07-13 17:19:38,961 [main] DEBUG org.hibernate.cfg.annotations.SimpleValueBinder - building SimpleValue for topText
2013-07-13 17:19:38,961 [main] DEBUG org.hibernate.cfg.annotations.PropertyBinder - Building property topText
2013-07-13 17:19:38,961 [main] TRACE org.hibernate.cfg.annotations.PropertyBinder - Cascading topText with null
2013-07-13 17:19:38,961 [main] TRACE org.hibernate.cfg.AnnotationBinder - Processing annotations of com.eastapps.mgs.model.CrawlerMeme.version
2013-07-13 17:19:38,961 [main] DEBUG org.hibernate.cfg.Ejb3Column - Binding column: Ejb3Column{table=org.hibernate.mapping.Table(crawler_meme), mappingColumn=version, insertable=true, updatable=true, unique=false}
2013-07-13 17:19:38,961 [main] TRACE org.hibernate.cfg.AnnotationBinder - version is a version property
2013-07-13 17:19:38,961 [main] DEBUG org.hibernate.cfg.annotations.PropertyBinder - MetadataSourceProcessor property version with lazy=false
2013-07-13 17:19:38,961 [main] DEBUG org.hibernate.cfg.annotations.SimpleValueBinder - building SimpleValue for version
2013-07-13 17:19:38,962 [main] DEBUG org.hibernate.cfg.annotations.PropertyBinder - Building property version
2013-07-13 17:19:38,962 [main] TRACE org.hibernate.cfg.annotations.PropertyBinder - Cascading version with null
2013-07-13 17:19:38,962 [main] TRACE org.hibernate.cfg.AnnotationBinder - Version name: version, unsavedValue: undefined
2013-07-13 17:19:38,964 [main] DEBUG org.hibernate.cfg.AnnotationBinder - Binding entity from annotated class: com.eastapps.mgs.model.MemeUser
2013-07-13 17:19:38,964 [main] DEBUG org.hibernate.cfg.Ejb3Column - Binding column: Ejb3DiscriminatorColumn{logicalColumnName&apos;DTYPE&apos;, discriminatorTypeName=&apos;string&apos;}
2013-07-13 17:19:38,964 [main] DEBUG org.hibernate.cfg.annotations.EntityBinder - Import with entity name MemeUser
2013-07-13 17:19:38,964 [main] DEBUG org.hibernate.cfg.annotations.EntityBinder - Bind entity com.eastapps.mgs.model.MemeUser on table meme_user
2013-07-13 17:19:38,971 [main] TRACE org.hibernate.cfg.AnnotationBinder - Processing annotations of com.eastapps.mgs.model.MemeUser.id
2013-07-13 17:19:38,972 [main] DEBUG org.hibernate.cfg.Ejb3Column - Binding column: Ejb3Column{table=org.hibernate.mapping.Table(meme_user), mappingColumn=id, insertable=true, updatable=true, unique=false}
2013-07-13 17:19:38,972 [main] DEBUG org.hibernate.cfg.annotations.PropertyBinder - MetadataSourceProcessor property id with lazy=false
2013-07-13 17:19:38,972 [main] DEBUG org.hibernate.cfg.annotations.SimpleValueBinder - building SimpleValue for id
2013-07-13 17:19:38,972 [main] DEBUG org.hibernate.cfg.annotations.PropertyBinder - Building property id
2013-07-13 17:19:38,972 [main] TRACE org.hibernate.cfg.annotations.PropertyBinder - Cascading id with null
2013-07-13 17:19:38,972 [main] TRACE org.hibernate.cfg.AnnotationBinder - Bind @Id on id
2013-07-13 17:19:38,973 [main] TRACE org.hibernate.cfg.AnnotationBinder - Processing annotations of com.eastapps.mgs.model.MemeUser.active
2013-07-13 17:19:38,973 [main] DEBUG org.hibernate.cfg.Ejb3Column - Binding column: Ejb3Column{table=org.hibernate.mapping.Table(meme_user), mappingColumn=active, insertable=true, updatable=true, unique=false}
2013-07-13 17:19:38,973 [main] DEBUG org.hibernate.cfg.annotations.PropertyBinder - MetadataSourceProcessor property active with lazy=false
2013-07-13 17:19:38,973 [main] DEBUG org.hibernate.cfg.annotations.SimpleValueBinder - building SimpleValue for active
2013-07-13 17:19:38,973 [main] DEBUG org.hibernate.cfg.annotations.PropertyBinder - Building property active
2013-07-13 17:19:38,973 [main] TRACE org.hibernate.cfg.annotations.PropertyBinder - Cascading active with null
2013-07-13 17:19:38,974 [main] TRACE org.hibernate.cfg.AnnotationBinder - Processing annotations of com.eastapps.mgs.model.MemeUser.favoriteMemes
2013-07-13 17:19:38,975 [main] DEBUG org.hibernate.cfg.Ejb3Column - Binding column: Ejb3Column{table=org.hibernate.mapping.Table(meme_user), mappingColumn=null, insertable=true, updatable=true, unique=false}
2013-07-13 17:19:38,985 [main] DEBUG org.hibernate.cfg.Ejb3Column - Binding column: Ejb3Column{table=org.hibernate.mapping.Table(meme_user), mappingColumn=element, insertable=true, updatable=true, unique=false}
2013-07-13 17:19:38,986 [main] DEBUG org.hibernate.cfg.Ejb3Column - Binding column: Ejb3Column{table=org.hibernate.mapping.Table(meme_user), mappingColumn=favorite_memes_key, insertable=true, updatable=true, unique=false}
2013-07-13 17:19:38,987 [main] DEBUG org.hibernate.cfg.Ejb3Column - Binding column: Ejb3JoinColumn{logicalColumnName=&apos;favoriteMemes_KEY&apos;, referencedColumn=&apos;null&apos;, mappedBy=&apos;null&apos;}
2013-07-13 17:19:38,989 [main] DEBUG org.hibernate.cfg.Ejb3Column - Binding column: Ejb3JoinColumn{logicalColumnName=&apos;null&apos;, referencedColumn=&apos;null&apos;, mappedBy=&apos;&apos;}
2013-07-13 17:19:38,989 [main] DEBUG org.hibernate.cfg.Ejb3Column - Binding column: Ejb3JoinColumn{logicalColumnName=&apos;null&apos;, referencedColumn=&apos;null&apos;, mappedBy=&apos;&apos;}
2013-07-13 17:19:38,989 [main] DEBUG org.hibernate.cfg.annotations.CollectionBinder - Collection role: com.eastapps.mgs.model.MemeUser.favoriteMemes
2013-07-13 17:19:38,992 [main] DEBUG org.hibernate.cfg.annotations.PropertyBinder - Building property favoriteMemes
2013-07-13 17:19:38,992 [main] TRACE org.hibernate.cfg.annotations.PropertyBinder - Cascading favoriteMemes with all
2013-07-13 17:19:38,992 [main] TRACE org.hibernate.cfg.AnnotationBinder - Processing annotations of com.eastapps.mgs.model.MemeUser.password
2013-07-13 17:19:38,992 [main] DEBUG org.hibernate.cfg.Ejb3Column - Binding column: Ejb3Column{table=org.hibernate.mapping.Table(meme_user), mappingColumn=password, insertable=true, updatable=true, unique=false}
2013-07-13 17:19:38,993 [main] DEBUG org.hibernate.cfg.annotations.PropertyBinder - MetadataSourceProcessor property password with lazy=false
2013-07-13 17:19:38,993 [main] DEBUG org.hibernate.cfg.annotations.SimpleValueBinder - building SimpleValue for password
2013-07-13 17:19:38,993 [main] DEBUG org.hibernate.cfg.annotations.PropertyBinder - Building property password
2013-07-13 17:19:38,993 [main] TRACE org.hibernate.cfg.annotations.PropertyBinder - Cascading password with null
2013-07-13 17:19:38,993 [main] TRACE org.hibernate.cfg.AnnotationBinder - Processing annotations of com.eastapps.mgs.model.MemeUser.salt
2013-07-13 17:19:38,993 [main] DEBUG org.hibernate.cfg.Ejb3Column - Binding column: Ejb3Column{table=org.hibernate.mapping.Table(meme_user), mappingColumn=salt, insertable=true, updatable=true, unique=false}
2013-07-13 17:19:38,993 [main] DEBUG org.hibernate.cfg.annotations.PropertyBinder - MetadataSourceProcessor property salt with lazy=false
2013-07-13 17:19:38,993 [main] DEBUG org.hibernate.cfg.annotations.SimpleValueBinder - building SimpleValue for salt
2013-07-13 17:19:38,994 [main] DEBUG org.hibernate.cfg.annotations.PropertyBinder - Building property salt
2013-07-13 17:19:38,994 [main] TRACE org.hibernate.cfg.annotations.PropertyBinder - Cascading salt with null
2013-07-13 17:19:38,994 [main] TRACE org.hibernate.cfg.AnnotationBinder - Processing annotations of com.eastapps.mgs.model.MemeUser.username
2013-07-13 17:19:38,994 [main] DEBUG org.hibernate.cfg.Ejb3Column - Binding column: Ejb3Column{table=org.hibernate.mapping.Table(meme_user), mappingColumn=username, insertable=true, updatable=true, unique=false}
2013-07-13 17:19:38,994 [main] DEBUG org.hibernate.cfg.annotations.PropertyBinder - MetadataSourceProcessor property username with lazy=false
2013-07-13 17:19:38,994 [main] DEBUG org.hibernate.cfg.annotations.SimpleValueBinder - building SimpleValue for username
2013-07-13 17:19:38,994 [main] DEBUG org.hibernate.cfg.annotations.PropertyBinder - Building property username
2013-07-13 17:19:38,994 [main] TRACE org.hibernate.cfg.annotations.PropertyBinder - Cascading username with null
2013-07-13 17:19:38,995 [main] TRACE org.hibernate.cfg.AnnotationBinder - Processing annotations of com.eastapps.mgs.model.MemeUser.version
2013-07-13 17:19:38,995 [main] DEBUG org.hibernate.cfg.Ejb3Column - Binding column: Ejb3Column{table=org.hibernate.mapping.Table(meme_user), mappingColumn=version, insertable=true, updatable=true, unique=false}
2013-07-13 17:19:38,995 [main] TRACE org.hibernate.cfg.AnnotationBinder - version is a version property
2013-07-13 17:19:38,995 [main] DEBUG org.hibernate.cfg.annotations.PropertyBinder - MetadataSourceProcessor property version with lazy=false
2013-07-13 17:19:38,995 [main] DEBUG org.hibernate.cfg.annotations.SimpleValueBinder - building SimpleValue for version
2013-07-13 17:19:38,995 [main] DEBUG org.hibernate.cfg.annotations.PropertyBinder - Building property version
2013-07-13 17:19:38,995 [main] TRACE org.hibernate.cfg.annotations.PropertyBinder - Cascading version with null
2013-07-13 17:19:38,995 [main] TRACE org.hibernate.cfg.AnnotationBinder - Version name: version, unsavedValue: undefined
2013-07-13 17:19:38,996 [main] DEBUG org.hibernate.cfg.AnnotationBinder - Binding entity from annotated class: com.eastapps.mgs.model.Meme
2013-07-13 17:19:38,996 [main] DEBUG org.hibernate.cfg.Ejb3Column - Binding column: Ejb3DiscriminatorColumn{logicalColumnName&apos;DTYPE&apos;, discriminatorTypeName=&apos;string&apos;}
2013-07-13 17:19:38,996 [main] DEBUG org.hibernate.cfg.annotations.EntityBinder - Import with entity name Meme
2013-07-13 17:19:38,996 [main] DEBUG org.hibernate.cfg.annotations.EntityBinder - Bind entity com.eastapps.mgs.model.Meme on table meme
2013-07-13 17:19:39,001 [main] TRACE org.hibernate.cfg.AnnotationBinder - Processing annotations of com.eastapps.mgs.model.Meme.id
2013-07-13 17:19:39,001 [main] DEBUG org.hibernate.cfg.Ejb3Column - Binding column: Ejb3Column{table=org.hibernate.mapping.Table(meme), mappingColumn=id, insertable=true, updatable=true, unique=false}
2013-07-13 17:19:39,001 [main] DEBUG org.hibernate.cfg.annotations.PropertyBinder - MetadataSourceProcessor property id with lazy=false
2013-07-13 17:19:39,001 [main] DEBUG org.hibernate.cfg.annotations.SimpleValueBinder - building SimpleValue for id
2013-07-13 17:19:39,001 [main] DEBUG org.hibernate.cfg.annotations.PropertyBinder - Building property id
2013-07-13 17:19:39,002 [main] TRACE org.hibernate.cfg.annotations.PropertyBinder - Cascading id with null
2013-07-13 17:19:39,002 [main] TRACE org.hibernate.cfg.AnnotationBinder - Bind @Id on id
2013-07-13 17:19:39,002 [main] TRACE org.hibernate.cfg.AnnotationBinder - Processing annotations of com.eastapps.mgs.model.Meme.bottomText
2013-07-13 17:19:39,002 [main] DEBUG org.hibernate.cfg.Ejb3Column - Binding column: Ejb3JoinColumn{logicalColumnName=&apos;null&apos;, referencedColumn=&apos;null&apos;, mappedBy=&apos;null&apos;}
2013-07-13 17:19:39,002 [main] DEBUG org.hibernate.cfg.Ejb3Column - Binding column: Ejb3Column{table=org.hibernate.mapping.Table(meme), mappingColumn=bottom_text, insertable=true, updatable=true, unique=false}
2013-07-13 17:19:39,004 [main] DEBUG org.hibernate.cfg.annotations.PropertyBinder - Building property bottomText
2013-07-13 17:19:39,004 [main] TRACE org.hibernate.cfg.annotations.PropertyBinder - Cascading bottomText with all
2013-07-13 17:19:39,004 [main] TRACE org.hibernate.cfg.AnnotationBinder - Processing annotations of com.eastapps.mgs.model.Meme.createdByUser
2013-07-13 17:19:39,004 [main] DEBUG org.hibernate.cfg.Ejb3Column - Binding column: Ejb3JoinColumn{logicalColumnName=&apos;null&apos;, referencedColumn=&apos;null&apos;, mappedBy=&apos;null&apos;}
2013-07-13 17:19:39,005 [main] DEBUG org.hibernate.cfg.Ejb3Column - Binding column: Ejb3Column{table=org.hibernate.mapping.Table(meme), mappingColumn=created_by_user, insertable=true, updatable=true, unique=false}
2013-07-13 17:19:39,005 [main] DEBUG org.hibernate.cfg.annotations.PropertyBinder - Building property createdByUser
2013-07-13 17:19:39,005 [main] TRACE org.hibernate.cfg.annotations.PropertyBinder - Cascading createdByUser with all
2013-07-13 17:19:39,005 [main] TRACE org.hibernate.cfg.AnnotationBinder - Processing annotations of com.eastapps.mgs.model.Meme.memeBackground
2013-07-13 17:19:39,005 [main] DEBUG org.hibernate.cfg.Ejb3Column - Binding column: Ejb3JoinColumn{logicalColumnName=&apos;null&apos;, referencedColumn=&apos;null&apos;, mappedBy=&apos;null&apos;}
2013-07-13 17:19:39,005 [main] DEBUG org.hibernate.cfg.Ejb3Column - Binding column: Ejb3Column{table=org.hibernate.mapping.Table(meme), mappingColumn=meme_background, insertable=true, updatable=true, unique=false}
2013-07-13 17:19:39,006 [main] DEBUG org.hibernate.cfg.annotations.PropertyBinder - Building property memeBackground
2013-07-13 17:19:39,006 [main] TRACE org.hibernate.cfg.annotations.PropertyBinder - Cascading memeBackground with all
2013-07-13 17:19:39,006 [main] TRACE org.hibernate.cfg.AnnotationBinder - Processing annotations of com.eastapps.mgs.model.Meme.topText
2013-07-13 17:19:39,006 [main] DEBUG org.hibernate.cfg.Ejb3Column - Binding column: Ejb3JoinColumn{logicalColumnName=&apos;null&apos;, referencedColumn=&apos;null&apos;, mappedBy=&apos;null&apos;}
2013-07-13 17:19:39,006 [main] DEBUG org.hibernate.cfg.Ejb3Column - Binding column: Ejb3Column{table=org.hibernate.mapping.Table(meme), mappingColumn=top_text, insertable=true, updatable=true, unique=false}
2013-07-13 17:19:39,006 [main] DEBUG org.hibernate.cfg.annotations.PropertyBinder - Building property topText
2013-07-13 17:19:39,006 [main] TRACE org.hibernate.cfg.annotations.PropertyBinder - Cascading topText with all
2013-07-13 17:19:39,006 [main] TRACE org.hibernate.cfg.AnnotationBinder - Processing annotations of com.eastapps.mgs.model.Meme.version
2013-07-13 17:19:39,007 [main] DEBUG org.hibernate.cfg.Ejb3Column - Binding column: Ejb3Column{table=org.hibernate.mapping.Table(meme), mappingColumn=version, insertable=true, updatable=true, unique=false}
2013-07-13 17:19:39,007 [main] TRACE org.hibernate.cfg.AnnotationBinder - version is a version property
2013-07-13 17:19:39,007 [main] DEBUG org.hibernate.cfg.annotations.PropertyBinder - MetadataSourceProcessor property version with lazy=false
2013-07-13 17:19:39,007 [main] DEBUG org.hibernate.cfg.annotations.SimpleValueBinder - building SimpleValue for version
2013-07-13 17:19:39,007 [main] DEBUG org.hibernate.cfg.annotations.PropertyBinder - Building property version
2013-07-13 17:19:39,007 [main] TRACE org.hibernate.cfg.annotations.PropertyBinder - Cascading version with null
2013-07-13 17:19:39,007 [main] TRACE org.hibernate.cfg.AnnotationBinder - Version name: version, unsavedValue: undefined
2013-07-13 17:19:39,007 [main] DEBUG org.hibernate.cfg.AnnotationBinder - Binding entity from annotated class: com.eastapps.mgs.model.MemeText
2013-07-13 17:19:39,008 [main] DEBUG org.hibernate.cfg.Ejb3Column - Binding column: Ejb3DiscriminatorColumn{logicalColumnName&apos;DTYPE&apos;, discriminatorTypeName=&apos;string&apos;}
2013-07-13 17:19:39,008 [main] DEBUG org.hibernate.cfg.annotations.EntityBinder - Import with entity name MemeText
2013-07-13 17:19:39,008 [main] DEBUG org.hibernate.cfg.annotations.EntityBinder - Bind entity com.eastapps.mgs.model.MemeText on table meme_text
2013-07-13 17:19:39,010 [main] TRACE org.hibernate.cfg.AnnotationBinder - Processing annotations of com.eastapps.mgs.model.MemeText.id
2013-07-13 17:19:39,010 [main] DEBUG org.hibernate.cfg.Ejb3Column - Binding column: Ejb3Column{table=org.hibernate.mapping.Table(meme_text), mappingColumn=id, insertable=true, updatable=true, unique=false}
2013-07-13 17:19:39,011 [main] DEBUG org.hibernate.cfg.annotations.PropertyBinder - MetadataSourceProcessor property id with lazy=false
2013-07-13 17:19:39,011 [main] DEBUG org.hibernate.cfg.annotations.SimpleValueBinder - building SimpleValue for id
2013-07-13 17:19:39,011 [main] DEBUG org.hibernate.cfg.annotations.PropertyBinder - Building property id
2013-07-13 17:19:39,011 [main] TRACE org.hibernate.cfg.annotations.PropertyBinder - Cascading id with null
2013-07-13 17:19:39,011 [main] TRACE org.hibernate.cfg.AnnotationBinder - Bind @Id on id
2013-07-13 17:19:39,011 [main] TRACE org.hibernate.cfg.AnnotationBinder - Processing annotations of com.eastapps.mgs.model.MemeText.fontSize
2013-07-13 17:19:39,011 [main] DEBUG org.hibernate.cfg.Ejb3Column - Binding column: Ejb3Column{table=org.hibernate.mapping.Table(meme_text), mappingColumn=font_size, insertable=true, updatable=true, unique=false}
2013-07-13 17:19:39,012 [main] DEBUG org.hibernate.cfg.annotations.PropertyBinder - MetadataSourceProcessor property fontSize with lazy=false
2013-07-13 17:19:39,012 [main] DEBUG org.hibernate.cfg.annotations.SimpleValueBinder - building SimpleValue for fontSize
2013-07-13 17:19:39,012 [main] DEBUG org.hibernate.cfg.annotations.PropertyBinder - Building property fontSize
2013-07-13 17:19:39,012 [main] TRACE org.hibernate.cfg.annotations.PropertyBinder - Cascading fontSize with null
2013-07-13 17:19:39,012 [main] TRACE org.hibernate.cfg.AnnotationBinder - Processing annotations of com.eastapps.mgs.model.MemeText.text
2013-07-13 17:19:39,012 [main] DEBUG org.hibernate.cfg.Ejb3Column - Binding column: Ejb3Column{table=org.hibernate.mapping.Table(meme_text), mappingColumn=text, insertable=true, updatable=true, unique=false}
2013-07-13 17:19:39,012 [main] DEBUG org.hibernate.cfg.annotations.PropertyBinder - MetadataSourceProcessor property text with lazy=false
2013-07-13 17:19:39,013 [main] DEBUG org.hibernate.cfg.annotations.SimpleValueBinder - building SimpleValue for text
2013-07-13 17:19:39,013 [main] DEBUG org.hibernate.cfg.annotations.PropertyBinder - Building property text
2013-07-13 17:19:39,013 [main] TRACE org.hibernate.cfg.annotations.PropertyBinder - Cascading text with null
2013-07-13 17:19:39,013 [main] TRACE org.hibernate.cfg.AnnotationBinder - Processing annotations of com.eastapps.mgs.model.MemeText.version
2013-07-13 17:19:39,013 [main] DEBUG org.hibernate.cfg.Ejb3Column - Binding column: Ejb3Column{table=org.hibernate.mapping.Table(meme_text), mappingColumn=version, insertable=true, updatable=true, unique=false}
2013-07-13 17:19:39,013 [main] TRACE org.hibernate.cfg.AnnotationBinder - version is a version property
2013-07-13 17:19:39,013 [main] DEBUG org.hibernate.cfg.annotations.PropertyBinder - MetadataSourceProcessor property version with lazy=false
2013-07-13 17:19:39,014 [main] DEBUG org.hibernate.cfg.annotations.SimpleValueBinder - building SimpleValue for version
2013-07-13 17:19:39,014 [main] DEBUG org.hibernate.cfg.annotations.PropertyBinder - Building property version
2013-07-13 17:19:39,014 [main] TRACE org.hibernate.cfg.annotations.PropertyBinder - Cascading version with null
2013-07-13 17:19:39,014 [main] TRACE org.hibernate.cfg.AnnotationBinder - Version name: version, unsavedValue: undefined
2013-07-13 17:19:39,014 [main] DEBUG org.hibernate.cfg.AnnotationBinder - Binding entity from annotated class: com.eastapps.mgs.model.CrawlerBackground
2013-07-13 17:19:39,014 [main] DEBUG org.hibernate.cfg.Ejb3Column - Binding column: Ejb3DiscriminatorColumn{logicalColumnName&apos;DTYPE&apos;, discriminatorTypeName=&apos;string&apos;}
2013-07-13 17:19:39,014 [main] DEBUG org.hibernate.cfg.annotations.EntityBinder - Import with entity name CrawlerBackground
2013-07-13 17:19:39,015 [main] DEBUG org.hibernate.cfg.annotations.EntityBinder - Bind entity com.eastapps.mgs.model.CrawlerBackground on table crawler_background
2013-07-13 17:19:39,017 [main] TRACE org.hibernate.cfg.AnnotationBinder - Processing annotations of com.eastapps.mgs.model.CrawlerBackground.id
2013-07-13 17:19:39,017 [main] DEBUG org.hibernate.cfg.Ejb3Column - Binding column: Ejb3Column{table=org.hibernate.mapping.Table(crawler_background), mappingColumn=id, insertable=true, updatable=true, unique=false}
2013-07-13 17:19:39,018 [main] DEBUG org.hibernate.cfg.annotations.PropertyBinder - MetadataSourceProcessor property id with lazy=false
2013-07-13 17:19:39,018 [main] DEBUG org.hibernate.cfg.annotations.SimpleValueBinder - building SimpleValue for id
2013-07-13 17:19:39,018 [main] DEBUG org.hibernate.cfg.annotations.PropertyBinder - Building property id
2013-07-13 17:19:39,018 [main] TRACE org.hibernate.cfg.annotations.PropertyBinder - Cascading id with null
2013-07-13 17:19:39,018 [main] TRACE org.hibernate.cfg.AnnotationBinder - Bind @Id on id
2013-07-13 17:19:39,018 [main] TRACE org.hibernate.cfg.AnnotationBinder - Processing annotations of com.eastapps.mgs.model.CrawlerBackground.crawlerImgDesc
2013-07-13 17:19:39,018 [main] DEBUG org.hibernate.cfg.Ejb3Column - Binding column: Ejb3Column{table=org.hibernate.mapping.Table(crawler_background), mappingColumn=crawler_img_desc, insertable=true, updatable=true, unique=false}
2013-07-13 17:19:39,019 [main] DEBUG org.hibernate.cfg.annotations.PropertyBinder - MetadataSourceProcessor property crawlerImgDesc with lazy=false
2013-07-13 17:19:39,019 [main] DEBUG org.hibernate.cfg.annotations.SimpleValueBinder - building SimpleValue for crawlerImgDesc
2013-07-13 17:19:39,019 [main] DEBUG org.hibernate.cfg.annotations.PropertyBinder - Building property crawlerImgDesc
2013-07-13 17:19:39,019 [main] TRACE org.hibernate.cfg.annotations.PropertyBinder - Cascading crawlerImgDesc with null
2013-07-13 17:19:39,019 [main] TRACE org.hibernate.cfg.AnnotationBinder - Processing annotations of com.eastapps.mgs.model.CrawlerBackground.crawlerImgFilename
2013-07-13 17:19:39,019 [main] DEBUG org.hibernate.cfg.Ejb3Column - Binding column: Ejb3Column{table=org.hibernate.mapping.Table(crawler_background), mappingColumn=crawler_img_filename, insertable=true, updatable=true, unique=false}
2013-07-13 17:19:39,019 [main] DEBUG org.hibernate.cfg.annotations.PropertyBinder - MetadataSourceProcessor property crawlerImgFilename with lazy=false
2013-07-13 17:19:39,019 [main] DEBUG org.hibernate.cfg.annotations.SimpleValueBinder - building SimpleValue for crawlerImgFilename
2013-07-13 17:19:39,020 [main] DEBUG org.hibernate.cfg.annotations.PropertyBinder - Building property crawlerImgFilename
2013-07-13 17:19:39,020 [main] TRACE org.hibernate.cfg.annotations.PropertyBinder - Cascading crawlerImgFilename with null
2013-07-13 17:19:39,020 [main] TRACE org.hibernate.cfg.AnnotationBinder - Processing annotations of com.eastapps.mgs.model.CrawlerBackground.sourceDesc
2013-07-13 17:19:39,020 [main] DEBUG org.hibernate.cfg.Ejb3Column - Binding column: Ejb3Column{table=org.hibernate.mapping.Table(crawler_background), mappingColumn=source_desc, insertable=true, updatable=true, unique=false}
2013-07-13 17:19:39,020 [main] DEBUG org.hibernate.cfg.annotations.PropertyBinder - MetadataSourceProcessor property sourceDesc with lazy=false
2013-07-13 17:19:39,020 [main] DEBUG org.hibernate.cfg.annotations.SimpleValueBinder - building SimpleValue for sourceDesc
2013-07-13 17:19:39,020 [main] DEBUG org.hibernate.cfg.annotations.PropertyBinder - Building property sourceDesc
2013-07-13 17:19:39,020 [main] TRACE org.hibernate.cfg.annotations.PropertyBinder - Cascading sourceDesc with null
2013-07-13 17:19:39,020 [main] TRACE org.hibernate.cfg.AnnotationBinder - Processing annotations of com.eastapps.mgs.model.CrawlerBackground.version
2013-07-13 17:19:39,021 [main] DEBUG org.hibernate.cfg.Ejb3Column - Binding column: Ejb3Column{table=org.hibernate.mapping.Table(crawler_background), mappingColumn=version, insertable=true, updatable=true, unique=false}
2013-07-13 17:19:39,021 [main] TRACE org.hibernate.cfg.AnnotationBinder - version is a version property
2013-07-13 17:19:39,021 [main] DEBUG org.hibernate.cfg.annotations.PropertyBinder - MetadataSourceProcessor property version with lazy=false
2013-07-13 17:19:39,021 [main] DEBUG org.hibernate.cfg.annotations.SimpleValueBinder - building SimpleValue for version
2013-07-13 17:19:39,021 [main] DEBUG org.hibernate.cfg.annotations.PropertyBinder - Building property version
2013-07-13 17:19:39,021 [main] TRACE org.hibernate.cfg.annotations.PropertyBinder - Cascading version with null
2013-07-13 17:19:39,021 [main] TRACE org.hibernate.cfg.AnnotationBinder - Version name: version, unsavedValue: undefined
2013-07-13 17:19:39,021 [main] DEBUG org.hibernate.cfg.AnnotationBinder - Binding entity from annotated class: com.eastapps.mgs.model.DeviceInfo
2013-07-13 17:19:39,022 [main] DEBUG org.hibernate.cfg.Ejb3Column - Binding column: Ejb3DiscriminatorColumn{logicalColumnName&apos;DTYPE&apos;, discriminatorTypeName=&apos;string&apos;}
2013-07-13 17:19:39,022 [main] DEBUG org.hibernate.cfg.annotations.EntityBinder - Import with entity name DeviceInfo
2013-07-13 17:19:39,022 [main] DEBUG org.hibernate.cfg.annotations.EntityBinder - Bind entity com.eastapps.mgs.model.DeviceInfo on table device_info
2013-07-13 17:19:39,024 [main] TRACE org.hibernate.cfg.AnnotationBinder - Processing annotations of com.eastapps.mgs.model.DeviceInfo.id
2013-07-13 17:19:39,024 [main] DEBUG org.hibernate.cfg.Ejb3Column - Binding column: Ejb3Column{table=org.hibernate.mapping.Table(device_info), mappingColumn=id, insertable=true, updatable=true, unique=false}
2013-07-13 17:19:39,025 [main] DEBUG org.hibernate.cfg.annotations.PropertyBinder - MetadataSourceProcessor property id with lazy=false
2013-07-13 17:19:39,025 [main] DEBUG org.hibernate.cfg.annotations.SimpleValueBinder - building SimpleValue for id
2013-07-13 17:19:39,025 [main] DEBUG org.hibernate.cfg.annotations.PropertyBinder - Building property id
2013-07-13 17:19:39,025 [main] TRACE org.hibernate.cfg.annotations.PropertyBinder - Cascading id with null
2013-07-13 17:19:39,025 [main] TRACE org.hibernate.cfg.AnnotationBinder - Bind @Id on id
2013-07-13 17:19:39,025 [main] TRACE org.hibernate.cfg.AnnotationBinder - Processing annotations of com.eastapps.mgs.model.DeviceInfo.deviceUser
2013-07-13 17:19:39,025 [main] DEBUG org.hibernate.cfg.Ejb3Column - Binding column: Ejb3JoinColumn{logicalColumnName=&apos;null&apos;, referencedColumn=&apos;null&apos;, mappedBy=&apos;null&apos;}
2013-07-13 17:19:39,026 [main] DEBUG org.hibernate.cfg.Ejb3Column - Binding column: Ejb3Column{table=org.hibernate.mapping.Table(device_info), mappingColumn=device_user, insertable=true, updatable=true, unique=false}
2013-07-13 17:19:39,026 [main] DEBUG org.hibernate.cfg.annotations.PropertyBinder - Building property deviceUser
2013-07-13 17:19:39,026 [main] TRACE org.hibernate.cfg.annotations.PropertyBinder - Cascading deviceUser with none
2013-07-13 17:19:39,026 [main] TRACE org.hibernate.cfg.AnnotationBinder - Processing annotations of com.eastapps.mgs.model.DeviceInfo.uniqueId
2013-07-13 17:19:39,026 [main] DEBUG org.hibernate.cfg.Ejb3Column - Binding column: Ejb3Column{table=org.hibernate.mapping.Table(device_info), mappingColumn=unique_id, insertable=true, updatable=true, unique=false}
2013-07-13 17:19:39,026 [main] DEBUG org.hibernate.cfg.annotations.PropertyBinder - MetadataSourceProcessor property uniqueId with lazy=false
2013-07-13 17:19:39,026 [main] DEBUG org.hibernate.cfg.annotations.SimpleValueBinder - building SimpleValue for uniqueId
2013-07-13 17:19:39,027 [main] DEBUG org.hibernate.cfg.annotations.PropertyBinder - Building property uniqueId
2013-07-13 17:19:39,027 [main] TRACE org.hibernate.cfg.annotations.PropertyBinder - Cascading uniqueId with null
2013-07-13 17:19:39,027 [main] TRACE org.hibernate.cfg.AnnotationBinder - Processing annotations of com.eastapps.mgs.model.DeviceInfo.version
2013-07-13 17:19:39,027 [main] DEBUG org.hibernate.cfg.Ejb3Column - Binding column: Ejb3Column{table=org.hibernate.mapping.Table(device_info), mappingColumn=version, insertable=true, updatable=true, unique=false}
2013-07-13 17:19:39,027 [main] TRACE org.hibernate.cfg.AnnotationBinder - version is a version property
2013-07-13 17:19:39,027 [main] DEBUG org.hibernate.cfg.annotations.PropertyBinder - MetadataSourceProcessor property version with lazy=false
2013-07-13 17:19:39,027 [main] DEBUG org.hibernate.cfg.annotations.SimpleValueBinder - building SimpleValue for version
2013-07-13 17:19:39,027 [main] DEBUG org.hibernate.cfg.annotations.PropertyBinder - Building property version
2013-07-13 17:19:39,027 [main] TRACE org.hibernate.cfg.annotations.PropertyBinder - Cascading version with null
2013-07-13 17:19:39,028 [main] TRACE org.hibernate.cfg.AnnotationBinder - Version name: version, unsavedValue: undefined
2013-07-13 17:19:39,028 [main] DEBUG org.hibernate.cfg.AnnotationBinder - Binding entity from annotated class: com.eastapps.mgs.model.SampleMeme
2013-07-13 17:19:39,028 [main] DEBUG org.hibernate.cfg.Ejb3Column - Binding column: Ejb3DiscriminatorColumn{logicalColumnName&apos;DTYPE&apos;, discriminatorTypeName=&apos;string&apos;}
2013-07-13 17:19:39,028 [main] DEBUG org.hibernate.cfg.annotations.EntityBinder - Import with entity name SampleMeme
2013-07-13 17:19:39,028 [main] DEBUG org.hibernate.cfg.annotations.EntityBinder - Bind entity com.eastapps.mgs.model.SampleMeme on table sample_meme
2013-07-13 17:19:39,030 [main] TRACE org.hibernate.cfg.AnnotationBinder - Processing annotations of com.eastapps.mgs.model.SampleMeme.id
2013-07-13 17:19:39,031 [main] DEBUG org.hibernate.cfg.Ejb3Column - Binding column: Ejb3Column{table=org.hibernate.mapping.Table(sample_meme), mappingColumn=id, insertable=true, updatable=true, unique=false}
2013-07-13 17:19:39,031 [main] DEBUG org.hibernate.cfg.annotations.PropertyBinder - MetadataSourceProcessor property id with lazy=false
2013-07-13 17:19:39,031 [main] DEBUG org.hibernate.cfg.annotations.SimpleValueBinder - building SimpleValue for id
2013-07-13 17:19:39,031 [main] DEBUG org.hibernate.cfg.annotations.PropertyBinder - Building property id
2013-07-13 17:19:39,031 [main] TRACE org.hibernate.cfg.annotations.PropertyBinder - Cascading id with null
2013-07-13 17:19:39,031 [main] TRACE org.hibernate.cfg.AnnotationBinder - Bind @Id on id
2013-07-13 17:19:39,032 [main] TRACE org.hibernate.cfg.AnnotationBinder - Processing annotations of com.eastapps.mgs.model.SampleMeme.background
2013-07-13 17:19:39,032 [main] DEBUG org.hibernate.cfg.Ejb3Column - Binding column: Ejb3JoinColumn{logicalColumnName=&apos;null&apos;, referencedColumn=&apos;null&apos;, mappedBy=&apos;null&apos;}
2013-07-13 17:19:39,032 [main] DEBUG org.hibernate.cfg.Ejb3Column - Binding column: Ejb3Column{table=org.hibernate.mapping.Table(sample_meme), mappingColumn=background, insertable=true, updatable=true, unique=false}
2013-07-13 17:19:39,032 [main] DEBUG org.hibernate.cfg.annotations.PropertyBinder - Building property background
2013-07-13 17:19:39,032 [main] TRACE org.hibernate.cfg.annotations.PropertyBinder - Cascading background with none
2013-07-13 17:19:39,032 [main] TRACE org.hibernate.cfg.AnnotationBinder - Processing annotations of com.eastapps.mgs.model.SampleMeme.sampleMeme
2013-07-13 17:19:39,032 [main] DEBUG org.hibernate.cfg.Ejb3Column - Binding column: Ejb3JoinColumn{logicalColumnName=&apos;null&apos;, referencedColumn=&apos;null&apos;, mappedBy=&apos;null&apos;}
2013-07-13 17:19:39,033 [main] DEBUG org.hibernate.cfg.Ejb3Column - Binding column: Ejb3Column{table=org.hibernate.mapping.Table(sample_meme), mappingColumn=sample_meme, insertable=true, updatable=true, unique=false}
2013-07-13 17:19:39,033 [main] DEBUG org.hibernate.cfg.annotations.PropertyBinder - Building property sampleMeme
2013-07-13 17:19:39,033 [main] TRACE org.hibernate.cfg.annotations.PropertyBinder - Cascading sampleMeme with none
2013-07-13 17:19:39,033 [main] TRACE org.hibernate.cfg.AnnotationBinder - Processing annotations of com.eastapps.mgs.model.SampleMeme.version
2013-07-13 17:19:39,033 [main] DEBUG org.hibernate.cfg.Ejb3Column - Binding column: Ejb3Column{table=org.hibernate.mapping.Table(sample_meme), mappingColumn=version, insertable=true, updatable=true, unique=false}
2013-07-13 17:19:39,033 [main] TRACE org.hibernate.cfg.AnnotationBinder - version is a version property
2013-07-13 17:19:39,033 [main] DEBUG org.hibernate.cfg.annotations.PropertyBinder - MetadataSourceProcessor property version with lazy=false
2013-07-13 17:19:39,033 [main] DEBUG org.hibernate.cfg.annotations.SimpleValueBinder - building SimpleValue for version
2013-07-13 17:19:39,034 [main] DEBUG org.hibernate.cfg.annotations.PropertyBinder - Building property version
2013-07-13 17:19:39,034 [main] TRACE org.hibernate.cfg.annotations.PropertyBinder - Cascading version with null
2013-07-13 17:19:39,034 [main] TRACE org.hibernate.cfg.AnnotationBinder - Version name: version, unsavedValue: undefined
2013-07-13 17:19:39,034 [main] DEBUG org.hibernate.cfg.AnnotationBinder - Binding entity from annotated class: com.eastapps.mgs.model.MemeBackground
2013-07-13 17:19:39,034 [main] DEBUG org.hibernate.cfg.Ejb3Column - Binding column: Ejb3DiscriminatorColumn{logicalColumnName&apos;DTYPE&apos;, discriminatorTypeName=&apos;string&apos;}
2013-07-13 17:19:39,034 [main] DEBUG org.hibernate.cfg.annotations.EntityBinder - Import with entity name MemeBackground
2013-07-13 17:19:39,034 [main] DEBUG org.hibernate.cfg.annotations.EntityBinder - Bind entity com.eastapps.mgs.model.MemeBackground on table meme_background
2013-07-13 17:19:39,042 [main] TRACE org.hibernate.cfg.AnnotationBinder - Processing annotations of com.eastapps.mgs.model.MemeBackground.id
2013-07-13 17:19:39,042 [main] DEBUG org.hibernate.cfg.Ejb3Column - Binding column: Ejb3Column{table=org.hibernate.mapping.Table(meme_background), mappingColumn=id, insertable=true, updatable=true, unique=false}
2013-07-13 17:19:39,042 [main] DEBUG org.hibernate.cfg.annotations.PropertyBinder - MetadataSourceProcessor property id with lazy=false
2013-07-13 17:19:39,043 [main] DEBUG org.hibernate.cfg.annotations.SimpleValueBinder - building SimpleValue for id
2013-07-13 17:19:39,043 [main] DEBUG org.hibernate.cfg.annotations.PropertyBinder - Building property id
2013-07-13 17:19:39,043 [main] TRACE org.hibernate.cfg.annotations.PropertyBinder - Cascading id with null
2013-07-13 17:19:39,043 [main] TRACE org.hibernate.cfg.AnnotationBinder - Bind @Id on id
2013-07-13 17:19:39,043 [main] TRACE org.hibernate.cfg.AnnotationBinder - Processing annotations of com.eastapps.mgs.model.MemeBackground.active
2013-07-13 17:19:39,043 [main] DEBUG org.hibernate.cfg.Ejb3Column - Binding column: Ejb3Column{table=org.hibernate.mapping.Table(meme_background), mappingColumn=active, insertable=true, updatable=true, unique=false}
2013-07-13 17:19:39,043 [main] DEBUG org.hibernate.cfg.annotations.PropertyBinder - MetadataSourceProcessor property active with lazy=false
2013-07-13 17:19:39,044 [main] DEBUG org.hibernate.cfg.annotations.SimpleValueBinder - building SimpleValue for active
2013-07-13 17:19:39,044 [main] DEBUG org.hibernate.cfg.annotations.PropertyBinder - Building property active
2013-07-13 17:19:39,044 [main] TRACE org.hibernate.cfg.annotations.PropertyBinder - Cascading active with null
2013-07-13 17:19:39,044 [main] TRACE org.hibernate.cfg.AnnotationBinder - Processing annotations of com.eastapps.mgs.model.MemeBackground.description
2013-07-13 17:19:39,044 [main] DEBUG org.hibernate.cfg.Ejb3Column - Binding column: Ejb3Column{table=org.hibernate.mapping.Table(meme_background), mappingColumn=description, insertable=true, updatable=true, unique=false}
2013-07-13 17:19:39,044 [main] DEBUG org.hibernate.cfg.annotations.PropertyBinder - MetadataSourceProcessor property description with lazy=false
2013-07-13 17:19:39,044 [main] DEBUG org.hibernate.cfg.annotations.SimpleValueBinder - building SimpleValue for description
2013-07-13 17:19:39,044 [main] DEBUG org.hibernate.cfg.annotations.PropertyBinder - Building property description
2013-07-13 17:19:39,045 [main] TRACE org.hibernate.cfg.annotations.PropertyBinder - Cascading description with null
2013-07-13 17:19:39,045 [main] TRACE org.hibernate.cfg.AnnotationBinder - Processing annotations of com.eastapps.mgs.model.MemeBackground.filePath
2013-07-13 17:19:39,045 [main] DEBUG org.hibernate.cfg.Ejb3Column - Binding column: Ejb3Column{table=org.hibernate.mapping.Table(meme_background), mappingColumn=file_path, insertable=true, updatable=true, unique=false}
2013-07-13 17:19:39,045 [main] DEBUG org.hibernate.cfg.annotations.PropertyBinder - MetadataSourceProcessor property filePath with lazy=false
2013-07-13 17:19:39,045 [main] DEBUG org.hibernate.cfg.annotations.SimpleValueBinder - building SimpleValue for filePath
2013-07-13 17:19:39,045 [main] DEBUG org.hibernate.cfg.annotations.PropertyBinder - Building property filePath
2013-07-13 17:19:39,045 [main] TRACE org.hibernate.cfg.annotations.PropertyBinder - Cascading filePath with null
2013-07-13 17:19:39,045 [main] TRACE org.hibernate.cfg.AnnotationBinder - Processing annotations of com.eastapps.mgs.model.MemeBackground.version
2013-07-13 17:19:39,046 [main] DEBUG org.hibernate.cfg.Ejb3Column - Binding column: Ejb3Column{table=org.hibernate.mapping.Table(meme_background), mappingColumn=version, insertable=true, updatable=true, unique=false}
2013-07-13 17:19:39,046 [main] TRACE org.hibernate.cfg.AnnotationBinder - version is a version property
2013-07-13 17:19:39,046 [main] DEBUG org.hibernate.cfg.annotations.PropertyBinder - MetadataSourceProcessor property version with lazy=false
2013-07-13 17:19:39,046 [main] DEBUG org.hibernate.cfg.annotations.SimpleValueBinder - building SimpleValue for version
2013-07-13 17:19:39,046 [main] DEBUG org.hibernate.cfg.annotations.PropertyBinder - Building property version
2013-07-13 17:19:39,046 [main] TRACE org.hibernate.cfg.annotations.PropertyBinder - Cascading version with null
2013-07-13 17:19:39,046 [main] TRACE org.hibernate.cfg.AnnotationBinder - Version name: version, unsavedValue: undefined
2013-07-13 17:19:39,047 [main] DEBUG org.hibernate.cfg.annotations.SimpleValueBinder - Setting SimpleValue typeName for id
2013-07-13 17:19:39,047 [main] DEBUG org.hibernate.cfg.annotations.SimpleValueBinder - Setting SimpleValue typeName for bottomText
2013-07-13 17:19:39,047 [main] DEBUG org.hibernate.cfg.annotations.SimpleValueBinder - Setting SimpleValue typeName for name
2013-07-13 17:19:39,047 [main] DEBUG org.hibernate.cfg.annotations.SimpleValueBinder - Setting SimpleValue typeName for topText
2013-07-13 17:19:39,047 [main] DEBUG org.hibernate.cfg.annotations.SimpleValueBinder - Setting SimpleValue typeName for version
2013-07-13 17:19:39,047 [main] DEBUG org.hibernate.cfg.annotations.SimpleValueBinder - Setting SimpleValue typeName for id
2013-07-13 17:19:39,047 [main] DEBUG org.hibernate.cfg.annotations.SimpleValueBinder - Setting SimpleValue typeName for active
2013-07-13 17:19:39,048 [main] DEBUG org.hibernate.cfg.annotations.SimpleValueBinder - Setting SimpleValue typeName for password
2013-07-13 17:19:39,048 [main] DEBUG org.hibernate.cfg.annotations.SimpleValueBinder - Setting SimpleValue typeName for salt
2013-07-13 17:19:39,048 [main] DEBUG org.hibernate.cfg.annotations.SimpleValueBinder - Setting SimpleValue typeName for username
2013-07-13 17:19:39,048 [main] DEBUG org.hibernate.cfg.annotations.SimpleValueBinder - Setting SimpleValue typeName for version
2013-07-13 17:19:39,048 [main] DEBUG org.hibernate.cfg.annotations.SimpleValueBinder - Setting SimpleValue typeName for id
2013-07-13 17:19:39,048 [main] DEBUG org.hibernate.cfg.annotations.SimpleValueBinder - Setting SimpleValue typeName for version
2013-07-13 17:19:39,048 [main] DEBUG org.hibernate.cfg.annotations.SimpleValueBinder - Setting SimpleValue typeName for id
2013-07-13 17:19:39,048 [main] DEBUG org.hibernate.cfg.annotations.SimpleValueBinder - Setting SimpleValue typeName for fontSize
2013-07-13 17:19:39,048 [main] DEBUG org.hibernate.cfg.annotations.SimpleValueBinder - Setting SimpleValue typeName for text
2013-07-13 17:19:39,048 [main] DEBUG org.hibernate.cfg.annotations.SimpleValueBinder - Setting SimpleValue typeName for version
2013-07-13 17:19:39,049 [main] DEBUG org.hibernate.cfg.annotations.SimpleValueBinder - Setting SimpleValue typeName for id
2013-07-13 17:19:39,049 [main] DEBUG org.hibernate.cfg.annotations.SimpleValueBinder - Setting SimpleValue typeName for crawlerImgDesc
2013-07-13 17:19:39,049 [main] DEBUG org.hibernate.cfg.annotations.SimpleValueBinder - Setting SimpleValue typeName for crawlerImgFilename
2013-07-13 17:19:39,049 [main] DEBUG org.hibernate.cfg.annotations.SimpleValueBinder - Setting SimpleValue typeName for sourceDesc
2013-07-13 17:19:39,049 [main] DEBUG org.hibernate.cfg.annotations.SimpleValueBinder - Setting SimpleValue typeName for version
2013-07-13 17:19:39,049 [main] DEBUG org.hibernate.cfg.annotations.SimpleValueBinder - Setting SimpleValue typeName for id
2013-07-13 17:19:39,049 [main] DEBUG org.hibernate.cfg.annotations.SimpleValueBinder - Setting SimpleValue typeName for uniqueId
2013-07-13 17:19:39,049 [main] DEBUG org.hibernate.cfg.annotations.SimpleValueBinder - Setting SimpleValue typeName for version
2013-07-13 17:19:39,049 [main] DEBUG org.hibernate.cfg.annotations.SimpleValueBinder - Setting SimpleValue typeName for id
2013-07-13 17:19:39,049 [main] DEBUG org.hibernate.cfg.annotations.SimpleValueBinder - Setting SimpleValue typeName for version
2013-07-13 17:19:39,049 [main] DEBUG org.hibernate.cfg.annotations.SimpleValueBinder - Setting SimpleValue typeName for id
2013-07-13 17:19:39,050 [main] DEBUG org.hibernate.cfg.annotations.SimpleValueBinder - Setting SimpleValue typeName for active
2013-07-13 17:19:39,050 [main] DEBUG org.hibernate.cfg.annotations.SimpleValueBinder - Setting SimpleValue typeName for description
2013-07-13 17:19:39,050 [main] DEBUG org.hibernate.cfg.annotations.SimpleValueBinder - Setting SimpleValue typeName for filePath
2013-07-13 17:19:39,050 [main] DEBUG org.hibernate.cfg.annotations.SimpleValueBinder - Setting SimpleValue typeName for version
2013-07-13 17:19:39,050 [main] DEBUG org.hibernate.cfg.Configuration - Processing fk mappings (*ToOne and JoinedSubclass)
2013-07-13 17:19:39,055 [main] DEBUG org.hibernate.cfg.Configuration - Processing extends queue
2013-07-13 17:19:39,056 [main] DEBUG org.hibernate.cfg.Configuration - Processing extends queue
2013-07-13 17:19:39,056 [main] DEBUG org.hibernate.cfg.Configuration - Processing collection mappings
2013-07-13 17:19:39,056 [main] DEBUG org.hibernate.cfg.CollectionSecondPass - Second pass for collection: com.eastapps.mgs.model.MemeUser.favoriteMemes
2013-07-13 17:19:39,056 [main] DEBUG org.hibernate.cfg.annotations.CollectionBinder - Binding as ManyToMany: com.eastapps.mgs.model.MemeUser.favoriteMemes
2013-07-13 17:19:39,059 [main] DEBUG org.hibernate.cfg.CollectionSecondPass - Mapped collection key: meme_user, element: favorite_memes
2013-07-13 17:19:39,059 [main] DEBUG org.hibernate.cfg.Configuration - Processing native query and ResultSetMapping mappings
2013-07-13 17:19:39,059 [main] DEBUG org.hibernate.cfg.Configuration - Processing association property references
2013-07-13 17:19:39,059 [main] DEBUG org.hibernate.cfg.Configuration - Processing foreign key constraints
2013-07-13 17:19:39,059 [main] DEBUG org.hibernate.cfg.Configuration - Resolving reference to class: com.eastapps.mgs.model.MemeUser
2013-07-13 17:19:39,059 [main] DEBUG org.hibernate.cfg.Configuration - Resolving reference to class: com.eastapps.mgs.model.MemeUser
2013-07-13 17:19:39,059 [main] DEBUG org.hibernate.cfg.Configuration - Resolving reference to class: com.eastapps.mgs.model.MemeText
2013-07-13 17:19:39,059 [main] DEBUG org.hibernate.cfg.Configuration - Resolving reference to class: com.eastapps.mgs.model.MemeBackground
2013-07-13 17:19:39,059 [main] DEBUG org.hibernate.cfg.Configuration - Resolving reference to class: com.eastapps.mgs.model.MemeText
2013-07-13 17:19:39,059 [main] DEBUG org.hibernate.cfg.Configuration - Resolving reference to class: com.eastapps.mgs.model.Meme
2013-07-13 17:19:39,060 [main] DEBUG org.hibernate.cfg.Configuration - Resolving reference to class: com.eastapps.mgs.model.MemeUser
2013-07-13 17:19:39,060 [main] DEBUG org.hibernate.cfg.Configuration - Resolving reference to class: com.eastapps.mgs.model.MemeBackground
2013-07-13 17:19:39,060 [main] DEBUG org.hibernate.cfg.Configuration - Resolving reference to class: com.eastapps.mgs.model.Meme
2013-07-13 17:19:39,063 [main] TRACE org.hibernate.service.internal.AbstractServiceRegistryImpl - Initializing service [role=org.hibernate.engine.jdbc.spi.JdbcServices]
2013-07-13 17:19:39,069 [main] TRACE org.hibernate.service.internal.AbstractServiceRegistryImpl - Initializing service [role=org.hibernate.service.jdbc.connections.spi.ConnectionProvider]
2013-07-13 17:19:39,070 [main] INFO  org.hibernate.service.jdbc.connections.internal.ConnectionProviderInitiator - HHH000130: Instantiating explicit connection provider: org.hibernate.ejb.connection.InjectedDataSourceConnectionProvider
2013-07-13 17:19:39,073 [main] TRACE org.hibernate.service.internal.AbstractServiceRegistryImpl - Initializing service [role=org.hibernate.service.jndi.spi.JndiService]
2013-07-13 17:19:39,076 [main] TRACE org.hibernate.service.internal.AbstractServiceRegistryImpl - Initializing service [role=org.hibernate.service.jdbc.dialect.spi.DialectFactory]
2013-07-13 17:19:39,077 [main] TRACE org.hibernate.service.internal.AbstractServiceRegistryImpl - Initializing service [role=org.hibernate.service.jdbc.dialect.spi.DialectResolver]
2013-07-13 17:19:39,338 [main] DEBUG org.hibernate.engine.jdbc.internal.JdbcServicesImpl - Database -&gt;
       name : MySQL
    version : 5.5.31-0ubuntu0.12.04.2
      major : 5
      minor : 5
2013-07-13 17:19:39,338 [main] DEBUG org.hibernate.engine.jdbc.internal.JdbcServicesImpl - Driver -&gt;
       name : MySQL-AB JDBC Driver
    version : mysql-connector-java-5.1.18 ( Revision: tonci.grgin@oracle.com-20110930151701-jfj14ddfq48ifkfq )
      major : 5
      minor : 1
2013-07-13 17:19:39,338 [main] DEBUG org.hibernate.engine.jdbc.internal.JdbcServicesImpl - JDBC version : 4.0
2013-07-13 17:19:39,357 [main] INFO  org.hibernate.dialect.Dialect - HHH000400: Using dialect: org.hibernate.dialect.MySQL5InnoDBDialect
2013-07-13 17:19:39,365 [main] INFO  org.hibernate.engine.jdbc.internal.LobCreatorBuilder - HHH000424: Disabling contextual LOB creation as createClob() method threw error : java.lang.reflect.InvocationTargetException
2013-07-13 17:19:39,373 [main] TRACE org.hibernate.service.internal.AbstractServiceRegistryImpl - Initializing service [role=org.hibernate.service.jta.platform.spi.JtaPlatform]
2013-07-13 17:19:39,376 [main] DEBUG org.hibernate.cfg.SettingsFactory - Automatic flush during beforeCompletion(): disabled
2013-07-13 17:19:39,376 [main] DEBUG org.hibernate.cfg.SettingsFactory - Automatic session close at end of transaction: disabled
2013-07-13 17:19:39,377 [main] DEBUG org.hibernate.cfg.SettingsFactory - JDBC batch size: 15
2013-07-13 17:19:39,377 [main] DEBUG org.hibernate.cfg.SettingsFactory - JDBC batch updates for versioned data: disabled
2013-07-13 17:19:39,377 [main] DEBUG org.hibernate.cfg.SettingsFactory - Scrollable result sets: enabled
2013-07-13 17:19:39,377 [main] DEBUG org.hibernate.cfg.SettingsFactory - Wrap result sets: disabled
2013-07-13 17:19:39,377 [main] DEBUG org.hibernate.cfg.SettingsFactory - JDBC3 getGeneratedKeys(): enabled
2013-07-13 17:19:39,377 [main] DEBUG org.hibernate.cfg.SettingsFactory - multi-tenancy strategy : NONE
2013-07-13 17:19:39,377 [main] DEBUG org.hibernate.cfg.SettingsFactory - Connection release mode: auto
2013-07-13 17:19:39,377 [main] TRACE org.hibernate.service.internal.AbstractServiceRegistryImpl - Initializing service [role=org.hibernate.engine.transaction.spi.TransactionFactory]
2013-07-13 17:19:39,377 [main] INFO  org.hibernate.engine.transaction.internal.TransactionFactoryInitiator - HHH000268: Transaction strategy: org.hibernate.engine.transaction.internal.jdbc.JdbcTransactionFactory
2013-07-13 17:19:39,380 [main] DEBUG org.hibernate.cfg.SettingsFactory - Default schema: mgsdbv1
2013-07-13 17:19:39,380 [main] DEBUG org.hibernate.cfg.SettingsFactory - Maximum outer join fetch depth: 2
2013-07-13 17:19:39,380 [main] DEBUG org.hibernate.cfg.SettingsFactory - Default batch fetch size: 1
2013-07-13 17:19:39,380 [main] DEBUG org.hibernate.cfg.SettingsFactory - Generate SQL with comments: disabled
2013-07-13 17:19:39,380 [main] DEBUG org.hibernate.cfg.SettingsFactory - Order SQL updates by primary key: disabled
2013-07-13 17:19:39,380 [main] DEBUG org.hibernate.cfg.SettingsFactory - Order SQL inserts for batching: disabled
2013-07-13 17:19:39,380 [main] DEBUG org.hibernate.cfg.SettingsFactory - Query translator: org.hibernate.hql.internal.ast.ASTQueryTranslatorFactory
2013-07-13 17:19:39,382 [main] INFO  org.hibernate.hql.internal.ast.ASTQueryTranslatorFactory - HHH000397: Using ASTQueryTranslatorFactory
2013-07-13 17:19:39,382 [main] DEBUG org.hibernate.cfg.SettingsFactory - Query language substitutions: {}
2013-07-13 17:19:39,382 [main] DEBUG org.hibernate.cfg.SettingsFactory - JPA-QL strict compliance: enabled
2013-07-13 17:19:39,382 [main] DEBUG org.hibernate.cfg.SettingsFactory - Second-level cache: enabled
2013-07-13 17:19:39,382 [main] DEBUG org.hibernate.cfg.SettingsFactory - Query cache: disabled
2013-07-13 17:19:39,383 [main] DEBUG org.hibernate.cfg.SettingsFactory - Cache region factory : org.hibernate.cache.internal.NoCachingRegionFactory
2013-07-13 17:19:39,383 [main] DEBUG org.hibernate.cfg.SettingsFactory - org.hibernate.cache.internal.NoCachingRegionFactory did not provide constructor accepting java.util.Properties; attempting no-arg constructor.
2013-07-13 17:19:39,383 [main] DEBUG org.hibernate.cfg.SettingsFactory - Optimize cache for minimal puts: disabled
2013-07-13 17:19:39,384 [main] DEBUG org.hibernate.cfg.SettingsFactory - Structured second-level cache entries: disabled
2013-07-13 17:19:39,384 [main] DEBUG org.hibernate.cfg.SettingsFactory - Statistics: disabled
2013-07-13 17:19:39,384 [main] DEBUG org.hibernate.cfg.SettingsFactory - Deleted entity synthetic identifier rollback: disabled
2013-07-13 17:19:39,384 [main] DEBUG org.hibernate.cfg.SettingsFactory - Default entity-mode: pojo
2013-07-13 17:19:39,384 [main] DEBUG org.hibernate.cfg.SettingsFactory - Named query checking : enabled
2013-07-13 17:19:39,384 [main] DEBUG org.hibernate.cfg.SettingsFactory - Check Nullability in Core (should be disabled when Bean Validation is on): enabled
2013-07-13 17:19:39,384 [main] DEBUG org.hibernate.cfg.SettingsFactory - Allow initialization of lazy state outside session : : disabled
2013-07-13 17:19:39,391 [main] DEBUG org.hibernate.internal.SessionFactoryImpl - Building session factory
2013-07-13 17:19:39,392 [main] TRACE org.hibernate.service.internal.AbstractServiceRegistryImpl - Initializing service [role=org.hibernate.service.spi.SessionFactoryServiceRegistryFactory]
2013-07-13 17:19:39,399 [main] TRACE org.hibernate.service.internal.AbstractServiceRegistryImpl - Initializing service [role=org.hibernate.engine.spi.CacheImplementor]
2013-07-13 17:19:39,402 [main] TRACE org.hibernate.type.TypeFactory - Scoping types to session factory org.hibernate.internal.SessionFactoryImpl@2946a50c
2013-07-13 17:19:39,403 [main] DEBUG org.hibernate.internal.SessionFactoryImpl - Session factory constructed with filter configurations : {}
2013-07-13 17:19:39,403 [main] DEBUG org.hibernate.internal.SessionFactoryImpl - Instantiating session factory with properties: {java.vendor=Oracle Corporation, localRepository=/home/dylan/.m2/repository, sun.java.launcher=SUN_STANDARD, sun.management.compiler=HotSpot 64-Bit Tiered Compilers, c3p0.min_size=3, hibernate.ejb.discard_pc_on_close=false, hibernate.connection.charSet=UTF-8, hibernate.transaction.flush_before_completion=false, os.name=Linux, sun.boot.class.path=/usr/lib/jvm/java-7-oracle/jre/lib/resources.jar:/usr/lib/jvm/java-7-oracle/jre/lib/rt.jar:/usr/lib/jvm/java-7-oracle/jre/lib/sunrsasign.jar:/usr/lib/jvm/java-7-oracle/jre/lib/jsse.jar:/usr/lib/jvm/java-7-oracle/jre/lib/jce.jar:/usr/lib/jvm/java-7-oracle/jre/lib/charsets.jar:/usr/lib/jvm/java-7-oracle/jre/lib/jfr.jar:/usr/lib/jvm/java-7-oracle/jre/classes, sun.desktop=gnome, java.vm.specification.vendor=Oracle Corporation, c3p0.max_size=5, java.runtime.version=1.7.0_25-b15, hibernate.connection.autocommit=true, user.name=dylan, javax.persistence.validation.mode=AUTO, hibernate.connection.release_mode=auto, user.language=en, sun.boot.library.path=/usr/lib/jvm/java-7-oracle/jre/lib/amd64, java.version=1.7.0_25, user.timezone=America/New_York, sun.arch.data.model=64, java.endorsed.dirs=/usr/lib/jvm/java-7-oracle/jre/lib/endorsed, sun.cpu.isalist=, sun.jnu.encoding=UTF-8, file.encoding.pkg=sun.io, file.separator=/, java.specification.name=Java Platform API Specification, java.class.version=51.0, user.country=US, java.home=/usr/lib/jvm/java-7-oracle/jre, java.vm.info=mixed mode, os.version=3.2.0-40-generic, hibernate.transaction.factory_class=org.hibernate.engine.transaction.internal.jdbc.JdbcTransactionFactory, hibernate.connection.datasource=org.apache.commons.dbcp.BasicDataSource@aaa3d58, surefire.real.class.path=/media/hybrid/workspace/meme_gen/mgs_v1/target/surefire/surefirebooter4069956995004107668.jar, hibernate.query.jpaql_strict_compliance=true, path.separator=:, java.vm.version=23.25-b01, java.awt.printerjob=sun.print.PSPrinterJob, sun.io.unicode.encoding=UnicodeLittle, awt.toolkit=sun.awt.X11.XToolkit, user.home=/home/dylan, java.specification.vendor=Oracle Corporation, hibernate.hbm2ddl.auto=create, java.library.path=/usr/java/packages/lib/amd64:/usr/lib64:/lib64:/lib:/usr/lib, java.vendor.url=http://java.oracle.com/, hibernate.connection.driver_class=com.mysql.jdbc.Driver, java.vm.vendor=Oracle Corporation, hibernate.dialect=org.hibernate.dialect.MySQL5InnoDBDialect, java.runtime.name=Java(TM) SE Runtime Environment, sun.java.command=/media/hybrid/workspace/meme_gen/mgs_v1/target/surefire/surefirebooter4069956995004107668.jar /media/hybrid/workspace/meme_gen/mgs_v1/target/surefire/surefire4614591079989516582tmp /media/hybrid/workspace/meme_gen/mgs_v1/target/surefire/surefire_01365107695532522423tmp, java.class.path=/media/hybrid/workspace/meme_gen/mgs_v1/target/test-classes:/media/hybrid/workspace/meme_gen/mgs_v1/target/classes:/home/dylan/.m2/repository/junit/junit/4.10/junit-4.10.jar:/home/dylan/.m2/repository/org/hamcrest/hamcrest-core/1.1/hamcrest-core-1.1.jar:/home/dylan/.m2/repository/log4j/log4j/1.2.17/log4j-1.2.17.jar:/home/dylan/.m2/repository/org/slf4j/slf4j-api/1.7.2/slf4j-api-1.7.2.jar:/home/dylan/.m2/repository/org/slf4j/jcl-over-slf4j/1.7.2/jcl-over-slf4j-1.7.2.jar:/home/dylan/.m2/repository/org/slf4j/slf4j-log4j12/1.7.2/slf4j-log4j12-1.7.2.jar:/home/dylan/.m2/repository/org/aspectj/aspectjrt/1.7.0/aspectjrt-1.7.0.jar:/home/dylan/.m2/repository/org/aspectj/aspectjweaver/1.7.0/aspectjweaver-1.7.0.jar:/home/dylan/.m2/repository/javax/servlet/servlet-api/2.5/servlet-api-2.5.jar:/home/dylan/.m2/repository/net/sf/flexjson/flexjson/2.1/flexjson-2.1.jar:/home/dylan/.m2/repository/org/apache/commons/commons-lang3/3.1/commons-lang3-3.1.jar:/home/dylan/.m2/repository/org/springframework/roo/org.springframework.roo.annotations/1.2.3.RELEASE/org.springframework.roo.annotations-1.2.3.RELEASE.jar:/home/dylan/.m2/repository/commons-io/commons-io/2.1/commons-io-2.1.jar:/home/dylan/.m2/repository/org/springframework/spring-core/3.2.0.RELEASE/spring-core-3.2.0.RELEASE.jar:/home/dylan/.m2/repository/org/springframework/spring-test/3.2.0.RELEASE/spring-test-3.2.0.RELEASE.jar:/home/dylan/.m2/repository/org/springframework/spring-context/3.2.0.RELEASE/spring-context-3.2.0.RELEASE.jar:/home/dylan/.m2/repository/org/springframework/spring-expression/3.2.0.RELEASE/spring-expression-3.2.0.RELEASE.jar:/home/dylan/.m2/repository/org/springframework/spring-beans/3.2.0.RELEASE/spring-beans-3.2.0.RELEASE.jar:/home/dylan/.m2/repository/org/springframework/spring-aop/3.2.0.RELEASE/spring-aop-3.2.0.RELEASE.jar:/home/dylan/.m2/repository/aopalliance/aopalliance/1.0/aopalliance-1.0.jar:/home/dylan/.m2/repository/org/springframework/spring-aspects/3.2.0.RELEASE/spring-aspects-3.2.0.RELEASE.jar:/home/dylan/.m2/repository/org/springframework/spring-context-support/3.2.0.RELEASE/spring-context-support-3.2.0.RELEASE.jar:/home/dylan/.m2/repository/org/hibernate/hibernate-core/4.1.8.Final/hibernate-core-4.1.8.Final.jar:/home/dylan/.m2/repository/antlr/antlr/2.7.7/antlr-2.7.7.jar:/home/dylan/.m2/repository/org/jboss/logging/jboss-logging/3.1.0.GA/jboss-logging-3.1.0.GA.jar:/home/dylan/.m2/repository/org/jboss/spec/javax/transaction/jboss-transaction-api_1.1_spec/1.0.0.Final/jboss-transaction-api_1.1_spec-1.0.0.Final.jar:/home/dylan/.m2/repository/dom4j/dom4j/1.6.1/dom4j-1.6.1.jar:/home/dylan/.m2/repository/org/javassist/javassist/3.15.0-GA/javassist-3.15.0-GA.jar:/home/dylan/.m2/repository/org/hibernate/common/hibernate-commons-annotations/4.0.1.Final/hibernate-commons-annotations-4.0.1.Final.jar:/home/dylan/.m2/repository/org/hibernate/hibernate-entitymanager/4.1.8.Final/hibernate-entitymanager-4.1.8.Final.jar:/home/dylan/.m2/repository/org/hibernate/javax/persistence/hibernate-jpa-2.0-api/1.0.1.Final/hibernate-jpa-2.0-api-1.0.1.Final.jar:/home/dylan/.m2/repository/commons-collections/commons-collections/3.2.1/commons-collections-3.2.1.jar:/home/dylan/.m2/repository/org/hibernate/hibernate-validator/4.3.1.Final/hibernate-validator-4.3.1.Final.jar:/home/dylan/.m2/repository/javax/validation/validation-api/1.0.0.GA/validation-api-1.0.0.GA.jar:/home/dylan/.m2/repository/cglib/cglib-nodep/2.2.2/cglib-nodep-2.2.2.jar:/home/dylan/.m2/repository/javax/transaction/jta/1.1/jta-1.1.jar:/home/dylan/.m2/repository/org/springframework/spring-jdbc/3.2.0.RELEASE/spring-jdbc-3.2.0.RELEASE.jar:/home/dylan/.m2/repository/org/springframework/spring-tx/3.2.0.RELEASE/spring-tx-3.2.0.RELEASE.jar:/home/dylan/.m2/repository/org/springframework/spring-orm/3.2.0.RELEASE/spring-orm-3.2.0.RELEASE.jar:/home/dylan/.m2/repository/commons-pool/commons-pool/1.5.6/commons-pool-1.5.6.jar:/home/dylan/.m2/repository/commons-dbcp/commons-dbcp/1.3/commons-dbcp-1.3.jar:/home/dylan/.m2/repository/org/springframework/spring-webmvc/3.2.0.RELEASE/spring-webmvc-3.2.0.RELEASE.jar:/home/dylan/.m2/repository/org/springframework/spring-web/3.2.0.RELEASE/spring-web-3.2.0.RELEASE.jar:/home/dylan/.m2/repository/org/springframework/webflow/spring-js-resources/2.2.1.RELEASE/spring-js-resources-2.2.1.RELEASE.jar:/home/dylan/.m2/repository/commons-digester/commons-digester/2.1/commons-digester-2.1.jar:/home/dylan/.m2/repository/commons-beanutils/commons-beanutils/1.8.3/commons-beanutils-1.8.3.jar:/home/dylan/.m2/repository/commons-fileupload/commons-fileupload/1.2.2/commons-fileupload-1.2.2.jar:/home/dylan/.m2/repository/javax/servlet/jsp/jstl/jstl-api/1.2/jstl-api-1.2.jar:/home/dylan/.m2/repository/org/glassfish/web/jstl-impl/1.2/jstl-impl-1.2.jar:/home/dylan/.m2/repository/javax/el/el-api/2.2/el-api-2.2.jar:/home/dylan/.m2/repository/joda-time/joda-time/1.6/joda-time-1.6.jar:/home/dylan/.m2/repository/javax/servlet/jsp/jsp-api/2.1/jsp-api-2.1.jar:/home/dylan/.m2/repository/commons-codec/commons-codec/1.5/commons-codec-1.5.jar:/home/dylan/.m2/repository/org/apache/tiles/tiles-jsp/2.2.2/tiles-jsp-2.2.2.jar:/home/dylan/.m2/repository/org/apache/tiles/tiles-servlet/2.2.2/tiles-servlet-2.2.2.jar:/home/dylan/.m2/repository/org/apache/tiles/tiles-core/2.2.2/tiles-core-2.2.2.jar:/home/dylan/.m2/repository/org/apache/tiles/tiles-template/2.2.2/tiles-template-2.2.2.jar:/home/dylan/.m2/repository/org/apache/tiles/tiles-api/2.2.2/tiles-api-2.2.2.jar:/home/dylan/.m2/repository/mysql/mysql-connector-java/5.1.18/mysql-connector-java-5.1.18.jar:/home/dylan/.m2/repository/org/codehaus/jackson/jackson-core-asl/1.9.12/jackson-core-asl-1.9.12.jar:/home/dylan/.m2/repository/org/codehaus/jackson/jackson-mapper-asl/1.9.12/jackson-mapper-asl-1.9.12.jar:/home/dylan/.m2/repository/org/apache/httpcomponents/httpclient/4.2.5/httpclient-4.2.5.jar:/home/dylan/.m2/repository/org/apache/httpcomponents/httpcore/4.2.4/httpcore-4.2.4.jar:/home/dylan/.m2/repository/commons-logging/commons-logging/1.1.1/commons-logging-1.1.1.jar:/home/dylan/.m2/repository/com/google/code/gson/gson/2.2.4/gson-2.2.4.jar:, hibernate.bytecode.use_reflection_optimizer=false, c3p0.timeout=1800, java.vm.specification.name=Java Virtual Machine Specification, java.vm.specification.version=1.7, sun.cpu.endian=little, hibernate.ejb.naming_strategy=org.hibernate.cfg.ImprovedNamingStrategy, sun.os.patch.level=unknown, hibernate.connection.provider_class=org.hibernate.ejb.connection.InjectedDataSourceConnectionProvider, surefire.test.class.path=/media/hybrid/workspace/meme_gen/mgs_v1/target/test-classes:/media/hybrid/workspace/meme_gen/mgs_v1/target/classes:/home/dylan/.m2/repository/junit/junit/4.10/junit-4.10.jar:/home/dylan/.m2/repository/org/hamcrest/hamcrest-core/1.1/hamcrest-core-1.1.jar:/home/dylan/.m2/repository/log4j/log4j/1.2.17/log4j-1.2.17.jar:/home/dylan/.m2/repository/org/slf4j/slf4j-api/1.7.2/slf4j-api-1.7.2.jar:/home/dylan/.m2/repository/org/slf4j/jcl-over-slf4j/1.7.2/jcl-over-slf4j-1.7.2.jar:/home/dylan/.m2/repository/org/slf4j/slf4j-log4j12/1.7.2/slf4j-log4j12-1.7.2.jar:/home/dylan/.m2/repository/org/aspectj/aspectjrt/1.7.0/aspectjrt-1.7.0.jar:/home/dylan/.m2/repository/org/aspectj/aspectjweaver/1.7.0/aspectjweaver-1.7.0.jar:/home/dylan/.m2/repository/javax/servlet/servlet-api/2.5/servlet-api-2.5.jar:/home/dylan/.m2/repository/net/sf/flexjson/flexjson/2.1/flexjson-2.1.jar:/home/dylan/.m2/repository/org/apache/commons/commons-lang3/3.1/commons-lang3-3.1.jar:/home/dylan/.m2/repository/org/springframework/roo/org.springframework.roo.annotations/1.2.3.RELEASE/org.springframework.roo.annotations-1.2.3.RELEASE.jar:/home/dylan/.m2/repository/commons-io/commons-io/2.1/commons-io-2.1.jar:/home/dylan/.m2/repository/org/springframework/spring-core/3.2.0.RELEASE/spring-core-3.2.0.RELEASE.jar:/home/dylan/.m2/repository/org/springframework/spring-test/3.2.0.RELEASE/spring-test-3.2.0.RELEASE.jar:/home/dylan/.m2/repository/org/springframework/spring-context/3.2.0.RELEASE/spring-context-3.2.0.RELEASE.jar:/home/dylan/.m2/repository/org/springframework/spring-expression/3.2.0.RELEASE/spring-expression-3.2.0.RELEASE.jar:/home/dylan/.m2/repository/org/springframework/spring-beans/3.2.0.RELEASE/spring-beans-3.2.0.RELEASE.jar:/home/dylan/.m2/repository/org/springframework/spring-aop/3.2.0.RELEASE/spring-aop-3.2.0.RELEASE.jar:/home/dylan/.m2/repository/aopalliance/aopalliance/1.0/aopalliance-1.0.jar:/home/dylan/.m2/repository/org/springframework/spring-aspects/3.2.0.RELEASE/spring-aspects-3.2.0.RELEASE.jar:/home/dylan/.m2/repository/org/springframework/spring-context-support/3.2.0.RELEASE/spring-context-support-3.2.0.RELEASE.jar:/home/dylan/.m2/repository/org/hibernate/hibernate-core/4.1.8.Final/hibernate-core-4.1.8.Final.jar:/home/dylan/.m2/repository/antlr/antlr/2.7.7/antlr-2.7.7.jar:/home/dylan/.m2/repository/org/jboss/logging/jboss-logging/3.1.0.GA/jboss-logging-3.1.0.GA.jar:/home/dylan/.m2/repository/org/jboss/spec/javax/transaction/jboss-transaction-api_1.1_spec/1.0.0.Final/jboss-transaction-api_1.1_spec-1.0.0.Final.jar:/home/dylan/.m2/repository/dom4j/dom4j/1.6.1/dom4j-1.6.1.jar:/home/dylan/.m2/repository/org/javassist/javassist/3.15.0-GA/javassist-3.15.0-GA.jar:/home/dylan/.m2/repository/org/hibernate/common/hibernate-commons-annotations/4.0.1.Final/hibernate-commons-annotations-4.0.1.Final.jar:/home/dylan/.m2/repository/org/hibernate/hibernate-entitymanager/4.1.8.Final/hibernate-entitymanager-4.1.8.Final.jar:/home/dylan/.m2/repository/org/hibernate/javax/persistence/hibernate-jpa-2.0-api/1.0.1.Final/hibernate-jpa-2.0-api-1.0.1.Final.jar:/home/dylan/.m2/repository/commons-collections/commons-collections/3.2.1/commons-collections-3.2.1.jar:/home/dylan/.m2/repository/org/hibernate/hibernate-validator/4.3.1.Final/hibernate-validator-4.3.1.Final.jar:/home/dylan/.m2/repository/javax/validation/validation-api/1.0.0.GA/validation-api-1.0.0.GA.jar:/home/dylan/.m2/repository/cglib/cglib-nodep/2.2.2/cglib-nodep-2.2.2.jar:/home/dylan/.m2/repository/javax/transaction/jta/1.1/jta-1.1.jar:/home/dylan/.m2/repository/org/springframework/spring-jdbc/3.2.0.RELEASE/spring-jdbc-3.2.0.RELEASE.jar:/home/dylan/.m2/repository/org/springframework/spring-tx/3.2.0.RELEASE/spring-tx-3.2.0.RELEASE.jar:/home/dylan/.m2/repository/org/springframework/spring-orm/3.2.0.RELEASE/spring-orm-3.2.0.RELEASE.jar:/home/dylan/.m2/repository/commons-pool/commons-pool/1.5.6/commons-pool-1.5.6.jar:/home/dylan/.m2/repository/commons-dbcp/commons-dbcp/1.3/commons-dbcp-1.3.jar:/home/dylan/.m2/repository/org/springframework/spring-webmvc/3.2.0.RELEASE/spring-webmvc-3.2.0.RELEASE.jar:/home/dylan/.m2/repository/org/springframework/spring-web/3.2.0.RELEASE/spring-web-3.2.0.RELEASE.jar:/home/dylan/.m2/repository/org/springframework/webflow/spring-js-resources/2.2.1.RELEASE/spring-js-resources-2.2.1.RELEASE.jar:/home/dylan/.m2/repository/commons-digester/commons-digester/2.1/commons-digester-2.1.jar:/home/dylan/.m2/repository/commons-beanutils/commons-beanutils/1.8.3/commons-beanutils-1.8.3.jar:/home/dylan/.m2/repository/commons-fileupload/commons-fileupload/1.2.2/commons-fileupload-1.2.2.jar:/home/dylan/.m2/repository/javax/servlet/jsp/jstl/jstl-api/1.2/jstl-api-1.2.jar:/home/dylan/.m2/repository/org/glassfish/web/jstl-impl/1.2/jstl-impl-1.2.jar:/home/dylan/.m2/repository/javax/el/el-api/2.2/el-api-2.2.jar:/home/dylan/.m2/repository/joda-time/joda-time/1.6/joda-time-1.6.jar:/home/dylan/.m2/repository/javax/servlet/jsp/jsp-api/2.1/jsp-api-2.1.jar:/home/dylan/.m2/repository/commons-codec/commons-codec/1.5/commons-codec-1.5.jar:/home/dylan/.m2/repository/org/apache/tiles/tiles-jsp/2.2.2/tiles-jsp-2.2.2.jar:/home/dylan/.m2/repository/org/apache/tiles/tiles-servlet/2.2.2/tiles-servlet-2.2.2.jar:/home/dylan/.m2/repository/org/apache/tiles/tiles-core/2.2.2/tiles-core-2.2.2.jar:/home/dylan/.m2/repository/org/apache/tiles/tiles-template/2.2.2/tiles-template-2.2.2.jar:/home/dylan/.m2/repository/org/apache/tiles/tiles-api/2.2.2/tiles-api-2.2.2.jar:/home/dylan/.m2/repository/mysql/mysql-connector-java/5.1.18/mysql-connector-java-5.1.18.jar:/home/dylan/.m2/repository/org/codehaus/jackson/jackson-core-asl/1.9.12/jackson-core-asl-1.9.12.jar:/home/dylan/.m2/repository/org/codehaus/jackson/jackson-mapper-asl/1.9.12/jackson-mapper-asl-1.9.12.jar:/home/dylan/.m2/repository/org/apache/httpcomponents/httpclient/4.2.5/httpclient-4.2.5.jar:/home/dylan/.m2/repository/org/apache/httpcomponents/httpcore/4.2.4/httpcore-4.2.4.jar:/home/dylan/.m2/repository/commons-logging/commons-logging/1.1.1/commons-logging-1.1.1.jar:/home/dylan/.m2/repository/com/google/code/gson/gson/2.2.4/gson-2.2.4.jar:, java.io.tmpdir=/tmp, java.vendor.url.bug=http://bugreport.sun.com/bugreport/, javax.persistence.sharedCache.mode=UNSPECIFIED, hibernate.default_schema=mgsdbv1, os.arch=amd64, java.awt.graphicsenv=sun.awt.X11GraphicsEnvironment, java.ext.dirs=/usr/lib/jvm/java-7-oracle/jre/lib/ext:/usr/java/packages/lib/ext, user.dir=/media/hybrid/workspace/meme_gen/mgs_v1, line.separator=
, java.vm.name=Java HotSpot(TM) 64-Bit Server VM, basedir=/media/hybrid/workspace/meme_gen/mgs_v1, file.encoding=UTF-8, hibernate.use_identifier_rollback=false, java.specification.version=1.7}
2013-07-13 17:19:39,427 [main] INFO  org.hibernate.validator.internal.util.Version - HV000001: Hibernate Validator 4.3.1.Final
2013-07-13 17:19:39,435 [main] DEBUG org.hibernate.validator.internal.engine.resolver.DefaultTraversableResolver - Found javax.persistence.Persistence on classpath containing &apos;getPersistenceUtil&apos;. Assuming JPA 2 environment. Trying to instantiate JPA aware TraversableResolver
2013-07-13 17:19:39,436 [main] DEBUG org.hibernate.validator.internal.engine.resolver.DefaultTraversableResolver - Instantiated JPA aware TraversableResolver of type org.hibernate.validator.internal.engine.resolver.JPATraversableResolver.
2013-07-13 17:19:39,438 [main] DEBUG org.hibernate.validator.internal.xml.ValidationXmlParser - Trying to load META-INF/validation.xml for XML based Validator configuration.
2013-07-13 17:19:39,441 [main] DEBUG org.hibernate.validator.internal.xml.ValidationXmlParser - No META-INF/validation.xml found. Using annotation based configuration only.
2013-07-13 17:19:39,500 [main] TRACE org.hibernate.validator.internal.metadata.aggregated.BeanMetaDataImpl - Members of the default group sequence for bean com.eastapps.mgs.model.SampleMeme are: [interface javax.validation.groups.Default].
2013-07-13 17:19:39,507 [main] TRACE org.hibernate.validator.internal.metadata.aggregated.BeanMetaDataImpl - Members of the default group sequence for bean com.eastapps.mgs.model.MemeText are: [interface javax.validation.groups.Default].
2013-07-13 17:19:39,511 [main] TRACE org.hibernate.validator.internal.metadata.aggregated.BeanMetaDataImpl - Members of the default group sequence for bean com.eastapps.mgs.model.DeviceInfo are: [interface javax.validation.groups.Default].
2013-07-13 17:19:39,514 [main] TRACE org.hibernate.validator.internal.metadata.aggregated.BeanMetaDataImpl - Members of the default group sequence for bean com.eastapps.mgs.model.CrawlerBackground are: [interface javax.validation.groups.Default].
2013-07-13 17:19:39,519 [main] TRACE org.hibernate.validator.internal.metadata.aggregated.BeanMetaDataImpl - Members of the default group sequence for bean com.eastapps.mgs.model.Meme are: [interface javax.validation.groups.Default].
2013-07-13 17:19:39,523 [main] TRACE org.hibernate.validator.internal.metadata.aggregated.BeanMetaDataImpl - Members of the default group sequence for bean com.eastapps.mgs.model.MemeUser are: [interface javax.validation.groups.Default].
2013-07-13 17:19:39,534 [main] TRACE org.hibernate.validator.internal.metadata.aggregated.BeanMetaDataImpl - Members of the default group sequence for bean com.eastapps.mgs.model.MemeBackground are: [interface javax.validation.groups.Default].
2013-07-13 17:19:39,540 [main] TRACE org.hibernate.validator.internal.metadata.aggregated.BeanMetaDataImpl - Members of the default group sequence for bean com.eastapps.mgs.model.CrawlerMeme are: [interface javax.validation.groups.Default].
2013-07-13 17:19:39,541 [main] TRACE org.hibernate.service.internal.AbstractServiceRegistryImpl - Initializing service [role=org.hibernate.event.service.spi.EventListenerRegistry]
2013-07-13 17:19:39,575 [main] DEBUG org.hibernate.validator.internal.engine.resolver.DefaultTraversableResolver - Found javax.persistence.Persistence on classpath containing &apos;getPersistenceUtil&apos;. Assuming JPA 2 environment. Trying to instantiate JPA aware TraversableResolver
2013-07-13 17:19:39,575 [main] DEBUG org.hibernate.validator.internal.engine.resolver.DefaultTraversableResolver - Instantiated JPA aware TraversableResolver of type org.hibernate.validator.internal.engine.resolver.JPATraversableResolver.
2013-07-13 17:19:39,575 [main] DEBUG org.hibernate.validator.internal.xml.ValidationXmlParser - Trying to load META-INF/validation.xml for XML based Validator configuration.
2013-07-13 17:19:39,575 [main] DEBUG org.hibernate.validator.internal.xml.ValidationXmlParser - No META-INF/validation.xml found. Using annotation based configuration only.
2013-07-13 17:19:39,611 [main] DEBUG org.hibernate.id.factory.internal.DefaultIdentifierGeneratorFactory - Setting dialect [org.hibernate.dialect.MySQL5InnoDBDialect]
2013-07-13 17:19:39,612 [main] DEBUG org.hibernate.id.factory.internal.DefaultIdentifierGeneratorFactory - Setting dialect [org.hibernate.dialect.MySQL5InnoDBDialect]
2013-07-13 17:19:39,612 [main] DEBUG org.hibernate.id.factory.internal.DefaultIdentifierGeneratorFactory - Setting dialect [org.hibernate.dialect.MySQL5InnoDBDialect]
2013-07-13 17:19:39,612 [main] DEBUG org.hibernate.id.factory.internal.DefaultIdentifierGeneratorFactory - Setting dialect [org.hibernate.dialect.MySQL5InnoDBDialect]
2013-07-13 17:19:39,612 [main] DEBUG org.hibernate.id.factory.internal.DefaultIdentifierGeneratorFactory - Setting dialect [org.hibernate.dialect.MySQL5InnoDBDialect]
2013-07-13 17:19:39,612 [main] DEBUG org.hibernate.id.factory.internal.DefaultIdentifierGeneratorFactory - Setting dialect [org.hibernate.dialect.MySQL5InnoDBDialect]
2013-07-13 17:19:39,613 [main] DEBUG org.hibernate.id.factory.internal.DefaultIdentifierGeneratorFactory - Setting dialect [org.hibernate.dialect.MySQL5InnoDBDialect]
2013-07-13 17:19:39,613 [main] DEBUG org.hibernate.id.factory.internal.DefaultIdentifierGeneratorFactory - Setting dialect [org.hibernate.dialect.MySQL5InnoDBDialect]
2013-07-13 17:19:39,614 [main] TRACE org.hibernate.service.internal.AbstractServiceRegistryImpl - Initializing service [role=org.hibernate.persister.spi.PersisterFactory]
2013-07-13 17:19:39,618 [main] TRACE org.hibernate.service.internal.AbstractServiceRegistryImpl - Initializing service [role=org.hibernate.persister.spi.PersisterClassResolver]
2013-07-13 17:19:39,683 [main] TRACE org.hibernate.persister.entity.AbstractPropertyMapping - Skipping duplicate registration of path [background.id], existing type = [org.hibernate.type.LongType@3064a965], incoming type = [org.hibernate.type.LongType@3064a965]
2013-07-13 17:19:39,683 [main] TRACE org.hibernate.persister.entity.AbstractPropertyMapping - Skipping duplicate registration of path [sampleMeme.id], existing type = [org.hibernate.type.LongType@3064a965], incoming type = [org.hibernate.type.LongType@3064a965]
2013-07-13 17:19:39,683 [main] TRACE org.hibernate.persister.entity.AbstractPropertyMapping - Skipping duplicate registration of path [background], existing type = [org.hibernate.type.ManyToOneType(com.eastapps.mgs.model.MemeBackground)], incoming type = [org.hibernate.type.ManyToOneType(com.eastapps.mgs.model.MemeBackground)]
2013-07-13 17:19:39,683 [main] TRACE org.hibernate.persister.entity.AbstractPropertyMapping - Skipping duplicate registration of path [background.id], existing type = [org.hibernate.type.LongType@3064a965], incoming type = [org.hibernate.type.LongType@3064a965]
2013-07-13 17:19:39,683 [main] TRACE org.hibernate.persister.entity.AbstractPropertyMapping - Skipping duplicate registration of path [background.id], existing type = [org.hibernate.type.LongType@3064a965], incoming type = [org.hibernate.type.LongType@3064a965]
2013-07-13 17:19:39,684 [main] TRACE org.hibernate.persister.entity.AbstractPropertyMapping - Skipping duplicate registration of path [sampleMeme], existing type = [org.hibernate.type.ManyToOneType(com.eastapps.mgs.model.Meme)], incoming type = [org.hibernate.type.ManyToOneType(com.eastapps.mgs.model.Meme)]
2013-07-13 17:19:39,684 [main] TRACE org.hibernate.persister.entity.AbstractPropertyMapping - Skipping duplicate registration of path [sampleMeme.id], existing type = [org.hibernate.type.LongType@3064a965], incoming type = [org.hibernate.type.LongType@3064a965]
2013-07-13 17:19:39,684 [main] TRACE org.hibernate.persister.entity.AbstractPropertyMapping - Skipping duplicate registration of path [sampleMeme.id], existing type = [org.hibernate.type.LongType@3064a965], incoming type = [org.hibernate.type.LongType@3064a965]
2013-07-13 17:19:39,684 [main] TRACE org.hibernate.persister.entity.AbstractPropertyMapping - Skipping duplicate registration of path [version], existing type = [org.hibernate.type.IntegerType@580bd4ff], incoming type = [org.hibernate.type.IntegerType@580bd4ff]
2013-07-13 17:19:39,684 [main] TRACE org.hibernate.persister.entity.AbstractPropertyMapping - Skipping duplicate registration of path [id], existing type = [org.hibernate.type.LongType@3064a965], incoming type = [org.hibernate.type.LongType@3064a965]
2013-07-13 17:19:39,688 [main] DEBUG org.hibernate.persister.entity.AbstractEntityPersister - Static SQL for entity: com.eastapps.mgs.model.SampleMeme
2013-07-13 17:19:39,688 [main] DEBUG org.hibernate.persister.entity.AbstractEntityPersister -  Version select: select version from mgsdbv1.sample_meme where id =?
2013-07-13 17:19:39,688 [main] DEBUG org.hibernate.persister.entity.AbstractEntityPersister -  Snapshot select: select samplememe_.id, samplememe_.background as background6_, samplememe_.sample_meme as sample4_6_, samplememe_.version as version6_ from mgsdbv1.sample_meme samplememe_ where samplememe_.id=?
2013-07-13 17:19:39,688 [main] DEBUG org.hibernate.persister.entity.AbstractEntityPersister -  Insert 0: insert into mgsdbv1.sample_meme (background, sample_meme, version, id) values (?, ?, ?, ?)
2013-07-13 17:19:39,688 [main] DEBUG org.hibernate.persister.entity.AbstractEntityPersister -  Update 0: update mgsdbv1.sample_meme set background=?, sample_meme=?, version=? where id=? and version=?
2013-07-13 17:19:39,688 [main] DEBUG org.hibernate.persister.entity.AbstractEntityPersister -  Delete 0: delete from mgsdbv1.sample_meme where id=? and version=?
2013-07-13 17:19:39,688 [main] DEBUG org.hibernate.persister.entity.AbstractEntityPersister -  Identity insert: insert into mgsdbv1.sample_meme (background, sample_meme, version) values (?, ?, ?)
2013-07-13 17:19:39,693 [main] TRACE org.hibernate.persister.entity.AbstractPropertyMapping - Skipping duplicate registration of path [fontSize], existing type = [org.hibernate.type.DoubleType@1080e4d6], incoming type = [org.hibernate.type.DoubleType@1080e4d6]
2013-07-13 17:19:39,693 [main] TRACE org.hibernate.persister.entity.AbstractPropertyMapping - Skipping duplicate registration of path [text], existing type = [org.hibernate.type.StringType@39722ed5], incoming type = [org.hibernate.type.StringType@39722ed5]
2013-07-13 17:19:39,693 [main] TRACE org.hibernate.persister.entity.AbstractPropertyMapping - Skipping duplicate registration of path [version], existing type = [org.hibernate.type.IntegerType@580bd4ff], incoming type = [org.hibernate.type.IntegerType@580bd4ff]
2013-07-13 17:19:39,693 [main] TRACE org.hibernate.persister.entity.AbstractPropertyMapping - Skipping duplicate registration of path [id], existing type = [org.hibernate.type.LongType@3064a965], incoming type = [org.hibernate.type.LongType@3064a965]
2013-07-13 17:19:39,694 [main] DEBUG org.hibernate.persister.entity.AbstractEntityPersister - Static SQL for entity: com.eastapps.mgs.model.MemeText
2013-07-13 17:19:39,694 [main] DEBUG org.hibernate.persister.entity.AbstractEntityPersister -  Version select: select version from mgsdbv1.meme_text where id =?
2013-07-13 17:19:39,694 [main] DEBUG org.hibernate.persister.entity.AbstractEntityPersister -  Snapshot select: select memetext_.id, memetext_.font_size as font2_3_, memetext_.text as text3_, memetext_.version as version3_ from mgsdbv1.meme_text memetext_ where memetext_.id=?
2013-07-13 17:19:39,694 [main] DEBUG org.hibernate.persister.entity.AbstractEntityPersister -  Insert 0: insert into mgsdbv1.meme_text (font_size, text, version, id) values (?, ?, ?, ?)
2013-07-13 17:19:39,694 [main] DEBUG org.hibernate.persister.entity.AbstractEntityPersister -  Update 0: update mgsdbv1.meme_text set font_size=?, text=?, version=? where id=? and version=?
2013-07-13 17:19:39,694 [main] DEBUG org.hibernate.persister.entity.AbstractEntityPersister -  Delete 0: delete from mgsdbv1.meme_text where id=? and version=?
2013-07-13 17:19:39,694 [main] DEBUG org.hibernate.persister.entity.AbstractEntityPersister -  Identity insert: insert into mgsdbv1.meme_text (font_size, text, version) values (?, ?, ?)
2013-07-13 17:19:39,699 [main] TRACE org.hibernate.persister.entity.AbstractPropertyMapping - Skipping duplicate registration of path [deviceUser.id], existing type = [org.hibernate.type.LongType@3064a965], incoming type = [org.hibernate.type.LongType@3064a965]
2013-07-13 17:19:39,699 [main] TRACE org.hibernate.persister.entity.AbstractPropertyMapping - Skipping duplicate registration of path [deviceUser], existing type = [org.hibernate.type.ManyToOneType(com.eastapps.mgs.model.MemeUser)], incoming type = [org.hibernate.type.ManyToOneType(com.eastapps.mgs.model.MemeUser)]
2013-07-13 17:19:39,699 [main] TRACE org.hibernate.persister.entity.AbstractPropertyMapping - Skipping duplicate registration of path [deviceUser.id], existing type = [org.hibernate.type.LongType@3064a965], incoming type = [org.hibernate.type.LongType@3064a965]
2013-07-13 17:19:39,699 [main] TRACE org.hibernate.persister.entity.AbstractPropertyMapping - Skipping duplicate registration of path [deviceUser.id], existing type = [org.hibernate.type.LongType@3064a965], incoming type = [org.hibernate.type.LongType@3064a965]
2013-07-13 17:19:39,699 [main] TRACE org.hibernate.persister.entity.AbstractPropertyMapping - Skipping duplicate registration of path [uniqueId], existing type = [org.hibernate.type.StringType@39722ed5], incoming type = [org.hibernate.type.StringType@39722ed5]
2013-07-13 17:19:39,699 [main] TRACE org.hibernate.persister.entity.AbstractPropertyMapping - Skipping duplicate registration of path [version], existing type = [org.hibernate.type.IntegerType@580bd4ff], incoming type = [org.hibernate.type.IntegerType@580bd4ff]
2013-07-13 17:19:39,699 [main] TRACE org.hibernate.persister.entity.AbstractPropertyMapping - Skipping duplicate registration of path [id], existing type = [org.hibernate.type.LongType@3064a965], incoming type = [org.hibernate.type.LongType@3064a965]
2013-07-13 17:19:39,700 [main] DEBUG org.hibernate.persister.entity.AbstractEntityPersister - Static SQL for entity: com.eastapps.mgs.model.DeviceInfo
2013-07-13 17:19:39,700 [main] DEBUG org.hibernate.persister.entity.AbstractEntityPersister -  Version select: select version from mgsdbv1.device_info where id =?
2013-07-13 17:19:39,700 [main] DEBUG org.hibernate.persister.entity.AbstractEntityPersister -  Snapshot select: select deviceinfo_.id, deviceinfo_.device_user as device4_5_, deviceinfo_.unique_id as unique2_5_, deviceinfo_.version as version5_ from mgsdbv1.device_info deviceinfo_ where deviceinfo_.id=?
2013-07-13 17:19:39,700 [main] DEBUG org.hibernate.persister.entity.AbstractEntityPersister -  Insert 0: insert into mgsdbv1.device_info (device_user, unique_id, version, id) values (?, ?, ?, ?)
2013-07-13 17:19:39,700 [main] DEBUG org.hibernate.persister.entity.AbstractEntityPersister -  Update 0: update mgsdbv1.device_info set device_user=?, unique_id=?, version=? where id=? and version=?
2013-07-13 17:19:39,700 [main] DEBUG org.hibernate.persister.entity.AbstractEntityPersister -  Delete 0: delete from mgsdbv1.device_info where id=? and version=?
2013-07-13 17:19:39,700 [main] DEBUG org.hibernate.persister.entity.AbstractEntityPersister -  Identity insert: insert into mgsdbv1.device_info (device_user, unique_id, version) values (?, ?, ?)
2013-07-13 17:19:39,705 [main] TRACE org.hibernate.persister.entity.AbstractPropertyMapping - Skipping duplicate registration of path [crawlerImgDesc], existing type = [org.hibernate.type.StringType@39722ed5], incoming type = [org.hibernate.type.StringType@39722ed5]
2013-07-13 17:19:39,705 [main] TRACE org.hibernate.persister.entity.AbstractPropertyMapping - Skipping duplicate registration of path [crawlerImgFilename], existing type = [org.hibernate.type.StringType@39722ed5], incoming type = [org.hibernate.type.StringType@39722ed5]
2013-07-13 17:19:39,705 [main] TRACE org.hibernate.persister.entity.AbstractPropertyMapping - Skipping duplicate registration of path [sourceDesc], existing type = [org.hibernate.type.StringType@39722ed5], incoming type = [org.hibernate.type.StringType@39722ed5]
2013-07-13 17:19:39,705 [main] TRACE org.hibernate.persister.entity.AbstractPropertyMapping - Skipping duplicate registration of path [version], existing type = [org.hibernate.type.IntegerType@580bd4ff], incoming type = [org.hibernate.type.IntegerType@580bd4ff]
2013-07-13 17:19:39,705 [main] TRACE org.hibernate.persister.entity.AbstractPropertyMapping - Skipping duplicate registration of path [id], existing type = [org.hibernate.type.LongType@3064a965], incoming type = [org.hibernate.type.LongType@3064a965]
2013-07-13 17:19:39,706 [main] DEBUG org.hibernate.persister.entity.AbstractEntityPersister - Static SQL for entity: com.eastapps.mgs.model.CrawlerBackground
2013-07-13 17:19:39,706 [main] DEBUG org.hibernate.persister.entity.AbstractEntityPersister -  Version select: select version from mgsdbv1.crawler_background where id =?
2013-07-13 17:19:39,706 [main] DEBUG org.hibernate.persister.entity.AbstractEntityPersister -  Snapshot select: select crawlerbac_.id, crawlerbac_.crawler_img_desc as crawler2_4_, crawlerbac_.crawler_img_filename as crawler3_4_, crawlerbac_.source_desc as source4_4_, crawlerbac_.version as version4_ from mgsdbv1.crawler_background crawlerbac_ where crawlerbac_.id=?
2013-07-13 17:19:39,706 [main] DEBUG org.hibernate.persister.entity.AbstractEntityPersister -  Insert 0: insert into mgsdbv1.crawler_background (crawler_img_desc, crawler_img_filename, source_desc, version, id) values (?, ?, ?, ?, ?)
2013-07-13 17:19:39,706 [main] DEBUG org.hibernate.persister.entity.AbstractEntityPersister -  Update 0: update mgsdbv1.crawler_background set crawler_img_desc=?, crawler_img_filename=?, source_desc=?, version=? where id=? and version=?
2013-07-13 17:19:39,706 [main] DEBUG org.hibernate.persister.entity.AbstractEntityPersister -  Delete 0: delete from mgsdbv1.crawler_background where id=? and version=?
2013-07-13 17:19:39,706 [main] DEBUG org.hibernate.persister.entity.AbstractEntityPersister -  Identity insert: insert into mgsdbv1.crawler_background (crawler_img_desc, crawler_img_filename, source_desc, version) values (?, ?, ?, ?)
2013-07-13 17:19:39,712 [main] TRACE org.hibernate.persister.entity.AbstractPropertyMapping - Skipping duplicate registration of path [bottomText.id], existing type = [org.hibernate.type.LongType@3064a965], incoming type = [org.hibernate.type.LongType@3064a965]
2013-07-13 17:19:39,712 [main] TRACE org.hibernate.persister.entity.AbstractPropertyMapping - Skipping duplicate registration of path [createdByUser.id], existing type = [org.hibernate.type.LongType@3064a965], incoming type = [org.hibernate.type.LongType@3064a965]
2013-07-13 17:19:39,712 [main] TRACE org.hibernate.persister.entity.AbstractPropertyMapping - Skipping duplicate registration of path [memeBackground.id], existing type = [org.hibernate.type.LongType@3064a965], incoming type = [org.hibernate.type.LongType@3064a965]
2013-07-13 17:19:39,712 [main] TRACE org.hibernate.persister.entity.AbstractPropertyMapping - Skipping duplicate registration of path [topText.id], existing type = [org.hibernate.type.LongType@3064a965], incoming type = [org.hibernate.type.LongType@3064a965]
2013-07-13 17:19:39,712 [main] TRACE org.hibernate.persister.entity.AbstractPropertyMapping - Skipping duplicate registration of path [bottomText], existing type = [org.hibernate.type.ManyToOneType(com.eastapps.mgs.model.MemeText)], incoming type = [org.hibernate.type.ManyToOneType(com.eastapps.mgs.model.MemeText)]
2013-07-13 17:19:39,712 [main] TRACE org.hibernate.persister.entity.AbstractPropertyMapping - Skipping duplicate registration of path [bottomText.id], existing type = [org.hibernate.type.LongType@3064a965], incoming type = [org.hibernate.type.LongType@3064a965]
2013-07-13 17:19:39,713 [main] TRACE org.hibernate.persister.entity.AbstractPropertyMapping - Skipping duplicate registration of path [bottomText.id], existing type = [org.hibernate.type.LongType@3064a965], incoming type = [org.hibernate.type.LongType@3064a965]
2013-07-13 17:19:39,713 [main] TRACE org.hibernate.persister.entity.AbstractPropertyMapping - Skipping duplicate registration of path [createdByUser], existing type = [org.hibernate.type.ManyToOneType(com.eastapps.mgs.model.MemeUser)], incoming type = [org.hibernate.type.ManyToOneType(com.eastapps.mgs.model.MemeUser)]
2013-07-13 17:19:39,713 [main] TRACE org.hibernate.persister.entity.AbstractPropertyMapping - Skipping duplicate registration of path [createdByUser.id], existing type = [org.hibernate.type.LongType@3064a965], incoming type = [org.hibernate.type.LongType@3064a965]
2013-07-13 17:19:39,713 [main] TRACE org.hibernate.persister.entity.AbstractPropertyMapping - Skipping duplicate registration of path [createdByUser.id], existing type = [org.hibernate.type.LongType@3064a965], incoming type = [org.hibernate.type.LongType@3064a965]
2013-07-13 17:19:39,713 [main] TRACE org.hibernate.persister.entity.AbstractPropertyMapping - Skipping duplicate registration of path [memeBackground], existing type = [org.hibernate.type.ManyToOneType(com.eastapps.mgs.model.MemeBackground)], incoming type = [org.hibernate.type.ManyToOneType(com.eastapps.mgs.model.MemeBackground)]
2013-07-13 17:19:39,713 [main] TRACE org.hibernate.persister.entity.AbstractPropertyMapping - Skipping duplicate registration of path [memeBackground.id], existing type = [org.hibernate.type.LongType@3064a965], incoming type = [org.hibernate.type.LongType@3064a965]
2013-07-13 17:19:39,713 [main] TRACE org.hibernate.persister.entity.AbstractPropertyMapping - Skipping duplicate registration of path [memeBackground.id], existing type = [org.hibernate.type.LongType@3064a965], incoming type = [org.hibernate.type.LongType@3064a965]
2013-07-13 17:19:39,713 [main] TRACE org.hibernate.persister.entity.AbstractPropertyMapping - Skipping duplicate registration of path [topText], existing type = [org.hibernate.type.ManyToOneType(com.eastapps.mgs.model.MemeText)], incoming type = [org.hibernate.type.ManyToOneType(com.eastapps.mgs.model.MemeText)]
2013-07-13 17:19:39,713 [main] TRACE org.hibernate.persister.entity.AbstractPropertyMapping - Skipping duplicate registration of path [topText.id], existing type = [org.hibernate.type.LongType@3064a965], incoming type = [org.hibernate.type.LongType@3064a965]
2013-07-13 17:19:39,713 [main] TRACE org.hibernate.persister.entity.AbstractPropertyMapping - Skipping duplicate registration of path [topText.id], existing type = [org.hibernate.type.LongType@3064a965], incoming type = [org.hibernate.type.LongType@3064a965]
2013-07-13 17:19:39,714 [main] TRACE org.hibernate.persister.entity.AbstractPropertyMapping - Skipping duplicate registration of path [version], existing type = [org.hibernate.type.IntegerType@580bd4ff], incoming type = [org.hibernate.type.IntegerType@580bd4ff]
2013-07-13 17:19:39,714 [main] TRACE org.hibernate.persister.entity.AbstractPropertyMapping - Skipping duplicate registration of path [id], existing type = [org.hibernate.type.LongType@3064a965], incoming type = [org.hibernate.type.LongType@3064a965]
2013-07-13 17:19:39,714 [main] DEBUG org.hibernate.persister.entity.AbstractEntityPersister - Static SQL for entity: com.eastapps.mgs.model.Meme
2013-07-13 17:19:39,714 [main] DEBUG org.hibernate.persister.entity.AbstractEntityPersister -  Version select: select version from mgsdbv1.meme where id =?
2013-07-13 17:19:39,714 [main] DEBUG org.hibernate.persister.entity.AbstractEntityPersister -  Snapshot select: select meme_.id, meme_.bottom_text as bottom3_2_, meme_.created_by_user as created4_2_, meme_.meme_background as meme5_2_, meme_.top_text as top6_2_, meme_.version as version2_ from mgsdbv1.meme meme_ where meme_.id=?
2013-07-13 17:19:39,714 [main] DEBUG org.hibernate.persister.entity.AbstractEntityPersister -  Insert 0: insert into mgsdbv1.meme (bottom_text, created_by_user, meme_background, top_text, version, id) values (?, ?, ?, ?, ?, ?)
2013-07-13 17:19:39,714 [main] DEBUG org.hibernate.persister.entity.AbstractEntityPersister -  Update 0: update mgsdbv1.meme set bottom_text=?, created_by_user=?, meme_background=?, top_text=?, version=? where id=? and version=?
2013-07-13 17:19:39,714 [main] DEBUG org.hibernate.persister.entity.AbstractEntityPersister -  Delete 0: delete from mgsdbv1.meme where id=? and version=?
2013-07-13 17:19:39,715 [main] DEBUG org.hibernate.persister.entity.AbstractEntityPersister -  Identity insert: insert into mgsdbv1.meme (bottom_text, created_by_user, meme_background, top_text, version) values (?, ?, ?, ?, ?)
2013-07-13 17:19:39,721 [main] TRACE org.hibernate.persister.entity.AbstractPropertyMapping - Skipping duplicate registration of path [active], existing type = [org.hibernate.type.BooleanType@337a0b28], incoming type = [org.hibernate.type.BooleanType@337a0b28]
2013-07-13 17:19:39,721 [main] TRACE org.hibernate.persister.entity.AbstractPropertyMapping - Skipping duplicate registration of path [favoriteMemes], existing type = [org.hibernate.type.SetType(com.eastapps.mgs.model.MemeUser.favoriteMemes)], incoming type = [org.hibernate.type.SetType(com.eastapps.mgs.model.MemeUser.favoriteMemes)]
2013-07-13 17:19:39,722 [main] TRACE org.hibernate.persister.entity.AbstractPropertyMapping - Skipping duplicate registration of path [password], existing type = [org.hibernate.type.StringType@39722ed5], incoming type = [org.hibernate.type.StringType@39722ed5]
2013-07-13 17:19:39,722 [main] TRACE org.hibernate.persister.entity.AbstractPropertyMapping - Skipping duplicate registration of path [salt], existing type = [org.hibernate.type.StringType@39722ed5], incoming type = [org.hibernate.type.StringType@39722ed5]
2013-07-13 17:19:39,722 [main] TRACE org.hibernate.persister.entity.AbstractPropertyMapping - Skipping duplicate registration of path [username], existing type = [org.hibernate.type.StringType@39722ed5], incoming type = [org.hibernate.type.StringType@39722ed5]
2013-07-13 17:19:39,722 [main] TRACE org.hibernate.persister.entity.AbstractPropertyMapping - Skipping duplicate registration of path [version], existing type = [org.hibernate.type.IntegerType@580bd4ff], incoming type = [org.hibernate.type.IntegerType@580bd4ff]
2013-07-13 17:19:39,722 [main] TRACE org.hibernate.persister.entity.AbstractPropertyMapping - Skipping duplicate registration of path [id], existing type = [org.hibernate.type.LongType@3064a965], incoming type = [org.hibernate.type.LongType@3064a965]
2013-07-13 17:19:39,722 [main] DEBUG org.hibernate.persister.entity.AbstractEntityPersister - Static SQL for entity: com.eastapps.mgs.model.MemeUser
2013-07-13 17:19:39,722 [main] DEBUG org.hibernate.persister.entity.AbstractEntityPersister -  Version select: select version from mgsdbv1.meme_user where id =?
2013-07-13 17:19:39,722 [main] DEBUG org.hibernate.persister.entity.AbstractEntityPersister -  Snapshot select: select memeuser_.id, memeuser_.active as active1_, memeuser_.password as password1_, memeuser_.salt as salt1_, memeuser_.username as username1_, memeuser_.version as version1_ from mgsdbv1.meme_user memeuser_ where memeuser_.id=?
2013-07-13 17:19:39,723 [main] DEBUG org.hibernate.persister.entity.AbstractEntityPersister -  Insert 0: insert into mgsdbv1.meme_user (active, password, salt, username, version, id) values (?, ?, ?, ?, ?, ?)
2013-07-13 17:19:39,723 [main] DEBUG org.hibernate.persister.entity.AbstractEntityPersister -  Update 0: update mgsdbv1.meme_user set active=?, password=?, salt=?, username=?, version=? where id=? and version=?
2013-07-13 17:19:39,723 [main] DEBUG org.hibernate.persister.entity.AbstractEntityPersister -  Delete 0: delete from mgsdbv1.meme_user where id=? and version=?
2013-07-13 17:19:39,723 [main] DEBUG org.hibernate.persister.entity.AbstractEntityPersister -  Identity insert: insert into mgsdbv1.meme_user (active, password, salt, username, version) values (?, ?, ?, ?, ?)
2013-07-13 17:19:39,728 [main] TRACE org.hibernate.persister.entity.AbstractPropertyMapping - Skipping duplicate registration of path [active], existing type = [org.hibernate.type.BooleanType@337a0b28], incoming type = [org.hibernate.type.BooleanType@337a0b28]
2013-07-13 17:19:39,729 [main] TRACE org.hibernate.persister.entity.AbstractPropertyMapping - Skipping duplicate registration of path [description], existing type = [org.hibernate.type.StringType@39722ed5], incoming type = [org.hibernate.type.StringType@39722ed5]
2013-07-13 17:19:39,729 [main] TRACE org.hibernate.persister.entity.AbstractPropertyMapping - Skipping duplicate registration of path [filePath], existing type = [org.hibernate.type.StringType@39722ed5], incoming type = [org.hibernate.type.StringType@39722ed5]
2013-07-13 17:19:39,729 [main] TRACE org.hibernate.persister.entity.AbstractPropertyMapping - Skipping duplicate registration of path [version], existing type = [org.hibernate.type.IntegerType@580bd4ff], incoming type = [org.hibernate.type.IntegerType@580bd4ff]
2013-07-13 17:19:39,729 [main] TRACE org.hibernate.persister.entity.AbstractPropertyMapping - Skipping duplicate registration of path [id], existing type = [org.hibernate.type.LongType@3064a965], incoming type = [org.hibernate.type.LongType@3064a965]
2013-07-13 17:19:39,729 [main] DEBUG org.hibernate.persister.entity.AbstractEntityPersister - Static SQL for entity: com.eastapps.mgs.model.MemeBackground
2013-07-13 17:19:39,729 [main] DEBUG org.hibernate.persister.entity.AbstractEntityPersister -  Version select: select version from mgsdbv1.meme_background where id =?
2013-07-13 17:19:39,729 [main] DEBUG org.hibernate.persister.entity.AbstractEntityPersister -  Snapshot select: select memebackgr_.id, memebackgr_.active as active7_, memebackgr_.description as descript3_7_, memebackgr_.file_path as file4_7_, memebackgr_.version as version7_ from mgsdbv1.meme_background memebackgr_ where memebackgr_.id=?
2013-07-13 17:19:39,729 [main] DEBUG org.hibernate.persister.entity.AbstractEntityPersister -  Insert 0: insert into mgsdbv1.meme_background (active, description, file_path, version, id) values (?, ?, ?, ?, ?)
2013-07-13 17:19:39,730 [main] DEBUG org.hibernate.persister.entity.AbstractEntityPersister -  Update 0: update mgsdbv1.meme_background set active=?, description=?, file_path=?, version=? where id=? and version=?
2013-07-13 17:19:39,730 [main] DEBUG org.hibernate.persister.entity.AbstractEntityPersister -  Delete 0: delete from mgsdbv1.meme_background where id=? and version=?
2013-07-13 17:19:39,730 [main] DEBUG org.hibernate.persister.entity.AbstractEntityPersister -  Identity insert: insert into mgsdbv1.meme_background (active, description, file_path, version) values (?, ?, ?, ?)
2013-07-13 17:19:39,736 [main] TRACE org.hibernate.persister.entity.AbstractPropertyMapping - Skipping duplicate registration of path [bottomText], existing type = [org.hibernate.type.StringType@39722ed5], incoming type = [org.hibernate.type.StringType@39722ed5]
2013-07-13 17:19:39,736 [main] TRACE org.hibernate.persister.entity.AbstractPropertyMapping - Skipping duplicate registration of path [name], existing type = [org.hibernate.type.StringType@39722ed5], incoming type = [org.hibernate.type.StringType@39722ed5]
2013-07-13 17:19:39,736 [main] TRACE org.hibernate.persister.entity.AbstractPropertyMapping - Skipping duplicate registration of path [topText], existing type = [org.hibernate.type.StringType@39722ed5], incoming type = [org.hibernate.type.StringType@39722ed5]
2013-07-13 17:19:39,736 [main] TRACE org.hibernate.persister.entity.AbstractPropertyMapping - Skipping duplicate registration of path [version], existing type = [org.hibernate.type.IntegerType@580bd4ff], incoming type = [org.hibernate.type.IntegerType@580bd4ff]
2013-07-13 17:19:39,737 [main] TRACE org.hibernate.persister.entity.AbstractPropertyMapping - Skipping duplicate registration of path [id], existing type = [org.hibernate.type.LongType@3064a965], incoming type = [org.hibernate.type.LongType@3064a965]
2013-07-13 17:19:39,737 [main] DEBUG org.hibernate.persister.entity.AbstractEntityPersister - Static SQL for entity: com.eastapps.mgs.model.CrawlerMeme
2013-07-13 17:19:39,737 [main] DEBUG org.hibernate.persister.entity.AbstractEntityPersister -  Version select: select version from mgsdbv1.crawler_meme where id =?
2013-07-13 17:19:39,737 [main] DEBUG org.hibernate.persister.entity.AbstractEntityPersister -  Snapshot select: select crawlermem_.id, crawlermem_.bottom_text as bottom2_0_, crawlermem_.name as name0_, crawlermem_.top_text as top4_0_, crawlermem_.version as version0_ from mgsdbv1.crawler_meme crawlermem_ where crawlermem_.id=?
2013-07-13 17:19:39,737 [main] DEBUG org.hibernate.persister.entity.AbstractEntityPersister -  Insert 0: insert into mgsdbv1.crawler_meme (bottom_text, name, top_text, version, id) values (?, ?, ?, ?, ?)
2013-07-13 17:19:39,737 [main] DEBUG org.hibernate.persister.entity.AbstractEntityPersister -  Update 0: update mgsdbv1.crawler_meme set bottom_text=?, name=?, top_text=?, version=? where id=? and version=?
2013-07-13 17:19:39,738 [main] DEBUG org.hibernate.persister.entity.AbstractEntityPersister -  Delete 0: delete from mgsdbv1.crawler_meme where id=? and version=?
2013-07-13 17:19:39,738 [main] DEBUG org.hibernate.persister.entity.AbstractEntityPersister -  Identity insert: insert into mgsdbv1.crawler_meme (bottom_text, name, top_text, version) values (?, ?, ?, ?)
2013-07-13 17:19:39,744 [main] DEBUG org.hibernate.persister.collection.AbstractCollectionPersister - Static SQL for collection: com.eastapps.mgs.model.MemeUser.favoriteMemes
2013-07-13 17:19:39,744 [main] DEBUG org.hibernate.persister.collection.AbstractCollectionPersister -  Row insert: insert into mgsdbv1.meme_user_favorite_memes (meme_user, favorite_memes) values (?, ?)
2013-07-13 17:19:39,744 [main] DEBUG org.hibernate.persister.collection.AbstractCollectionPersister -  Row update: update mgsdbv1.meme_user_favorite_memes set favorite_memes=? where meme_user=? and favorite_memes=?
2013-07-13 17:19:39,744 [main] DEBUG org.hibernate.persister.collection.AbstractCollectionPersister -  Row delete: delete from mgsdbv1.meme_user_favorite_memes where meme_user=? and favorite_memes=?
2013-07-13 17:19:39,744 [main] DEBUG org.hibernate.persister.collection.AbstractCollectionPersister -  One-shot delete: delete from mgsdbv1.meme_user_favorite_memes where meme_user=?
2013-07-13 17:19:39,757 [main] DEBUG org.hibernate.loader.Loader - Static select for entity com.eastapps.mgs.model.MemeText [NONE]: select memetext0_.id as id3_0_, memetext0_.font_size as font2_3_0_, memetext0_.text as text3_0_, memetext0_.version as version3_0_ from mgsdbv1.meme_text memetext0_ where memetext0_.id=?
2013-07-13 17:19:39,758 [main] DEBUG org.hibernate.loader.Loader - Static select for entity com.eastapps.mgs.model.MemeText [READ]: select memetext0_.id as id3_0_, memetext0_.font_size as font2_3_0_, memetext0_.text as text3_0_, memetext0_.version as version3_0_ from mgsdbv1.meme_text memetext0_ where memetext0_.id=?
2013-07-13 17:19:39,758 [main] DEBUG org.hibernate.loader.Loader - Static select for entity com.eastapps.mgs.model.MemeText [UPGRADE]: select memetext0_.id as id3_0_, memetext0_.font_size as font2_3_0_, memetext0_.text as text3_0_, memetext0_.version as version3_0_ from mgsdbv1.meme_text memetext0_ where memetext0_.id=? for update
2013-07-13 17:19:39,758 [main] DEBUG org.hibernate.loader.Loader - Static select for entity com.eastapps.mgs.model.MemeText [UPGRADE_NOWAIT]: select memetext0_.id as id3_0_, memetext0_.font_size as font2_3_0_, memetext0_.text as text3_0_, memetext0_.version as version3_0_ from mgsdbv1.meme_text memetext0_ where memetext0_.id=? for update
2013-07-13 17:19:39,759 [main] DEBUG org.hibernate.loader.Loader - Static select for entity com.eastapps.mgs.model.MemeText [FORCE]: select memetext0_.id as id3_0_, memetext0_.font_size as font2_3_0_, memetext0_.text as text3_0_, memetext0_.version as version3_0_ from mgsdbv1.meme_text memetext0_ where memetext0_.id=? for update
2013-07-13 17:19:39,759 [main] DEBUG org.hibernate.loader.Loader - Static select for entity com.eastapps.mgs.model.MemeText [PESSIMISTIC_READ]: select memetext0_.id as id3_0_, memetext0_.font_size as font2_3_0_, memetext0_.text as text3_0_, memetext0_.version as version3_0_ from mgsdbv1.meme_text memetext0_ where memetext0_.id=? lock in share mode
2013-07-13 17:19:39,759 [main] DEBUG org.hibernate.loader.Loader - Static select for entity com.eastapps.mgs.model.MemeText [PESSIMISTIC_WRITE]: select memetext0_.id as id3_0_, memetext0_.font_size as font2_3_0_, memetext0_.text as text3_0_, memetext0_.version as version3_0_ from mgsdbv1.meme_text memetext0_ where memetext0_.id=? for update
2013-07-13 17:19:39,759 [main] DEBUG org.hibernate.loader.Loader - Static select for entity com.eastapps.mgs.model.MemeText [PESSIMISTIC_FORCE_INCREMENT]: select memetext0_.id as id3_0_, memetext0_.font_size as font2_3_0_, memetext0_.text as text3_0_, memetext0_.version as version3_0_ from mgsdbv1.meme_text memetext0_ where memetext0_.id=? for update
2013-07-13 17:19:39,760 [main] DEBUG org.hibernate.loader.Loader - Static select for entity com.eastapps.mgs.model.MemeText [OPTIMISTIC]: select memetext0_.id as id3_0_, memetext0_.font_size as font2_3_0_, memetext0_.text as text3_0_, memetext0_.version as version3_0_ from mgsdbv1.meme_text memetext0_ where memetext0_.id=?
2013-07-13 17:19:39,760 [main] DEBUG org.hibernate.loader.Loader - Static select for entity com.eastapps.mgs.model.MemeText [OPTIMISTIC_FORCE_INCREMENT]: select memetext0_.id as id3_0_, memetext0_.font_size as font2_3_0_, memetext0_.text as text3_0_, memetext0_.version as version3_0_ from mgsdbv1.meme_text memetext0_ where memetext0_.id=?
2013-07-13 17:19:39,766 [main] DEBUG org.hibernate.loader.Loader - Static select for action ACTION_MERGE on entity com.eastapps.mgs.model.MemeText: select memetext0_.id as id3_0_, memetext0_.font_size as font2_3_0_, memetext0_.text as text3_0_, memetext0_.version as version3_0_ from mgsdbv1.meme_text memetext0_ where memetext0_.id=?
2013-07-13 17:19:39,766 [main] DEBUG org.hibernate.loader.Loader - Static select for action ACTION_REFRESH on entity com.eastapps.mgs.model.MemeText: select memetext0_.id as id3_0_, memetext0_.font_size as font2_3_0_, memetext0_.text as text3_0_, memetext0_.version as version3_0_ from mgsdbv1.meme_text memetext0_ where memetext0_.id=?
2013-07-13 17:19:39,768 [main] DEBUG org.hibernate.loader.Loader - Static select for entity com.eastapps.mgs.model.SampleMeme [NONE]: select samplememe0_.id as id6_6_, samplememe0_.background as background6_6_, samplememe0_.sample_meme as sample4_6_6_, samplememe0_.version as version6_6_, memebackgr1_.id as id7_0_, memebackgr1_.active as active7_0_, memebackgr1_.description as descript3_7_0_, memebackgr1_.file_path as file4_7_0_, memebackgr1_.version as version7_0_, meme2_.id as id2_1_, meme2_.bottom_text as bottom3_2_1_, meme2_.created_by_user as created4_2_1_, meme2_.meme_background as meme5_2_1_, meme2_.top_text as top6_2_1_, meme2_.version as version2_1_, memetext3_.id as id3_2_, memetext3_.font_size as font2_3_2_, memetext3_.text as text3_2_, memetext3_.version as version3_2_, memeuser4_.id as id1_3_, memeuser4_.active as active1_3_, memeuser4_.password as password1_3_, memeuser4_.salt as salt1_3_, memeuser4_.username as username1_3_, memeuser4_.version as version1_3_, memebackgr5_.id as id7_4_, memebackgr5_.active as active7_4_, memebackgr5_.description as descript3_7_4_, memebackgr5_.file_path as file4_7_4_, memebackgr5_.version as version7_4_, memetext6_.id as id3_5_, memetext6_.font_size as font2_3_5_, memetext6_.text as text3_5_, memetext6_.version as version3_5_ from mgsdbv1.sample_meme samplememe0_ left outer join mgsdbv1.meme_background memebackgr1_ on samplememe0_.background=memebackgr1_.id left outer join mgsdbv1.meme meme2_ on samplememe0_.sample_meme=meme2_.id left outer join mgsdbv1.meme_text memetext3_ on meme2_.bottom_text=memetext3_.id left outer join mgsdbv1.meme_user memeuser4_ on meme2_.created_by_user=memeuser4_.id left outer join mgsdbv1.meme_background memebackgr5_ on meme2_.meme_background=memebackgr5_.id left outer join mgsdbv1.meme_text memetext6_ on meme2_.top_text=memetext6_.id where samplememe0_.id=?
2013-07-13 17:19:39,769 [main] DEBUG org.hibernate.loader.Loader - Static select for entity com.eastapps.mgs.model.SampleMeme [READ]: select samplememe0_.id as id6_6_, samplememe0_.background as background6_6_, samplememe0_.sample_meme as sample4_6_6_, samplememe0_.version as version6_6_, memebackgr1_.id as id7_0_, memebackgr1_.active as active7_0_, memebackgr1_.description as descript3_7_0_, memebackgr1_.file_path as file4_7_0_, memebackgr1_.version as version7_0_, meme2_.id as id2_1_, meme2_.bottom_text as bottom3_2_1_, meme2_.created_by_user as created4_2_1_, meme2_.meme_background as meme5_2_1_, meme2_.top_text as top6_2_1_, meme2_.version as version2_1_, memetext3_.id as id3_2_, memetext3_.font_size as font2_3_2_, memetext3_.text as text3_2_, memetext3_.version as version3_2_, memeuser4_.id as id1_3_, memeuser4_.active as active1_3_, memeuser4_.password as password1_3_, memeuser4_.salt as salt1_3_, memeuser4_.username as username1_3_, memeuser4_.version as version1_3_, memebackgr5_.id as id7_4_, memebackgr5_.active as active7_4_, memebackgr5_.description as descript3_7_4_, memebackgr5_.file_path as file4_7_4_, memebackgr5_.version as version7_4_, memetext6_.id as id3_5_, memetext6_.font_size as font2_3_5_, memetext6_.text as text3_5_, memetext6_.version as version3_5_ from mgsdbv1.sample_meme samplememe0_ left outer join mgsdbv1.meme_background memebackgr1_ on samplememe0_.background=memebackgr1_.id left outer join mgsdbv1.meme meme2_ on samplememe0_.sample_meme=meme2_.id left outer join mgsdbv1.meme_text memetext3_ on meme2_.bottom_text=memetext3_.id left outer join mgsdbv1.meme_user memeuser4_ on meme2_.created_by_user=memeuser4_.id left outer join mgsdbv1.meme_background memebackgr5_ on meme2_.meme_background=memebackgr5_.id left outer join mgsdbv1.meme_text memetext6_ on meme2_.top_text=memetext6_.id where samplememe0_.id=?
2013-07-13 17:19:39,770 [main] DEBUG org.hibernate.loader.Loader - Static select for entity com.eastapps.mgs.model.SampleMeme [UPGRADE]: select samplememe0_.id as id6_0_, samplememe0_.background as background6_0_, samplememe0_.sample_meme as sample4_6_0_, samplememe0_.version as version6_0_ from mgsdbv1.sample_meme samplememe0_ where samplememe0_.id=? for update
2013-07-13 17:19:39,770 [main] DEBUG org.hibernate.loader.Loader - Static select for entity com.eastapps.mgs.model.SampleMeme [UPGRADE_NOWAIT]: select samplememe0_.id as id6_0_, samplememe0_.background as background6_0_, samplememe0_.sample_meme as sample4_6_0_, samplememe0_.version as version6_0_ from mgsdbv1.sample_meme samplememe0_ where samplememe0_.id=? for update
2013-07-13 17:19:39,770 [main] DEBUG org.hibernate.loader.Loader - Static select for entity com.eastapps.mgs.model.SampleMeme [FORCE]: select samplememe0_.id as id6_0_, samplememe0_.background as background6_0_, samplememe0_.sample_meme as sample4_6_0_, samplememe0_.version as version6_0_ from mgsdbv1.sample_meme samplememe0_ where samplememe0_.id=? for update
2013-07-13 17:19:39,770 [main] DEBUG org.hibernate.loader.Loader - Static select for entity com.eastapps.mgs.model.SampleMeme [PESSIMISTIC_READ]: select samplememe0_.id as id6_0_, samplememe0_.background as background6_0_, samplememe0_.sample_meme as sample4_6_0_, samplememe0_.version as version6_0_ from mgsdbv1.sample_meme samplememe0_ where samplememe0_.id=? lock in share mode
2013-07-13 17:19:39,771 [main] DEBUG org.hibernate.loader.Loader - Static select for entity com.eastapps.mgs.model.SampleMeme [PESSIMISTIC_WRITE]: select samplememe0_.id as id6_0_, samplememe0_.background as background6_0_, samplememe0_.sample_meme as sample4_6_0_, samplememe0_.version as version6_0_ from mgsdbv1.sample_meme samplememe0_ where samplememe0_.id=? for update
2013-07-13 17:19:39,771 [main] DEBUG org.hibernate.loader.Loader - Static select for entity com.eastapps.mgs.model.SampleMeme [PESSIMISTIC_FORCE_INCREMENT]: select samplememe0_.id as id6_0_, samplememe0_.background as background6_0_, samplememe0_.sample_meme as sample4_6_0_, samplememe0_.version as version6_0_ from mgsdbv1.sample_meme samplememe0_ where samplememe0_.id=? for update
2013-07-13 17:19:39,771 [main] DEBUG org.hibernate.loader.Loader - Static select for entity com.eastapps.mgs.model.SampleMeme [OPTIMISTIC]: select samplememe0_.id as id6_0_, samplememe0_.background as background6_0_, samplememe0_.sample_meme as sample4_6_0_, samplememe0_.version as version6_0_ from mgsdbv1.sample_meme samplememe0_ where samplememe0_.id=?
2013-07-13 17:19:39,771 [main] DEBUG org.hibernate.loader.Loader - Static select for entity com.eastapps.mgs.model.SampleMeme [OPTIMISTIC_FORCE_INCREMENT]: select samplememe0_.id as id6_0_, samplememe0_.background as background6_0_, samplememe0_.sample_meme as sample4_6_0_, samplememe0_.version as version6_0_ from mgsdbv1.sample_meme samplememe0_ where samplememe0_.id=?
2013-07-13 17:19:39,772 [main] DEBUG org.hibernate.loader.Loader - Static select for action ACTION_MERGE on entity com.eastapps.mgs.model.SampleMeme: select samplememe0_.id as id6_0_, samplememe0_.background as background6_0_, samplememe0_.sample_meme as sample4_6_0_, samplememe0_.version as version6_0_ from mgsdbv1.sample_meme samplememe0_ where samplememe0_.id=?
2013-07-13 17:19:39,772 [main] DEBUG org.hibernate.loader.Loader - Static select for action ACTION_REFRESH on entity com.eastapps.mgs.model.SampleMeme: select samplememe0_.id as id6_0_, samplememe0_.background as background6_0_, samplememe0_.sample_meme as sample4_6_0_, samplememe0_.version as version6_0_ from mgsdbv1.sample_meme samplememe0_ where samplememe0_.id=?
2013-07-13 17:19:39,772 [main] DEBUG org.hibernate.loader.Loader - Static select for entity com.eastapps.mgs.model.CrawlerBackground [NONE]: select crawlerbac0_.id as id4_0_, crawlerbac0_.crawler_img_desc as crawler2_4_0_, crawlerbac0_.crawler_img_filename as crawler3_4_0_, crawlerbac0_.source_desc as source4_4_0_, crawlerbac0_.version as version4_0_ from mgsdbv1.crawler_background crawlerbac0_ where crawlerbac0_.id=?
2013-07-13 17:19:39,772 [main] DEBUG org.hibernate.loader.Loader - Static select for entity com.eastapps.mgs.model.CrawlerBackground [READ]: select crawlerbac0_.id as id4_0_, crawlerbac0_.crawler_img_desc as crawler2_4_0_, crawlerbac0_.crawler_img_filename as crawler3_4_0_, crawlerbac0_.source_desc as source4_4_0_, crawlerbac0_.version as version4_0_ from mgsdbv1.crawler_background crawlerbac0_ where crawlerbac0_.id=?
2013-07-13 17:19:39,773 [main] DEBUG org.hibernate.loader.Loader - Static select for entity com.eastapps.mgs.model.CrawlerBackground [UPGRADE]: select crawlerbac0_.id as id4_0_, crawlerbac0_.crawler_img_desc as crawler2_4_0_, crawlerbac0_.crawler_img_filename as crawler3_4_0_, crawlerbac0_.source_desc as source4_4_0_, crawlerbac0_.version as version4_0_ from mgsdbv1.crawler_background crawlerbac0_ where crawlerbac0_.id=? for update
2013-07-13 17:19:39,773 [main] DEBUG org.hibernate.loader.Loader - Static select for entity com.eastapps.mgs.model.CrawlerBackground [UPGRADE_NOWAIT]: select crawlerbac0_.id as id4_0_, crawlerbac0_.crawler_img_desc as crawler2_4_0_, crawlerbac0_.crawler_img_filename as crawler3_4_0_, crawlerbac0_.source_desc as source4_4_0_, crawlerbac0_.version as version4_0_ from mgsdbv1.crawler_background crawlerbac0_ where crawlerbac0_.id=? for update
2013-07-13 17:19:39,773 [main] DEBUG org.hibernate.loader.Loader - Static select for entity com.eastapps.mgs.model.CrawlerBackground [FORCE]: select crawlerbac0_.id as id4_0_, crawlerbac0_.crawler_img_desc as crawler2_4_0_, crawlerbac0_.crawler_img_filename as crawler3_4_0_, crawlerbac0_.source_desc as source4_4_0_, crawlerbac0_.version as version4_0_ from mgsdbv1.crawler_background crawlerbac0_ where crawlerbac0_.id=? for update
2013-07-13 17:19:39,773 [main] DEBUG org.hibernate.loader.Loader - Static select for entity com.eastapps.mgs.model.CrawlerBackground [PESSIMISTIC_READ]: select crawlerbac0_.id as id4_0_, crawlerbac0_.crawler_img_desc as crawler2_4_0_, crawlerbac0_.crawler_img_filename as crawler3_4_0_, crawlerbac0_.source_desc as source4_4_0_, crawlerbac0_.version as version4_0_ from mgsdbv1.crawler_background crawlerbac0_ where crawlerbac0_.id=? lock in share mode
2013-07-13 17:19:39,774 [main] DEBUG org.hibernate.loader.Loader - Static select for entity com.eastapps.mgs.model.CrawlerBackground [PESSIMISTIC_WRITE]: select crawlerbac0_.id as id4_0_, crawlerbac0_.crawler_img_desc as crawler2_4_0_, crawlerbac0_.crawler_img_filename as crawler3_4_0_, crawlerbac0_.source_desc as source4_4_0_, crawlerbac0_.version as version4_0_ from mgsdbv1.crawler_background crawlerbac0_ where crawlerbac0_.id=? for update
2013-07-13 17:19:39,774 [main] DEBUG org.hibernate.loader.Loader - Static select for entity com.eastapps.mgs.model.CrawlerBackground [PESSIMISTIC_FORCE_INCREMENT]: select crawlerbac0_.id as id4_0_, crawlerbac0_.crawler_img_desc as crawler2_4_0_, crawlerbac0_.crawler_img_filename as crawler3_4_0_, crawlerbac0_.source_desc as source4_4_0_, crawlerbac0_.version as version4_0_ from mgsdbv1.crawler_background crawlerbac0_ where crawlerbac0_.id=? for update
2013-07-13 17:19:39,774 [main] DEBUG org.hibernate.loader.Loader - Static select for entity com.eastapps.mgs.model.CrawlerBackground [OPTIMISTIC]: select crawlerbac0_.id as id4_0_, crawlerbac0_.crawler_img_desc as crawler2_4_0_, crawlerbac0_.crawler_img_filename as crawler3_4_0_, crawlerbac0_.source_desc as source4_4_0_, crawlerbac0_.version as version4_0_ from mgsdbv1.crawler_background crawlerbac0_ where crawlerbac0_.id=?
2013-07-13 17:19:39,774 [main] DEBUG org.hibernate.loader.Loader - Static select for entity com.eastapps.mgs.model.CrawlerBackground [OPTIMISTIC_FORCE_INCREMENT]: select crawlerbac0_.id as id4_0_, crawlerbac0_.crawler_img_desc as crawler2_4_0_, crawlerbac0_.crawler_img_filename as crawler3_4_0_, crawlerbac0_.source_desc as source4_4_0_, crawlerbac0_.version as version4_0_ from mgsdbv1.crawler_background crawlerbac0_ where crawlerbac0_.id=?
2013-07-13 17:19:39,775 [main] DEBUG org.hibernate.loader.Loader - Static select for action ACTION_MERGE on entity com.eastapps.mgs.model.CrawlerBackground: select crawlerbac0_.id as id4_0_, crawlerbac0_.crawler_img_desc as crawler2_4_0_, crawlerbac0_.crawler_img_filename as crawler3_4_0_, crawlerbac0_.source_desc as source4_4_0_, crawlerbac0_.version as version4_0_ from mgsdbv1.crawler_background crawlerbac0_ where crawlerbac0_.id=?
2013-07-13 17:19:39,775 [main] DEBUG org.hibernate.loader.Loader - Static select for action ACTION_REFRESH on entity com.eastapps.mgs.model.CrawlerBackground: select crawlerbac0_.id as id4_0_, crawlerbac0_.crawler_img_desc as crawler2_4_0_, crawlerbac0_.crawler_img_filename as crawler3_4_0_, crawlerbac0_.source_desc as source4_4_0_, crawlerbac0_.version as version4_0_ from mgsdbv1.crawler_background crawlerbac0_ where crawlerbac0_.id=?
2013-07-13 17:19:39,775 [main] DEBUG org.hibernate.loader.Loader - Static select for entity com.eastapps.mgs.model.DeviceInfo [NONE]: select deviceinfo0_.id as id5_1_, deviceinfo0_.device_user as device4_5_1_, deviceinfo0_.unique_id as unique2_5_1_, deviceinfo0_.version as version5_1_, memeuser1_.id as id1_0_, memeuser1_.active as active1_0_, memeuser1_.password as password1_0_, memeuser1_.salt as salt1_0_, memeuser1_.username as username1_0_, memeuser1_.version as version1_0_ from mgsdbv1.device_info deviceinfo0_ left outer join mgsdbv1.meme_user memeuser1_ on deviceinfo0_.device_user=memeuser1_.id where deviceinfo0_.id=?
2013-07-13 17:19:39,776 [main] DEBUG org.hibernate.loader.Loader - Static select for entity com.eastapps.mgs.model.DeviceInfo [READ]: select deviceinfo0_.id as id5_1_, deviceinfo0_.device_user as device4_5_1_, deviceinfo0_.unique_id as unique2_5_1_, deviceinfo0_.version as version5_1_, memeuser1_.id as id1_0_, memeuser1_.active as active1_0_, memeuser1_.password as password1_0_, memeuser1_.salt as salt1_0_, memeuser1_.username as username1_0_, memeuser1_.version as version1_0_ from mgsdbv1.device_info deviceinfo0_ left outer join mgsdbv1.meme_user memeuser1_ on deviceinfo0_.device_user=memeuser1_.id where deviceinfo0_.id=?
2013-07-13 17:19:39,776 [main] DEBUG org.hibernate.loader.Loader - Static select for entity com.eastapps.mgs.model.DeviceInfo [UPGRADE]: select deviceinfo0_.id as id5_0_, deviceinfo0_.device_user as device4_5_0_, deviceinfo0_.unique_id as unique2_5_0_, deviceinfo0_.version as version5_0_ from mgsdbv1.device_info deviceinfo0_ where deviceinfo0_.id=? for update
2013-07-13 17:19:39,776 [main] DEBUG org.hibernate.loader.Loader - Static select for entity com.eastapps.mgs.model.DeviceInfo [UPGRADE_NOWAIT]: select deviceinfo0_.id as id5_0_, deviceinfo0_.device_user as device4_5_0_, deviceinfo0_.unique_id as unique2_5_0_, deviceinfo0_.version as version5_0_ from mgsdbv1.device_info deviceinfo0_ where deviceinfo0_.id=? for update
2013-07-13 17:19:39,776 [main] DEBUG org.hibernate.loader.Loader - Static select for entity com.eastapps.mgs.model.DeviceInfo [FORCE]: select deviceinfo0_.id as id5_0_, deviceinfo0_.device_user as device4_5_0_, deviceinfo0_.unique_id as unique2_5_0_, deviceinfo0_.version as version5_0_ from mgsdbv1.device_info deviceinfo0_ where deviceinfo0_.id=? for update
2013-07-13 17:19:39,777 [main] DEBUG org.hibernate.loader.Loader - Static select for entity com.eastapps.mgs.model.DeviceInfo [PESSIMISTIC_READ]: select deviceinfo0_.id as id5_0_, deviceinfo0_.device_user as device4_5_0_, deviceinfo0_.unique_id as unique2_5_0_, deviceinfo0_.version as version5_0_ from mgsdbv1.device_info deviceinfo0_ where deviceinfo0_.id=? lock in share mode
2013-07-13 17:19:39,777 [main] DEBUG org.hibernate.loader.Loader - Static select for entity com.eastapps.mgs.model.DeviceInfo [PESSIMISTIC_WRITE]: select deviceinfo0_.id as id5_0_, deviceinfo0_.device_user as device4_5_0_, deviceinfo0_.unique_id as unique2_5_0_, deviceinfo0_.version as version5_0_ from mgsdbv1.device_info deviceinfo0_ where deviceinfo0_.id=? for update
2013-07-13 17:19:39,777 [main] DEBUG org.hibernate.loader.Loader - Static select for entity com.eastapps.mgs.model.DeviceInfo [PESSIMISTIC_FORCE_INCREMENT]: select deviceinfo0_.id as id5_0_, deviceinfo0_.device_user as device4_5_0_, deviceinfo0_.unique_id as unique2_5_0_, deviceinfo0_.version as version5_0_ from mgsdbv1.device_info deviceinfo0_ where deviceinfo0_.id=? for update
2013-07-13 17:19:39,777 [main] DEBUG org.hibernate.loader.Loader - Static select for entity com.eastapps.mgs.model.DeviceInfo [OPTIMISTIC]: select deviceinfo0_.id as id5_0_, deviceinfo0_.device_user as device4_5_0_, deviceinfo0_.unique_id as unique2_5_0_, deviceinfo0_.version as version5_0_ from mgsdbv1.device_info deviceinfo0_ where deviceinfo0_.id=?
2013-07-13 17:19:39,778 [main] DEBUG org.hibernate.loader.Loader - Static select for entity com.eastapps.mgs.model.DeviceInfo [OPTIMISTIC_FORCE_INCREMENT]: select deviceinfo0_.id as id5_0_, deviceinfo0_.device_user as device4_5_0_, deviceinfo0_.unique_id as unique2_5_0_, deviceinfo0_.version as version5_0_ from mgsdbv1.device_info deviceinfo0_ where deviceinfo0_.id=?
2013-07-13 17:19:39,778 [main] DEBUG org.hibernate.loader.Loader - Static select for action ACTION_MERGE on entity com.eastapps.mgs.model.DeviceInfo: select deviceinfo0_.id as id5_0_, deviceinfo0_.device_user as device4_5_0_, deviceinfo0_.unique_id as unique2_5_0_, deviceinfo0_.version as version5_0_ from mgsdbv1.device_info deviceinfo0_ where deviceinfo0_.id=?
2013-07-13 17:19:39,778 [main] DEBUG org.hibernate.loader.Loader - Static select for action ACTION_REFRESH on entity com.eastapps.mgs.model.DeviceInfo: select deviceinfo0_.id as id5_0_, deviceinfo0_.device_user as device4_5_0_, deviceinfo0_.unique_id as unique2_5_0_, deviceinfo0_.version as version5_0_ from mgsdbv1.device_info deviceinfo0_ where deviceinfo0_.id=?
2013-07-13 17:19:39,779 [main] DEBUG org.hibernate.loader.Loader - Static select for entity com.eastapps.mgs.model.Meme [NONE]: select meme0_.id as id2_4_, meme0_.bottom_text as bottom3_2_4_, meme0_.created_by_user as created4_2_4_, meme0_.meme_background as meme5_2_4_, meme0_.top_text as top6_2_4_, meme0_.version as version2_4_, memetext1_.id as id3_0_, memetext1_.font_size as font2_3_0_, memetext1_.text as text3_0_, memetext1_.version as version3_0_, memeuser2_.id as id1_1_, memeuser2_.active as active1_1_, memeuser2_.password as password1_1_, memeuser2_.salt as salt1_1_, memeuser2_.username as username1_1_, memeuser2_.version as version1_1_, memebackgr3_.id as id7_2_, memebackgr3_.active as active7_2_, memebackgr3_.description as descript3_7_2_, memebackgr3_.file_path as file4_7_2_, memebackgr3_.version as version7_2_, memetext4_.id as id3_3_, memetext4_.font_size as font2_3_3_, memetext4_.text as text3_3_, memetext4_.version as version3_3_ from mgsdbv1.meme meme0_ left outer join mgsdbv1.meme_text memetext1_ on meme0_.bottom_text=memetext1_.id left outer join mgsdbv1.meme_user memeuser2_ on meme0_.created_by_user=memeuser2_.id left outer join mgsdbv1.meme_background memebackgr3_ on meme0_.meme_background=memebackgr3_.id left outer join mgsdbv1.meme_text memetext4_ on meme0_.top_text=memetext4_.id where meme0_.id=?
2013-07-13 17:19:39,779 [main] DEBUG org.hibernate.loader.Loader - Static select for entity com.eastapps.mgs.model.Meme [READ]: select meme0_.id as id2_4_, meme0_.bottom_text as bottom3_2_4_, meme0_.created_by_user as created4_2_4_, meme0_.meme_background as meme5_2_4_, meme0_.top_text as top6_2_4_, meme0_.version as version2_4_, memetext1_.id as id3_0_, memetext1_.font_size as font2_3_0_, memetext1_.text as text3_0_, memetext1_.version as version3_0_, memeuser2_.id as id1_1_, memeuser2_.active as active1_1_, memeuser2_.password as password1_1_, memeuser2_.salt as salt1_1_, memeuser2_.username as username1_1_, memeuser2_.version as version1_1_, memebackgr3_.id as id7_2_, memebackgr3_.active as active7_2_, memebackgr3_.description as descript3_7_2_, memebackgr3_.file_path as file4_7_2_, memebackgr3_.version as version7_2_, memetext4_.id as id3_3_, memetext4_.font_size as font2_3_3_, memetext4_.text as text3_3_, memetext4_.version as version3_3_ from mgsdbv1.meme meme0_ left outer join mgsdbv1.meme_text memetext1_ on meme0_.bottom_text=memetext1_.id left outer join mgsdbv1.meme_user memeuser2_ on meme0_.created_by_user=memeuser2_.id left outer join mgsdbv1.meme_background memebackgr3_ on meme0_.meme_background=memebackgr3_.id left outer join mgsdbv1.meme_text memetext4_ on meme0_.top_text=memetext4_.id where meme0_.id=?
2013-07-13 17:19:39,780 [main] DEBUG org.hibernate.loader.Loader - Static select for entity com.eastapps.mgs.model.Meme [UPGRADE]: select meme0_.id as id2_0_, meme0_.bottom_text as bottom3_2_0_, meme0_.created_by_user as created4_2_0_, meme0_.meme_background as meme5_2_0_, meme0_.top_text as top6_2_0_, meme0_.version as version2_0_ from mgsdbv1.meme meme0_ where meme0_.id=? for update
2013-07-13 17:19:39,780 [main] DEBUG org.hibernate.loader.Loader - Static select for entity com.eastapps.mgs.model.Meme [UPGRADE_NOWAIT]: select meme0_.id as id2_0_, meme0_.bottom_text as bottom3_2_0_, meme0_.created_by_user as created4_2_0_, meme0_.meme_background as meme5_2_0_, meme0_.top_text as top6_2_0_, meme0_.version as version2_0_ from mgsdbv1.meme meme0_ where meme0_.id=? for update
2013-07-13 17:19:39,780 [main] DEBUG org.hibernate.loader.Loader - Static select for entity com.eastapps.mgs.model.Meme [FORCE]: select meme0_.id as id2_0_, meme0_.bottom_text as bottom3_2_0_, meme0_.created_by_user as created4_2_0_, meme0_.meme_background as meme5_2_0_, meme0_.top_text as top6_2_0_, meme0_.version as version2_0_ from mgsdbv1.meme meme0_ where meme0_.id=? for update
2013-07-13 17:19:39,781 [main] DEBUG org.hibernate.loader.Loader - Static select for entity com.eastapps.mgs.model.Meme [PESSIMISTIC_READ]: select meme0_.id as id2_0_, meme0_.bottom_text as bottom3_2_0_, meme0_.created_by_user as created4_2_0_, meme0_.meme_background as meme5_2_0_, meme0_.top_text as top6_2_0_, meme0_.version as version2_0_ from mgsdbv1.meme meme0_ where meme0_.id=? lock in share mode
2013-07-13 17:19:39,781 [main] DEBUG org.hibernate.loader.Loader - Static select for entity com.eastapps.mgs.model.Meme [PESSIMISTIC_WRITE]: select meme0_.id as id2_0_, meme0_.bottom_text as bottom3_2_0_, meme0_.created_by_user as created4_2_0_, meme0_.meme_background as meme5_2_0_, meme0_.top_text as top6_2_0_, meme0_.version as version2_0_ from mgsdbv1.meme meme0_ where meme0_.id=? for update
2013-07-13 17:19:39,781 [main] DEBUG org.hibernate.loader.Loader - Static select for entity com.eastapps.mgs.model.Meme [PESSIMISTIC_FORCE_INCREMENT]: select meme0_.id as id2_0_, meme0_.bottom_text as bottom3_2_0_, meme0_.created_by_user as created4_2_0_, meme0_.meme_background as meme5_2_0_, meme0_.top_text as top6_2_0_, meme0_.version as version2_0_ from mgsdbv1.meme meme0_ where meme0_.id=? for update
2013-07-13 17:19:39,782 [main] DEBUG org.hibernate.loader.Loader - Static select for entity com.eastapps.mgs.model.Meme [OPTIMISTIC]: select meme0_.id as id2_0_, meme0_.bottom_text as bottom3_2_0_, meme0_.created_by_user as created4_2_0_, meme0_.meme_background as meme5_2_0_, meme0_.top_text as top6_2_0_, meme0_.version as version2_0_ from mgsdbv1.meme meme0_ where meme0_.id=?
2013-07-13 17:19:39,782 [main] DEBUG org.hibernate.loader.Loader - Static select for entity com.eastapps.mgs.model.Meme [OPTIMISTIC_FORCE_INCREMENT]: select meme0_.id as id2_0_, meme0_.bottom_text as bottom3_2_0_, meme0_.created_by_user as created4_2_0_, meme0_.meme_background as meme5_2_0_, meme0_.top_text as top6_2_0_, meme0_.version as version2_0_ from mgsdbv1.meme meme0_ where meme0_.id=?
2013-07-13 17:19:39,784 [main] DEBUG org.hibernate.loader.Loader - Static select for action ACTION_MERGE on entity com.eastapps.mgs.model.Meme: select meme0_.id as id2_5_, meme0_.bottom_text as bottom3_2_5_, meme0_.created_by_user as created4_2_5_, meme0_.meme_background as meme5_2_5_, meme0_.top_text as top6_2_5_, meme0_.version as version2_5_, memetext1_.id as id3_0_, memetext1_.font_size as font2_3_0_, memetext1_.text as text3_0_, memetext1_.version as version3_0_, memeuser2_.id as id1_1_, memeuser2_.active as active1_1_, memeuser2_.password as password1_1_, memeuser2_.salt as salt1_1_, memeuser2_.username as username1_1_, memeuser2_.version as version1_1_, favoriteme3_.meme_user as meme1_1_7_, meme4_.id as favorite2_8_7_, meme4_.id as id2_2_, meme4_.bottom_text as bottom3_2_2_, meme4_.created_by_user as created4_2_2_, meme4_.meme_background as meme5_2_2_, meme4_.top_text as top6_2_2_, meme4_.version as version2_2_, memebackgr5_.id as id7_3_, memebackgr5_.active as active7_3_, memebackgr5_.description as descript3_7_3_, memebackgr5_.file_path as file4_7_3_, memebackgr5_.version as version7_3_, memetext6_.id as id3_4_, memetext6_.font_size as font2_3_4_, memetext6_.text as text3_4_, memetext6_.version as version3_4_ from mgsdbv1.meme meme0_ left outer join mgsdbv1.meme_text memetext1_ on meme0_.bottom_text=memetext1_.id left outer join mgsdbv1.meme_user memeuser2_ on meme0_.created_by_user=memeuser2_.id left outer join mgsdbv1.meme_user_favorite_memes favoriteme3_ on memeuser2_.id=favoriteme3_.meme_user left outer join mgsdbv1.meme meme4_ on favoriteme3_.favorite_memes=meme4_.id left outer join mgsdbv1.meme_background memebackgr5_ on meme0_.meme_background=memebackgr5_.id left outer join mgsdbv1.meme_text memetext6_ on meme0_.top_text=memetext6_.id where meme0_.id=?
2013-07-13 17:19:39,785 [main] DEBUG org.hibernate.loader.Loader - Static select for action ACTION_REFRESH on entity com.eastapps.mgs.model.Meme: select meme0_.id as id2_5_, meme0_.bottom_text as bottom3_2_5_, meme0_.created_by_user as created4_2_5_, meme0_.meme_background as meme5_2_5_, meme0_.top_text as top6_2_5_, meme0_.version as version2_5_, memetext1_.id as id3_0_, memetext1_.font_size as font2_3_0_, memetext1_.text as text3_0_, memetext1_.version as version3_0_, memeuser2_.id as id1_1_, memeuser2_.active as active1_1_, memeuser2_.password as password1_1_, memeuser2_.salt as salt1_1_, memeuser2_.username as username1_1_, memeuser2_.version as version1_1_, favoriteme3_.meme_user as meme1_1_7_, meme4_.id as favorite2_8_7_, meme4_.id as id2_2_, meme4_.bottom_text as bottom3_2_2_, meme4_.created_by_user as created4_2_2_, meme4_.meme_background as meme5_2_2_, meme4_.top_text as top6_2_2_, meme4_.version as version2_2_, memebackgr5_.id as id7_3_, memebackgr5_.active as active7_3_, memebackgr5_.description as descript3_7_3_, memebackgr5_.file_path as file4_7_3_, memebackgr5_.version as version7_3_, memetext6_.id as id3_4_, memetext6_.font_size as font2_3_4_, memetext6_.text as text3_4_, memetext6_.version as version3_4_ from mgsdbv1.meme meme0_ left outer join mgsdbv1.meme_text memetext1_ on meme0_.bottom_text=memetext1_.id left outer join mgsdbv1.meme_user memeuser2_ on meme0_.created_by_user=memeuser2_.id left outer join mgsdbv1.meme_user_favorite_memes favoriteme3_ on memeuser2_.id=favoriteme3_.meme_user left outer join mgsdbv1.meme meme4_ on favoriteme3_.favorite_memes=meme4_.id left outer join mgsdbv1.meme_background memebackgr5_ on meme0_.meme_background=memebackgr5_.id left outer join mgsdbv1.meme_text memetext6_ on meme0_.top_text=memetext6_.id where meme0_.id=?
2013-07-13 17:19:39,786 [main] DEBUG org.hibernate.loader.Loader - Static select for entity com.eastapps.mgs.model.MemeUser [NONE]: select memeuser0_.id as id1_0_, memeuser0_.active as active1_0_, memeuser0_.password as password1_0_, memeuser0_.salt as salt1_0_, memeuser0_.username as username1_0_, memeuser0_.version as version1_0_ from mgsdbv1.meme_user memeuser0_ where memeuser0_.id=?
2013-07-13 17:19:39,786 [main] DEBUG org.hibernate.loader.Loader - Static select for entity com.eastapps.mgs.model.MemeUser [READ]: select memeuser0_.id as id1_0_, memeuser0_.active as active1_0_, memeuser0_.password as password1_0_, memeuser0_.salt as salt1_0_, memeuser0_.username as username1_0_, memeuser0_.version as version1_0_ from mgsdbv1.meme_user memeuser0_ where memeuser0_.id=?
2013-07-13 17:19:39,786 [main] DEBUG org.hibernate.loader.Loader - Static select for entity com.eastapps.mgs.model.MemeUser [UPGRADE]: select memeuser0_.id as id1_0_, memeuser0_.active as active1_0_, memeuser0_.password as password1_0_, memeuser0_.salt as salt1_0_, memeuser0_.username as username1_0_, memeuser0_.version as version1_0_ from mgsdbv1.meme_user memeuser0_ where memeuser0_.id=? for update
2013-07-13 17:19:39,787 [main] DEBUG org.hibernate.loader.Loader - Static select for entity com.eastapps.mgs.model.MemeUser [UPGRADE_NOWAIT]: select memeuser0_.id as id1_0_, memeuser0_.active as active1_0_, memeuser0_.password as password1_0_, memeuser0_.salt as salt1_0_, memeuser0_.username as username1_0_, memeuser0_.version as version1_0_ from mgsdbv1.meme_user memeuser0_ where memeuser0_.id=? for update
2013-07-13 17:19:39,787 [main] DEBUG org.hibernate.loader.Loader - Static select for entity com.eastapps.mgs.model.MemeUser [FORCE]: select memeuser0_.id as id1_0_, memeuser0_.active as active1_0_, memeuser0_.password as password1_0_, memeuser0_.salt as salt1_0_, memeuser0_.username as username1_0_, memeuser0_.version as version1_0_ from mgsdbv1.meme_user memeuser0_ where memeuser0_.id=? for update
2013-07-13 17:19:39,787 [main] DEBUG org.hibernate.loader.Loader - Static select for entity com.eastapps.mgs.model.MemeUser [PESSIMISTIC_READ]: select memeuser0_.id as id1_0_, memeuser0_.active as active1_0_, memeuser0_.password as password1_0_, memeuser0_.salt as salt1_0_, memeuser0_.username as username1_0_, memeuser0_.version as version1_0_ from mgsdbv1.meme_user memeuser0_ where memeuser0_.id=? lock in share mode
2013-07-13 17:19:39,788 [main] DEBUG org.hibernate.loader.Loader - Static select for entity com.eastapps.mgs.model.MemeUser [PESSIMISTIC_WRITE]: select memeuser0_.id as id1_0_, memeuser0_.active as active1_0_, memeuser0_.password as password1_0_, memeuser0_.salt as salt1_0_, memeuser0_.username as username1_0_, memeuser0_.version as version1_0_ from mgsdbv1.meme_user memeuser0_ where memeuser0_.id=? for update
2013-07-13 17:19:39,788 [main] DEBUG org.hibernate.loader.Loader - Static select for entity com.eastapps.mgs.model.MemeUser [PESSIMISTIC_FORCE_INCREMENT]: select memeuser0_.id as id1_0_, memeuser0_.active as active1_0_, memeuser0_.password as password1_0_, memeuser0_.salt as salt1_0_, memeuser0_.username as username1_0_, memeuser0_.version as version1_0_ from mgsdbv1.meme_user memeuser0_ where memeuser0_.id=? for update
2013-07-13 17:19:39,788 [main] DEBUG org.hibernate.loader.Loader - Static select for entity com.eastapps.mgs.model.MemeUser [OPTIMISTIC]: select memeuser0_.id as id1_0_, memeuser0_.active as active1_0_, memeuser0_.password as password1_0_, memeuser0_.salt as salt1_0_, memeuser0_.username as username1_0_, memeuser0_.version as version1_0_ from mgsdbv1.meme_user memeuser0_ where memeuser0_.id=?
2013-07-13 17:19:39,789 [main] DEBUG org.hibernate.loader.Loader - Static select for entity com.eastapps.mgs.model.MemeUser [OPTIMISTIC_FORCE_INCREMENT]: select memeuser0_.id as id1_0_, memeuser0_.active as active1_0_, memeuser0_.password as password1_0_, memeuser0_.salt as salt1_0_, memeuser0_.username as username1_0_, memeuser0_.version as version1_0_ from mgsdbv1.meme_user memeuser0_ where memeuser0_.id=?
2013-07-13 17:19:39,790 [main] DEBUG org.hibernate.loader.Loader - Static select for action ACTION_MERGE on entity com.eastapps.mgs.model.MemeUser: select memeuser0_.id as id1_5_, memeuser0_.active as active1_5_, memeuser0_.password as password1_5_, memeuser0_.salt as salt1_5_, memeuser0_.username as username1_5_, memeuser0_.version as version1_5_, favoriteme1_.meme_user as meme1_1_7_, meme2_.id as favorite2_8_7_, meme2_.id as id2_0_, meme2_.bottom_text as bottom3_2_0_, meme2_.created_by_user as created4_2_0_, meme2_.meme_background as meme5_2_0_, meme2_.top_text as top6_2_0_, meme2_.version as version2_0_, memetext3_.id as id3_1_, memetext3_.font_size as font2_3_1_, memetext3_.text as text3_1_, memetext3_.version as version3_1_, memeuser4_.id as id1_2_, memeuser4_.active as active1_2_, memeuser4_.password as password1_2_, memeuser4_.salt as salt1_2_, memeuser4_.username as username1_2_, memeuser4_.version as version1_2_, memebackgr5_.id as id7_3_, memebackgr5_.active as active7_3_, memebackgr5_.description as descript3_7_3_, memebackgr5_.file_path as file4_7_3_, memebackgr5_.version as version7_3_, memetext6_.id as id3_4_, memetext6_.font_size as font2_3_4_, memetext6_.text as text3_4_, memetext6_.version as version3_4_ from mgsdbv1.meme_user memeuser0_ left outer join mgsdbv1.meme_user_favorite_memes favoriteme1_ on memeuser0_.id=favoriteme1_.meme_user left outer join mgsdbv1.meme meme2_ on favoriteme1_.favorite_memes=meme2_.id left outer join mgsdbv1.meme_text memetext3_ on meme2_.bottom_text=memetext3_.id left outer join mgsdbv1.meme_user memeuser4_ on meme2_.created_by_user=memeuser4_.id left outer join mgsdbv1.meme_background memebackgr5_ on meme2_.meme_background=memebackgr5_.id left outer join mgsdbv1.meme_text memetext6_ on meme2_.top_text=memetext6_.id where memeuser0_.id=?
2013-07-13 17:19:39,791 [main] DEBUG org.hibernate.loader.Loader - Static select for action ACTION_REFRESH on entity com.eastapps.mgs.model.MemeUser: select memeuser0_.id as id1_5_, memeuser0_.active as active1_5_, memeuser0_.password as password1_5_, memeuser0_.salt as salt1_5_, memeuser0_.username as username1_5_, memeuser0_.version as version1_5_, favoriteme1_.meme_user as meme1_1_7_, meme2_.id as favorite2_8_7_, meme2_.id as id2_0_, meme2_.bottom_text as bottom3_2_0_, meme2_.created_by_user as created4_2_0_, meme2_.meme_background as meme5_2_0_, meme2_.top_text as top6_2_0_, meme2_.version as version2_0_, memetext3_.id as id3_1_, memetext3_.font_size as font2_3_1_, memetext3_.text as text3_1_, memetext3_.version as version3_1_, memeuser4_.id as id1_2_, memeuser4_.active as active1_2_, memeuser4_.password as password1_2_, memeuser4_.salt as salt1_2_, memeuser4_.username as username1_2_, memeuser4_.version as version1_2_, memebackgr5_.id as id7_3_, memebackgr5_.active as active7_3_, memebackgr5_.description as descript3_7_3_, memebackgr5_.file_path as file4_7_3_, memebackgr5_.version as version7_3_, memetext6_.id as id3_4_, memetext6_.font_size as font2_3_4_, memetext6_.text as text3_4_, memetext6_.version as version3_4_ from mgsdbv1.meme_user memeuser0_ left outer join mgsdbv1.meme_user_favorite_memes favoriteme1_ on memeuser0_.id=favoriteme1_.meme_user left outer join mgsdbv1.meme meme2_ on favoriteme1_.favorite_memes=meme2_.id left outer join mgsdbv1.meme_text memetext3_ on meme2_.bottom_text=memetext3_.id left outer join mgsdbv1.meme_user memeuser4_ on meme2_.created_by_user=memeuser4_.id left outer join mgsdbv1.meme_background memebackgr5_ on meme2_.meme_background=memebackgr5_.id left outer join mgsdbv1.meme_text memetext6_ on meme2_.top_text=memetext6_.id where memeuser0_.id=?
2013-07-13 17:19:39,791 [main] DEBUG org.hibernate.loader.Loader - Static select for entity com.eastapps.mgs.model.MemeBackground [NONE]: select memebackgr0_.id as id7_0_, memebackgr0_.active as active7_0_, memebackgr0_.description as descript3_7_0_, memebackgr0_.file_path as file4_7_0_, memebackgr0_.version as version7_0_ from mgsdbv1.meme_background memebackgr0_ where memebackgr0_.id=?
2013-07-13 17:19:39,791 [main] DEBUG org.hibernate.loader.Loader - Static select for entity com.eastapps.mgs.model.MemeBackground [READ]: select memebackgr0_.id as id7_0_, memebackgr0_.active as active7_0_, memebackgr0_.description as descript3_7_0_, memebackgr0_.file_path as file4_7_0_, memebackgr0_.version as version7_0_ from mgsdbv1.meme_background memebackgr0_ where memebackgr0_.id=?
2013-07-13 17:19:39,792 [main] DEBUG org.hibernate.loader.Loader - Static select for entity com.eastapps.mgs.model.MemeBackground [UPGRADE]: select memebackgr0_.id as id7_0_, memebackgr0_.active as active7_0_, memebackgr0_.description as descript3_7_0_, memebackgr0_.file_path as file4_7_0_, memebackgr0_.version as version7_0_ from mgsdbv1.meme_background memebackgr0_ where memebackgr0_.id=? for update
2013-07-13 17:19:39,792 [main] DEBUG org.hibernate.loader.Loader - Static select for entity com.eastapps.mgs.model.MemeBackground [UPGRADE_NOWAIT]: select memebackgr0_.id as id7_0_, memebackgr0_.active as active7_0_, memebackgr0_.description as descript3_7_0_, memebackgr0_.file_path as file4_7_0_, memebackgr0_.version as version7_0_ from mgsdbv1.meme_background memebackgr0_ where memebackgr0_.id=? for update
2013-07-13 17:19:39,792 [main] DEBUG org.hibernate.loader.Loader - Static select for entity com.eastapps.mgs.model.MemeBackground [FORCE]: select memebackgr0_.id as id7_0_, memebackgr0_.active as active7_0_, memebackgr0_.description as descript3_7_0_, memebackgr0_.file_path as file4_7_0_, memebackgr0_.version as version7_0_ from mgsdbv1.meme_background memebackgr0_ where memebackgr0_.id=? for update
2013-07-13 17:19:39,792 [main] DEBUG org.hibernate.loader.Loader - Static select for entity com.eastapps.mgs.model.MemeBackground [PESSIMISTIC_READ]: select memebackgr0_.id as id7_0_, memebackgr0_.active as active7_0_, memebackgr0_.description as descript3_7_0_, memebackgr0_.file_path as file4_7_0_, memebackgr0_.version as version7_0_ from mgsdbv1.meme_background memebackgr0_ where memebackgr0_.id=? lock in share mode
2013-07-13 17:19:39,793 [main] DEBUG org.hibernate.loader.Loader - Static select for entity com.eastapps.mgs.model.MemeBackground [PESSIMISTIC_WRITE]: select memebackgr0_.id as id7_0_, memebackgr0_.active as active7_0_, memebackgr0_.description as descript3_7_0_, memebackgr0_.file_path as file4_7_0_, memebackgr0_.version as version7_0_ from mgsdbv1.meme_background memebackgr0_ where memebackgr0_.id=? for update
2013-07-13 17:19:39,793 [main] DEBUG org.hibernate.loader.Loader - Static select for entity com.eastapps.mgs.model.MemeBackground [PESSIMISTIC_FORCE_INCREMENT]: select memebackgr0_.id as id7_0_, memebackgr0_.active as active7_0_, memebackgr0_.description as descript3_7_0_, memebackgr0_.file_path as file4_7_0_, memebackgr0_.version as version7_0_ from mgsdbv1.meme_background memebackgr0_ where memebackgr0_.id=? for update
2013-07-13 17:19:39,793 [main] DEBUG org.hibernate.loader.Loader - Static select for entity com.eastapps.mgs.model.MemeBackground [OPTIMISTIC]: select memebackgr0_.id as id7_0_, memebackgr0_.active as active7_0_, memebackgr0_.description as descript3_7_0_, memebackgr0_.file_path as file4_7_0_, memebackgr0_.version as version7_0_ from mgsdbv1.meme_background memebackgr0_ where memebackgr0_.id=?
2013-07-13 17:19:39,793 [main] DEBUG org.hibernate.loader.Loader - Static select for entity com.eastapps.mgs.model.MemeBackground [OPTIMISTIC_FORCE_INCREMENT]: select memebackgr0_.id as id7_0_, memebackgr0_.active as active7_0_, memebackgr0_.description as descript3_7_0_, memebackgr0_.file_path as file4_7_0_, memebackgr0_.version as version7_0_ from mgsdbv1.meme_background memebackgr0_ where memebackgr0_.id=?
2013-07-13 17:19:39,794 [main] DEBUG org.hibernate.loader.Loader - Static select for action ACTION_MERGE on entity com.eastapps.mgs.model.MemeBackground: select memebackgr0_.id as id7_0_, memebackgr0_.active as active7_0_, memebackgr0_.description as descript3_7_0_, memebackgr0_.file_path as file4_7_0_, memebackgr0_.version as version7_0_ from mgsdbv1.meme_background memebackgr0_ where memebackgr0_.id=?
2013-07-13 17:19:39,794 [main] DEBUG org.hibernate.loader.Loader - Static select for action ACTION_REFRESH on entity com.eastapps.mgs.model.MemeBackground: select memebackgr0_.id as id7_0_, memebackgr0_.active as active7_0_, memebackgr0_.description as descript3_7_0_, memebackgr0_.file_path as file4_7_0_, memebackgr0_.version as version7_0_ from mgsdbv1.meme_background memebackgr0_ where memebackgr0_.id=?
2013-07-13 17:19:39,794 [main] DEBUG org.hibernate.loader.Loader - Static select for entity com.eastapps.mgs.model.CrawlerMeme [NONE]: select crawlermem0_.id as id0_0_, crawlermem0_.bottom_text as bottom2_0_0_, crawlermem0_.name as name0_0_, crawlermem0_.top_text as top4_0_0_, crawlermem0_.version as version0_0_ from mgsdbv1.crawler_meme crawlermem0_ where crawlermem0_.id=?
2013-07-13 17:19:39,794 [main] DEBUG org.hibernate.loader.Loader - Static select for entity com.eastapps.mgs.model.CrawlerMeme [READ]: select crawlermem0_.id as id0_0_, crawlermem0_.bottom_text as bottom2_0_0_, crawlermem0_.name as name0_0_, crawlermem0_.top_text as top4_0_0_, crawlermem0_.version as version0_0_ from mgsdbv1.crawler_meme crawlermem0_ where crawlermem0_.id=?
2013-07-13 17:19:39,794 [main] DEBUG org.hibernate.loader.Loader - Static select for entity com.eastapps.mgs.model.CrawlerMeme [UPGRADE]: select crawlermem0_.id as id0_0_, crawlermem0_.bottom_text as bottom2_0_0_, crawlermem0_.name as name0_0_, crawlermem0_.top_text as top4_0_0_, crawlermem0_.version as version0_0_ from mgsdbv1.crawler_meme crawlermem0_ where crawlermem0_.id=? for update
2013-07-13 17:19:39,795 [main] DEBUG org.hibernate.loader.Loader - Static select for entity com.eastapps.mgs.model.CrawlerMeme [UPGRADE_NOWAIT]: select crawlermem0_.id as id0_0_, crawlermem0_.bottom_text as bottom2_0_0_, crawlermem0_.name as name0_0_, crawlermem0_.top_text as top4_0_0_, crawlermem0_.version as version0_0_ from mgsdbv1.crawler_meme crawlermem0_ where crawlermem0_.id=? for update
2013-07-13 17:19:39,795 [main] DEBUG org.hibernate.loader.Loader - Static select for entity com.eastapps.mgs.model.CrawlerMeme [FORCE]: select crawlermem0_.id as id0_0_, crawlermem0_.bottom_text as bottom2_0_0_, crawlermem0_.name as name0_0_, crawlermem0_.top_text as top4_0_0_, crawlermem0_.version as version0_0_ from mgsdbv1.crawler_meme crawlermem0_ where crawlermem0_.id=? for update
2013-07-13 17:19:39,795 [main] DEBUG org.hibernate.loader.Loader - Static select for entity com.eastapps.mgs.model.CrawlerMeme [PESSIMISTIC_READ]: select crawlermem0_.id as id0_0_, crawlermem0_.bottom_text as bottom2_0_0_, crawlermem0_.name as name0_0_, crawlermem0_.top_text as top4_0_0_, crawlermem0_.version as version0_0_ from mgsdbv1.crawler_meme crawlermem0_ where crawlermem0_.id=? lock in share mode
2013-07-13 17:19:39,795 [main] DEBUG org.hibernate.loader.Loader - Static select for entity com.eastapps.mgs.model.CrawlerMeme [PESSIMISTIC_WRITE]: select crawlermem0_.id as id0_0_, crawlermem0_.bottom_text as bottom2_0_0_, crawlermem0_.name as name0_0_, crawlermem0_.top_text as top4_0_0_, crawlermem0_.version as version0_0_ from mgsdbv1.crawler_meme crawlermem0_ where crawlermem0_.id=? for update
2013-07-13 17:19:39,796 [main] DEBUG org.hibernate.loader.Loader - Static select for entity com.eastapps.mgs.model.CrawlerMeme [PESSIMISTIC_FORCE_INCREMENT]: select crawlermem0_.id as id0_0_, crawlermem0_.bottom_text as bottom2_0_0_, crawlermem0_.name as name0_0_, crawlermem0_.top_text as top4_0_0_, crawlermem0_.version as version0_0_ from mgsdbv1.crawler_meme crawlermem0_ where crawlermem0_.id=? for update
2013-07-13 17:19:39,796 [main] DEBUG org.hibernate.loader.Loader - Static select for entity com.eastapps.mgs.model.CrawlerMeme [OPTIMISTIC]: select crawlermem0_.id as id0_0_, crawlermem0_.bottom_text as bottom2_0_0_, crawlermem0_.name as name0_0_, crawlermem0_.top_text as top4_0_0_, crawlermem0_.version as version0_0_ from mgsdbv1.crawler_meme crawlermem0_ where crawlermem0_.id=?
2013-07-13 17:19:39,796 [main] DEBUG org.hibernate.loader.Loader - Static select for entity com.eastapps.mgs.model.CrawlerMeme [OPTIMISTIC_FORCE_INCREMENT]: select crawlermem0_.id as id0_0_, crawlermem0_.bottom_text as bottom2_0_0_, crawlermem0_.name as name0_0_, crawlermem0_.top_text as top4_0_0_, crawlermem0_.version as version0_0_ from mgsdbv1.crawler_meme crawlermem0_ where crawlermem0_.id=?
2013-07-13 17:19:39,797 [main] DEBUG org.hibernate.loader.Loader - Static select for action ACTION_MERGE on entity com.eastapps.mgs.model.CrawlerMeme: select crawlermem0_.id as id0_0_, crawlermem0_.bottom_text as bottom2_0_0_, crawlermem0_.name as name0_0_, crawlermem0_.top_text as top4_0_0_, crawlermem0_.version as version0_0_ from mgsdbv1.crawler_meme crawlermem0_ where crawlermem0_.id=?
2013-07-13 17:19:39,797 [main] DEBUG org.hibernate.loader.Loader - Static select for action ACTION_REFRESH on entity com.eastapps.mgs.model.CrawlerMeme: select crawlermem0_.id as id0_0_, crawlermem0_.bottom_text as bottom2_0_0_, crawlermem0_.name as name0_0_, crawlermem0_.top_text as top4_0_0_, crawlermem0_.version as version0_0_ from mgsdbv1.crawler_meme crawlermem0_ where crawlermem0_.id=?
2013-07-13 17:19:39,802 [main] DEBUG org.hibernate.loader.collection.BasicCollectionLoader - Static select for collection com.eastapps.mgs.model.MemeUser.favoriteMemes: select favoriteme0_.meme_user as meme1_1_5_, favoriteme0_.favorite_memes as favorite2_8_5_, meme1_.id as id2_0_, meme1_.bottom_text as bottom3_2_0_, meme1_.created_by_user as created4_2_0_, meme1_.meme_background as meme5_2_0_, meme1_.top_text as top6_2_0_, meme1_.version as version2_0_, memetext2_.id as id3_1_, memetext2_.font_size as font2_3_1_, memetext2_.text as text3_1_, memetext2_.version as version3_1_, memeuser3_.id as id1_2_, memeuser3_.active as active1_2_, memeuser3_.password as password1_2_, memeuser3_.salt as salt1_2_, memeuser3_.username as username1_2_, memeuser3_.version as version1_2_, memebackgr4_.id as id7_3_, memebackgr4_.active as active7_3_, memebackgr4_.description as descript3_7_3_, memebackgr4_.file_path as file4_7_3_, memebackgr4_.version as version7_3_, memetext5_.id as id3_4_, memetext5_.font_size as font2_3_4_, memetext5_.text as text3_4_, memetext5_.version as version3_4_ from mgsdbv1.meme_user_favorite_memes favoriteme0_ inner join mgsdbv1.meme meme1_ on favoriteme0_.favorite_memes=meme1_.id left outer join mgsdbv1.meme_text memetext2_ on meme1_.bottom_text=memetext2_.id left outer join mgsdbv1.meme_user memeuser3_ on meme1_.created_by_user=memeuser3_.id left outer join mgsdbv1.meme_background memebackgr4_ on meme1_.meme_background=memebackgr4_.id left outer join mgsdbv1.meme_text memetext5_ on meme1_.top_text=memetext5_.id where favoriteme0_.meme_user=?
2013-07-13 17:19:39,805 [main] DEBUG org.hibernate.internal.SessionFactoryRegistry - Initializing SessionFactoryRegistry : org.hibernate.internal.SessionFactoryRegistry@9f7cd4c
2013-07-13 17:19:39,805 [main] DEBUG org.hibernate.internal.SessionFactoryRegistry - Registering SessionFactory: 3eb732f1-cfda-407e-868a-17d29a2865be (&lt;unnamed&gt;)
2013-07-13 17:19:39,805 [main] DEBUG org.hibernate.internal.SessionFactoryRegistry - Not binding SessionFactory to JNDI, no JNDI name configured
2013-07-13 17:19:39,806 [main] DEBUG org.hibernate.internal.SessionFactoryImpl - Instantiated session factory
2013-07-13 17:19:39,811 [main] TRACE org.hibernate.cfg.Configuration - Starting secondPassCompile() processing
2013-07-13 17:19:39,811 [main] DEBUG org.hibernate.cfg.Configuration - Processing hbm.xml files
2013-07-13 17:19:39,811 [main] DEBUG org.hibernate.cfg.Configuration - Process annotated classes
2013-07-13 17:19:39,811 [main] DEBUG org.hibernate.cfg.Configuration - Processing fk mappings (*ToOne and JoinedSubclass)
2013-07-13 17:19:39,811 [main] DEBUG org.hibernate.cfg.Configuration - Processing extends queue
2013-07-13 17:19:39,811 [main] DEBUG org.hibernate.cfg.Configuration - Processing extends queue
2013-07-13 17:19:39,811 [main] DEBUG org.hibernate.cfg.Configuration - Processing collection mappings
2013-07-13 17:19:39,811 [main] DEBUG org.hibernate.cfg.Configuration - Processing native query and ResultSetMapping mappings
2013-07-13 17:19:39,811 [main] DEBUG org.hibernate.cfg.Configuration - Processing association property references
2013-07-13 17:19:39,811 [main] DEBUG org.hibernate.cfg.Configuration - Processing foreign key constraints
2013-07-13 17:19:39,811 [main] DEBUG org.hibernate.cfg.Configuration - Resolving reference to class: com.eastapps.mgs.model.MemeUser
2013-07-13 17:19:39,811 [main] DEBUG org.hibernate.cfg.Configuration - Resolving reference to class: com.eastapps.mgs.model.MemeUser
2013-07-13 17:19:39,811 [main] DEBUG org.hibernate.cfg.Configuration - Resolving reference to class: com.eastapps.mgs.model.MemeText
2013-07-13 17:19:39,812 [main] DEBUG org.hibernate.cfg.Configuration - Resolving reference to class: com.eastapps.mgs.model.MemeBackground
2013-07-13 17:19:39,812 [main] DEBUG org.hibernate.cfg.Configuration - Resolving reference to class: com.eastapps.mgs.model.MemeText
2013-07-13 17:19:39,812 [main] DEBUG org.hibernate.cfg.Configuration - Resolving reference to class: com.eastapps.mgs.model.Meme
2013-07-13 17:19:39,812 [main] DEBUG org.hibernate.cfg.Configuration - Resolving reference to class: com.eastapps.mgs.model.MemeUser
2013-07-13 17:19:39,812 [main] DEBUG org.hibernate.cfg.Configuration - Resolving reference to class: com.eastapps.mgs.model.MemeBackground
2013-07-13 17:19:39,812 [main] DEBUG org.hibernate.cfg.Configuration - Resolving reference to class: com.eastapps.mgs.model.Meme
2013-07-13 17:19:39,812 [main] DEBUG org.hibernate.id.factory.internal.DefaultIdentifierGeneratorFactory - Setting dialect [org.hibernate.dialect.MySQL5InnoDBDialect]
2013-07-13 17:19:39,813 [main] DEBUG org.hibernate.id.factory.internal.DefaultIdentifierGeneratorFactory - Setting dialect [org.hibernate.dialect.MySQL5InnoDBDialect]
2013-07-13 17:19:39,813 [main] DEBUG org.hibernate.id.factory.internal.DefaultIdentifierGeneratorFactory - Setting dialect [org.hibernate.dialect.MySQL5InnoDBDialect]
2013-07-13 17:19:39,813 [main] DEBUG org.hibernate.id.factory.internal.DefaultIdentifierGeneratorFactory - Setting dialect [org.hibernate.dialect.MySQL5InnoDBDialect]
2013-07-13 17:19:39,813 [main] DEBUG org.hibernate.id.factory.internal.DefaultIdentifierGeneratorFactory - Setting dialect [org.hibernate.dialect.MySQL5InnoDBDialect]
2013-07-13 17:19:39,813 [main] DEBUG org.hibernate.id.factory.internal.DefaultIdentifierGeneratorFactory - Setting dialect [org.hibernate.dialect.MySQL5InnoDBDialect]
2013-07-13 17:19:39,813 [main] DEBUG org.hibernate.id.factory.internal.DefaultIdentifierGeneratorFactory - Setting dialect [org.hibernate.dialect.MySQL5InnoDBDialect]
2013-07-13 17:19:39,813 [main] DEBUG org.hibernate.id.factory.internal.DefaultIdentifierGeneratorFactory - Setting dialect [org.hibernate.dialect.MySQL5InnoDBDialect]
2013-07-13 17:19:39,814 [main] TRACE org.hibernate.cfg.Configuration - Starting secondPassCompile() processing
2013-07-13 17:19:39,814 [main] DEBUG org.hibernate.cfg.Configuration - Processing hbm.xml files
2013-07-13 17:19:39,814 [main] DEBUG org.hibernate.cfg.Configuration - Process annotated classes
2013-07-13 17:19:39,814 [main] DEBUG org.hibernate.cfg.Configuration - Processing fk mappings (*ToOne and JoinedSubclass)
2013-07-13 17:19:39,814 [main] DEBUG org.hibernate.cfg.Configuration - Processing extends queue
2013-07-13 17:19:39,814 [main] DEBUG org.hibernate.cfg.Configuration - Processing extends queue
2013-07-13 17:19:39,814 [main] DEBUG org.hibernate.cfg.Configuration - Processing collection mappings
2013-07-13 17:19:39,814 [main] DEBUG org.hibernate.cfg.Configuration - Processing native query and ResultSetMapping mappings
2013-07-13 17:19:39,814 [main] DEBUG org.hibernate.cfg.Configuration - Processing association property references
2013-07-13 17:19:39,814 [main] DEBUG org.hibernate.cfg.Configuration - Processing foreign key constraints
2013-07-13 17:19:39,814 [main] DEBUG org.hibernate.cfg.Configuration - Resolving reference to class: com.eastapps.mgs.model.MemeUser
2013-07-13 17:19:39,814 [main] DEBUG org.hibernate.cfg.Configuration - Resolving reference to class: com.eastapps.mgs.model.MemeUser
2013-07-13 17:19:39,814 [main] DEBUG org.hibernate.cfg.Configuration - Resolving reference to class: com.eastapps.mgs.model.MemeText
2013-07-13 17:19:39,815 [main] DEBUG org.hibernate.cfg.Configuration - Resolving reference to class: com.eastapps.mgs.model.MemeBackground
2013-07-13 17:19:39,815 [main] DEBUG org.hibernate.cfg.Configuration - Resolving reference to class: com.eastapps.mgs.model.MemeText
2013-07-13 17:19:39,815 [main] DEBUG org.hibernate.cfg.Configuration - Resolving reference to class: com.eastapps.mgs.model.Meme
2013-07-13 17:19:39,815 [main] DEBUG org.hibernate.cfg.Configuration - Resolving reference to class: com.eastapps.mgs.model.MemeUser
2013-07-13 17:19:39,815 [main] DEBUG org.hibernate.cfg.Configuration - Resolving reference to class: com.eastapps.mgs.model.MemeBackground
2013-07-13 17:19:39,815 [main] DEBUG org.hibernate.cfg.Configuration - Resolving reference to class: com.eastapps.mgs.model.Meme
2013-07-13 17:19:39,815 [main] DEBUG org.hibernate.id.factory.internal.DefaultIdentifierGeneratorFactory - Setting dialect [org.hibernate.dialect.MySQL5InnoDBDialect]
2013-07-13 17:19:39,815 [main] DEBUG org.hibernate.id.factory.internal.DefaultIdentifierGeneratorFactory - Setting dialect [org.hibernate.dialect.MySQL5InnoDBDialect]
2013-07-13 17:19:39,815 [main] DEBUG org.hibernate.id.factory.internal.DefaultIdentifierGeneratorFactory - Setting dialect [org.hibernate.dialect.MySQL5InnoDBDialect]
2013-07-13 17:19:39,816 [main] DEBUG org.hibernate.id.factory.internal.DefaultIdentifierGeneratorFactory - Setting dialect [org.hibernate.dialect.MySQL5InnoDBDialect]
2013-07-13 17:19:39,816 [main] DEBUG org.hibernate.id.factory.internal.DefaultIdentifierGeneratorFactory - Setting dialect [org.hibernate.dialect.MySQL5InnoDBDialect]
2013-07-13 17:19:39,816 [main] DEBUG org.hibernate.id.factory.internal.DefaultIdentifierGeneratorFactory - Setting dialect [org.hibernate.dialect.MySQL5InnoDBDialect]
2013-07-13 17:19:39,816 [main] DEBUG org.hibernate.id.factory.internal.DefaultIdentifierGeneratorFactory - Setting dialect [org.hibernate.dialect.MySQL5InnoDBDialect]
2013-07-13 17:19:39,816 [main] DEBUG org.hibernate.id.factory.internal.DefaultIdentifierGeneratorFactory - Setting dialect [org.hibernate.dialect.MySQL5InnoDBDialect]
2013-07-13 17:19:39,817 [main] DEBUG org.hibernate.id.factory.internal.DefaultIdentifierGeneratorFactory - Setting dialect [org.hibernate.dialect.MySQL5InnoDBDialect]
2013-07-13 17:19:39,817 [main] DEBUG org.hibernate.id.factory.internal.DefaultIdentifierGeneratorFactory - Setting dialect [org.hibernate.dialect.MySQL5InnoDBDialect]
2013-07-13 17:19:39,817 [main] DEBUG org.hibernate.id.factory.internal.DefaultIdentifierGeneratorFactory - Setting dialect [org.hibernate.dialect.MySQL5InnoDBDialect]
2013-07-13 17:19:39,817 [main] DEBUG org.hibernate.id.factory.internal.DefaultIdentifierGeneratorFactory - Setting dialect [org.hibernate.dialect.MySQL5InnoDBDialect]
2013-07-13 17:19:39,817 [main] DEBUG org.hibernate.id.factory.internal.DefaultIdentifierGeneratorFactory - Setting dialect [org.hibernate.dialect.MySQL5InnoDBDialect]
2013-07-13 17:19:39,817 [main] DEBUG org.hibernate.id.factory.internal.DefaultIdentifierGeneratorFactory - Setting dialect [org.hibernate.dialect.MySQL5InnoDBDialect]
2013-07-13 17:19:39,817 [main] DEBUG org.hibernate.id.factory.internal.DefaultIdentifierGeneratorFactory - Setting dialect [org.hibernate.dialect.MySQL5InnoDBDialect]
2013-07-13 17:19:39,817 [main] DEBUG org.hibernate.id.factory.internal.DefaultIdentifierGeneratorFactory - Setting dialect [org.hibernate.dialect.MySQL5InnoDBDialect]
2013-07-13 17:19:39,818 [main] TRACE org.hibernate.service.internal.AbstractServiceRegistryImpl - Initializing service [role=org.hibernate.tool.hbm2ddl.ImportSqlCommandExtractor]
2013-07-13 17:19:39,819 [main] INFO  org.hibernate.tool.hbm2ddl.SchemaExport - HHH000227: Running hbm2ddl schema export
2013-07-13 17:19:39,819 [main] DEBUG org.hibernate.tool.hbm2ddl.SchemaExport - Import file not found: /import.sql
2013-07-13 17:19:39,821 [main] DEBUG org.hibernate.SQL - alter table mgsdbv1.device_info drop foreign key FKA40484F7C79C845B
2013-07-13 17:19:40,114 [main] DEBUG org.hibernate.SQL - alter table mgsdbv1.meme drop foreign key FK331530E025ECA3
2013-07-13 17:19:40,349 [main] DEBUG org.hibernate.SQL - alter table mgsdbv1.meme drop foreign key FK331530E9FD9B80
2013-07-13 17:19:40,582 [main] DEBUG org.hibernate.SQL - alter table mgsdbv1.meme drop foreign key FK33153012E30C47
2013-07-13 17:19:40,790 [main] DEBUG org.hibernate.SQL - alter table mgsdbv1.meme drop foreign key FK331530FF45D86A
2013-07-13 17:19:41,006 [main] DEBUG org.hibernate.SQL - alter table mgsdbv1.meme_user_favorite_memes drop foreign key FK5C5F5645941BBF3C
2013-07-13 17:19:41,239 [main] DEBUG org.hibernate.SQL - alter table mgsdbv1.meme_user_favorite_memes drop foreign key FK5C5F5645785EC5C1
2013-07-13 17:19:41,448 [main] DEBUG org.hibernate.SQL - alter table mgsdbv1.sample_meme drop foreign key FK91F52A5DC37E9D8
2013-07-13 17:19:41,658 [main] DEBUG org.hibernate.SQL - alter table mgsdbv1.sample_meme drop foreign key FK91F52A5F23BF901
2013-07-13 17:19:41,881 [main] DEBUG org.hibernate.SQL - drop table if exists mgsdbv1.crawler_background
2013-07-13 17:19:41,922 [main] DEBUG org.hibernate.SQL - drop table if exists mgsdbv1.crawler_meme
2013-07-13 17:19:41,964 [main] DEBUG org.hibernate.SQL - drop table if exists mgsdbv1.device_info
2013-07-13 17:19:42,006 [main] DEBUG org.hibernate.SQL - drop table if exists mgsdbv1.meme
2013-07-13 17:19:42,048 [main] DEBUG org.hibernate.SQL - drop table if exists mgsdbv1.meme_background
2013-07-13 17:19:42,090 [main] DEBUG org.hibernate.SQL - drop table if exists mgsdbv1.meme_text
2013-07-13 17:19:42,131 [main] DEBUG org.hibernate.SQL - drop table if exists mgsdbv1.meme_user
2013-07-13 17:19:42,173 [main] DEBUG org.hibernate.SQL - drop table if exists mgsdbv1.meme_user_favorite_memes
2013-07-13 17:19:42,215 [main] DEBUG org.hibernate.SQL - drop table if exists mgsdbv1.sample_meme
2013-07-13 17:19:42,266 [main] DEBUG org.hibernate.SQL - create table mgsdbv1.crawler_background (id bigint not null auto_increment, crawler_img_desc varchar(255), crawler_img_filename varchar(255), source_desc varchar(255), version integer, primary key (id)) ENGINE=InnoDB
2013-07-13 17:19:42,407 [main] DEBUG org.hibernate.SQL - create table mgsdbv1.crawler_meme (id bigint not null auto_increment, bottom_text varchar(255), name varchar(255), top_text varchar(255), version integer, primary key (id)) ENGINE=InnoDB
2013-07-13 17:19:42,499 [main] DEBUG org.hibernate.SQL - create table mgsdbv1.device_info (id bigint not null auto_increment, unique_id varchar(255), version integer, device_user bigint, primary key (id)) ENGINE=InnoDB
2013-07-13 17:19:42,590 [main] DEBUG org.hibernate.SQL - create table mgsdbv1.meme (id bigint not null auto_increment, version integer, bottom_text bigint, created_by_user bigint, meme_background bigint, top_text bigint, primary key (id)) ENGINE=InnoDB
2013-07-13 17:19:42,682 [main] DEBUG org.hibernate.SQL - create table mgsdbv1.meme_background (id bigint not null auto_increment, active boolean not null, description varchar(255), file_path varchar(255), version integer, primary key (id)) ENGINE=InnoDB
2013-07-13 17:19:42,773 [main] DEBUG org.hibernate.SQL - create table mgsdbv1.meme_text (id bigint not null auto_increment, font_size double precision, text varchar(255), version integer, primary key (id)) ENGINE=InnoDB
2013-07-13 17:19:42,864 [main] DEBUG org.hibernate.SQL - create table mgsdbv1.meme_user (id bigint not null auto_increment, active boolean, password varchar(255), salt varchar(255), username varchar(255), version integer, primary key (id)) ENGINE=InnoDB
2013-07-13 17:19:42,947 [main] DEBUG org.hibernate.SQL - create table mgsdbv1.meme_user_favorite_memes (meme_user bigint not null, favorite_memes bigint not null, primary key (meme_user, favorite_memes)) ENGINE=InnoDB
2013-07-13 17:19:43,030 [main] DEBUG org.hibernate.SQL - create table mgsdbv1.sample_meme (id bigint not null auto_increment, version integer, background bigint, sample_meme bigint, primary key (id)) ENGINE=InnoDB
2013-07-13 17:19:43,114 [main] DEBUG org.hibernate.SQL - alter table mgsdbv1.device_info add index FKA40484F7C79C845B (device_user), add constraint FKA40484F7C79C845B foreign key (device_user) references mgsdbv1.meme_user (id)
2013-07-13 17:19:43,323 [main] DEBUG org.hibernate.SQL - alter table mgsdbv1.meme add index FK331530E025ECA3 (created_by_user), add constraint FK331530E025ECA3 foreign key (created_by_user) references mgsdbv1.meme_user (id)
2013-07-13 17:19:43,539 [main] DEBUG org.hibernate.SQL - alter table mgsdbv1.meme add index FK331530E9FD9B80 (top_text), add constraint FK331530E9FD9B80 foreign key (top_text) references mgsdbv1.meme_text (id)
2013-07-13 17:19:43,755 [main] DEBUG org.hibernate.SQL - alter table mgsdbv1.meme add index FK33153012E30C47 (meme_background), add constraint FK33153012E30C47 foreign key (meme_background) references mgsdbv1.meme_background (id)
2013-07-13 17:19:43,971 [main] DEBUG org.hibernate.SQL - alter table mgsdbv1.meme add index FK331530FF45D86A (bottom_text), add constraint FK331530FF45D86A foreign key (bottom_text) references mgsdbv1.meme_text (id)
2013-07-13 17:19:44,180 [main] DEBUG org.hibernate.SQL - alter table mgsdbv1.meme_user_favorite_memes add index FK5C5F5645941BBF3C (favorite_memes), add constraint FK5C5F5645941BBF3C foreign key (favorite_memes) references mgsdbv1.meme (id)
2013-07-13 17:19:44,372 [main] DEBUG org.hibernate.SQL - alter table mgsdbv1.meme_user_favorite_memes add index FK5C5F5645785EC5C1 (meme_user), add constraint FK5C5F5645785EC5C1 foreign key (meme_user) references mgsdbv1.meme_user (id)
2013-07-13 17:19:44,588 [main] DEBUG org.hibernate.SQL - alter table mgsdbv1.sample_meme add index FK91F52A5DC37E9D8 (background), add constraint FK91F52A5DC37E9D8 foreign key (background) references mgsdbv1.meme_background (id)
2013-07-13 17:19:44,805 [main] DEBUG org.hibernate.SQL - alter table mgsdbv1.sample_meme add index FK91F52A5F23BF901 (sample_meme), add constraint FK91F52A5F23BF901 foreign key (sample_meme) references mgsdbv1.meme (id)
2013-07-13 17:19:45,013 [main] INFO  org.hibernate.tool.hbm2ddl.SchemaExport - HHH000230: Schema export complete
2013-07-13 17:19:45,014 [main] DEBUG org.hibernate.internal.SessionFactoryImpl - Checking 0 named HQL queries
2013-07-13 17:19:45,014 [main] DEBUG org.hibernate.internal.SessionFactoryImpl - Checking 0 named SQL queries
2013-07-13 17:19:45,017 [main] TRACE org.hibernate.service.internal.AbstractServiceRegistryImpl - Initializing service [role=org.hibernate.service.config.spi.ConfigurationService]
2013-07-13 17:19:45,021 [main] TRACE org.hibernate.service.internal.AbstractServiceRegistryImpl - Initializing service [role=org.hibernate.stat.spi.StatisticsImplementor]
2013-07-13 17:19:45,037 [main] DEBUG org.hibernate.stat.internal.StatisticsInitiator - Statistics initialized [enabled=false]
2013-07-13 17:19:45,058 [main] TRACE org.hibernate.ejb.metamodel.MetadataContext - Wrapping up metadata context...
2013-07-13 17:19:45,058 [main] TRACE org.hibernate.ejb.metamodel.MetadataContext - Starting entity [com.eastapps.mgs.model.SampleMeme]
2013-07-13 17:19:45,059 [main] TRACE org.hibernate.ejb.metamodel.AttributeFactory - Building identifier attribute [com.eastapps.mgs.model.SampleMeme.id]
2013-07-13 17:19:45,059 [main] TRACE org.hibernate.ejb.metamodel.AttributeFactory - Starting attribute metadata determination [id]
2013-07-13 17:19:45,060 [main] TRACE org.hibernate.ejb.metamodel.AttributeFactory -     Determined member [private java.lang.Long com.eastapps.mgs.model.SampleMeme.id]
2013-07-13 17:19:45,060 [main] TRACE org.hibernate.ejb.metamodel.AttributeFactory -     Determined type [name=long, class=org.hibernate.type.LongType]
2013-07-13 17:19:45,064 [main] TRACE org.hibernate.ejb.metamodel.AttributeFactory - Building version attribute [ownerType.getJavaType().getName().property.getName()]
2013-07-13 17:19:45,064 [main] TRACE org.hibernate.ejb.metamodel.AttributeFactory - Starting attribute metadata determination [version]
2013-07-13 17:19:45,064 [main] TRACE org.hibernate.ejb.metamodel.AttributeFactory -     Determined member [private java.lang.Integer com.eastapps.mgs.model.SampleMeme.version]
2013-07-13 17:19:45,064 [main] TRACE org.hibernate.ejb.metamodel.AttributeFactory -     Determined type [name=integer, class=org.hibernate.type.IntegerType]
2013-07-13 17:19:45,064 [main] TRACE org.hibernate.ejb.metamodel.AttributeFactory - Building attribute [com.eastapps.mgs.model.SampleMeme.background]
2013-07-13 17:19:45,064 [main] TRACE org.hibernate.ejb.metamodel.AttributeFactory - Starting attribute metadata determination [background]
2013-07-13 17:19:45,064 [main] TRACE org.hibernate.ejb.metamodel.AttributeFactory -     Determined member [private com.eastapps.mgs.model.MemeBackground com.eastapps.mgs.model.SampleMeme.background]
2013-07-13 17:19:45,064 [main] TRACE org.hibernate.ejb.metamodel.AttributeFactory -     Determined type [name=com.eastapps.mgs.model.MemeBackground, class=org.hibernate.type.ManyToOneType]
2013-07-13 17:19:45,064 [main] TRACE org.hibernate.ejb.metamodel.AttributeFactory - Building attribute [com.eastapps.mgs.model.SampleMeme.sampleMeme]
2013-07-13 17:19:45,064 [main] TRACE org.hibernate.ejb.metamodel.AttributeFactory - Starting attribute metadata determination [sampleMeme]
2013-07-13 17:19:45,065 [main] TRACE org.hibernate.ejb.metamodel.AttributeFactory -     Determined member [private com.eastapps.mgs.model.Meme com.eastapps.mgs.model.SampleMeme.sampleMeme]
2013-07-13 17:19:45,065 [main] TRACE org.hibernate.ejb.metamodel.AttributeFactory -     Determined type [name=com.eastapps.mgs.model.Meme, class=org.hibernate.type.ManyToOneType]
2013-07-13 17:19:45,065 [main] TRACE org.hibernate.ejb.metamodel.MetadataContext - Completed entity [com.eastapps.mgs.model.SampleMeme]
2013-07-13 17:19:45,065 [main] TRACE org.hibernate.ejb.metamodel.MetadataContext - Starting entity [com.eastapps.mgs.model.MemeText]
2013-07-13 17:19:45,065 [main] TRACE org.hibernate.ejb.metamodel.AttributeFactory - Building identifier attribute [com.eastapps.mgs.model.MemeText.id]
2013-07-13 17:19:45,065 [main] TRACE org.hibernate.ejb.metamodel.AttributeFactory - Starting attribute metadata determination [id]
2013-07-13 17:19:45,065 [main] TRACE org.hibernate.ejb.metamodel.AttributeFactory -     Determined member [private java.lang.Long com.eastapps.mgs.model.MemeText.id]
2013-07-13 17:19:45,065 [main] TRACE org.hibernate.ejb.metamodel.AttributeFactory -     Determined type [name=long, class=org.hibernate.type.LongType]
2013-07-13 17:19:45,065 [main] TRACE org.hibernate.ejb.metamodel.AttributeFactory - Building version attribute [ownerType.getJavaType().getName().property.getName()]
2013-07-13 17:19:45,066 [main] TRACE org.hibernate.ejb.metamodel.AttributeFactory - Starting attribute metadata determination [version]
2013-07-13 17:19:45,066 [main] TRACE org.hibernate.ejb.metamodel.AttributeFactory -     Determined member [private java.lang.Integer com.eastapps.mgs.model.MemeText.version]
2013-07-13 17:19:45,066 [main] TRACE org.hibernate.ejb.metamodel.AttributeFactory -     Determined type [name=integer, class=org.hibernate.type.IntegerType]
2013-07-13 17:19:45,066 [main] TRACE org.hibernate.ejb.metamodel.AttributeFactory - Building attribute [com.eastapps.mgs.model.MemeText.fontSize]
2013-07-13 17:19:45,066 [main] TRACE org.hibernate.ejb.metamodel.AttributeFactory - Starting attribute metadata determination [fontSize]
2013-07-13 17:19:45,066 [main] TRACE org.hibernate.ejb.metamodel.AttributeFactory -     Determined member [private java.lang.Double com.eastapps.mgs.model.MemeText.fontSize]
2013-07-13 17:19:45,066 [main] TRACE org.hibernate.ejb.metamodel.AttributeFactory -     Determined type [name=double, class=org.hibernate.type.DoubleType]
2013-07-13 17:19:45,066 [main] TRACE org.hibernate.ejb.metamodel.AttributeFactory - Building attribute [com.eastapps.mgs.model.MemeText.text]
2013-07-13 17:19:45,066 [main] TRACE org.hibernate.ejb.metamodel.AttributeFactory - Starting attribute metadata determination [text]
2013-07-13 17:19:45,066 [main] TRACE org.hibernate.ejb.metamodel.AttributeFactory -     Determined member [private java.lang.String com.eastapps.mgs.model.MemeText.text]
2013-07-13 17:19:45,066 [main] TRACE org.hibernate.ejb.metamodel.AttributeFactory -     Determined type [name=string, class=org.hibernate.type.StringType]
2013-07-13 17:19:45,066 [main] TRACE org.hibernate.ejb.metamodel.MetadataContext - Completed entity [com.eastapps.mgs.model.MemeText]
2013-07-13 17:19:45,066 [main] TRACE org.hibernate.ejb.metamodel.MetadataContext - Starting entity [com.eastapps.mgs.model.DeviceInfo]
2013-07-13 17:19:45,066 [main] TRACE org.hibernate.ejb.metamodel.AttributeFactory - Building identifier attribute [com.eastapps.mgs.model.DeviceInfo.id]
2013-07-13 17:19:45,066 [main] TRACE org.hibernate.ejb.metamodel.AttributeFactory - Starting attribute metadata determination [id]
2013-07-13 17:19:45,066 [main] TRACE org.hibernate.ejb.metamodel.AttributeFactory -     Determined member [private java.lang.Long com.eastapps.mgs.model.DeviceInfo.id]
2013-07-13 17:19:45,066 [main] TRACE org.hibernate.ejb.metamodel.AttributeFactory -     Determined type [name=long, class=org.hibernate.type.LongType]
2013-07-13 17:19:45,066 [main] TRACE org.hibernate.ejb.metamodel.AttributeFactory - Building version attribute [ownerType.getJavaType().getName().property.getName()]
2013-07-13 17:19:45,067 [main] TRACE org.hibernate.ejb.metamodel.AttributeFactory - Starting attribute metadata determination [version]
2013-07-13 17:19:45,067 [main] TRACE org.hibernate.ejb.metamodel.AttributeFactory -     Determined member [private java.lang.Integer com.eastapps.mgs.model.DeviceInfo.version]
2013-07-13 17:19:45,067 [main] TRACE org.hibernate.ejb.metamodel.AttributeFactory -     Determined type [name=integer, class=org.hibernate.type.IntegerType]
2013-07-13 17:19:45,067 [main] TRACE org.hibernate.ejb.metamodel.AttributeFactory - Building attribute [com.eastapps.mgs.model.DeviceInfo.deviceUser]
2013-07-13 17:19:45,067 [main] TRACE org.hibernate.ejb.metamodel.AttributeFactory - Starting attribute metadata determination [deviceUser]
2013-07-13 17:19:45,067 [main] TRACE org.hibernate.ejb.metamodel.AttributeFactory -     Determined member [private com.eastapps.mgs.model.MemeUser com.eastapps.mgs.model.DeviceInfo.deviceUser]
2013-07-13 17:19:45,067 [main] TRACE org.hibernate.ejb.metamodel.AttributeFactory -     Determined type [name=com.eastapps.mgs.model.MemeUser, class=org.hibernate.type.ManyToOneType]
2013-07-13 17:19:45,067 [main] TRACE org.hibernate.ejb.metamodel.AttributeFactory - Building attribute [com.eastapps.mgs.model.DeviceInfo.uniqueId]
2013-07-13 17:19:45,067 [main] TRACE org.hibernate.ejb.metamodel.AttributeFactory - Starting attribute metadata determination [uniqueId]
2013-07-13 17:19:45,067 [main] TRACE org.hibernate.ejb.metamodel.AttributeFactory -     Determined member [private java.lang.String com.eastapps.mgs.model.DeviceInfo.uniqueId]
2013-07-13 17:19:45,067 [main] TRACE org.hibernate.ejb.metamodel.AttributeFactory -     Determined type [name=string, class=org.hibernate.type.StringType]
2013-07-13 17:19:45,067 [main] TRACE org.hibernate.ejb.metamodel.MetadataContext - Completed entity [com.eastapps.mgs.model.DeviceInfo]
2013-07-13 17:19:45,067 [main] TRACE org.hibernate.ejb.metamodel.MetadataContext - Starting entity [com.eastapps.mgs.model.CrawlerBackground]
2013-07-13 17:19:45,067 [main] TRACE org.hibernate.ejb.metamodel.AttributeFactory - Building identifier attribute [com.eastapps.mgs.model.CrawlerBackground.id]
2013-07-13 17:19:45,067 [main] TRACE org.hibernate.ejb.metamodel.AttributeFactory - Starting attribute metadata determination [id]
2013-07-13 17:19:45,068 [main] TRACE org.hibernate.ejb.metamodel.AttributeFactory -     Determined member [private java.lang.Long com.eastapps.mgs.model.CrawlerBackground.id]
2013-07-13 17:19:45,068 [main] TRACE org.hibernate.ejb.metamodel.AttributeFactory -     Determined type [name=long, class=org.hibernate.type.LongType]
2013-07-13 17:19:45,068 [main] TRACE org.hibernate.ejb.metamodel.AttributeFactory - Building version attribute [ownerType.getJavaType().getName().property.getName()]
2013-07-13 17:19:45,068 [main] TRACE org.hibernate.ejb.metamodel.AttributeFactory - Starting attribute metadata determination [version]
2013-07-13 17:19:45,068 [main] TRACE org.hibernate.ejb.metamodel.AttributeFactory -     Determined member [private java.lang.Integer com.eastapps.mgs.model.CrawlerBackground.version]
2013-07-13 17:19:45,068 [main] TRACE org.hibernate.ejb.metamodel.AttributeFactory -     Determined type [name=integer, class=org.hibernate.type.IntegerType]
2013-07-13 17:19:45,068 [main] TRACE org.hibernate.ejb.metamodel.AttributeFactory - Building attribute [com.eastapps.mgs.model.CrawlerBackground.crawlerImgDesc]
2013-07-13 17:19:45,068 [main] TRACE org.hibernate.ejb.metamodel.AttributeFactory - Starting attribute metadata determination [crawlerImgDesc]
2013-07-13 17:19:45,068 [main] TRACE org.hibernate.ejb.metamodel.AttributeFactory -     Determined member [private java.lang.String com.eastapps.mgs.model.CrawlerBackground.crawlerImgDesc]
2013-07-13 17:19:45,068 [main] TRACE org.hibernate.ejb.metamodel.AttributeFactory -     Determined type [name=string, class=org.hibernate.type.StringType]
2013-07-13 17:19:45,068 [main] TRACE org.hibernate.ejb.metamodel.AttributeFactory - Building attribute [com.eastapps.mgs.model.CrawlerBackground.crawlerImgFilename]
2013-07-13 17:19:45,068 [main] TRACE org.hibernate.ejb.metamodel.AttributeFactory - Starting attribute metadata determination [crawlerImgFilename]
2013-07-13 17:19:45,068 [main] TRACE org.hibernate.ejb.metamodel.AttributeFactory -     Determined member [private java.lang.String com.eastapps.mgs.model.CrawlerBackground.crawlerImgFilename]
2013-07-13 17:19:45,068 [main] TRACE org.hibernate.ejb.metamodel.AttributeFactory -     Determined type [name=string, class=org.hibernate.type.StringType]
2013-07-13 17:19:45,068 [main] TRACE org.hibernate.ejb.metamodel.AttributeFactory - Building attribute [com.eastapps.mgs.model.CrawlerBackground.sourceDesc]
2013-07-13 17:19:45,068 [main] TRACE org.hibernate.ejb.metamodel.AttributeFactory - Starting attribute metadata determination [sourceDesc]
2013-07-13 17:19:45,068 [main] TRACE org.hibernate.ejb.metamodel.AttributeFactory -     Determined member [private java.lang.String com.eastapps.mgs.model.CrawlerBackground.sourceDesc]
2013-07-13 17:19:45,068 [main] TRACE org.hibernate.ejb.metamodel.AttributeFactory -     Determined type [name=string, class=org.hibernate.type.StringType]
2013-07-13 17:19:45,069 [main] TRACE org.hibernate.ejb.metamodel.MetadataContext - Completed entity [com.eastapps.mgs.model.CrawlerBackground]
2013-07-13 17:19:45,069 [main] TRACE org.hibernate.ejb.metamodel.MetadataContext - Starting entity [com.eastapps.mgs.model.Meme]
2013-07-13 17:19:45,069 [main] TRACE org.hibernate.ejb.metamodel.AttributeFactory - Building identifier attribute [com.eastapps.mgs.model.Meme.id]
2013-07-13 17:19:45,069 [main] TRACE org.hibernate.ejb.metamodel.AttributeFactory - Starting attribute metadata determination [id]
2013-07-13 17:19:45,069 [main] TRACE org.hibernate.ejb.metamodel.AttributeFactory -     Determined member [private java.lang.Long com.eastapps.mgs.model.Meme.id]
2013-07-13 17:19:45,069 [main] TRACE org.hibernate.ejb.metamodel.AttributeFactory -     Determined type [name=long, class=org.hibernate.type.LongType]
2013-07-13 17:19:45,069 [main] TRACE org.hibernate.ejb.metamodel.AttributeFactory - Building version attribute [ownerType.getJavaType().getName().property.getName()]
2013-07-13 17:19:45,069 [main] TRACE org.hibernate.ejb.metamodel.AttributeFactory - Starting attribute metadata determination [version]
2013-07-13 17:19:45,069 [main] TRACE org.hibernate.ejb.metamodel.AttributeFactory -     Determined member [private java.lang.Integer com.eastapps.mgs.model.Meme.version]
2013-07-13 17:19:45,069 [main] TRACE org.hibernate.ejb.metamodel.AttributeFactory -     Determined type [name=integer, class=org.hibernate.type.IntegerType]
2013-07-13 17:19:45,069 [main] TRACE org.hibernate.ejb.metamodel.AttributeFactory - Building attribute [com.eastapps.mgs.model.Meme.bottomText]
2013-07-13 17:19:45,069 [main] TRACE org.hibernate.ejb.metamodel.AttributeFactory - Starting attribute metadata determination [bottomText]
2013-07-13 17:19:45,069 [main] TRACE org.hibernate.ejb.metamodel.AttributeFactory -     Determined member [private com.eastapps.mgs.model.MemeText com.eastapps.mgs.model.Meme.bottomText]
2013-07-13 17:19:45,069 [main] TRACE org.hibernate.ejb.metamodel.AttributeFactory -     Determined type [name=com.eastapps.mgs.model.MemeText, class=org.hibernate.type.ManyToOneType]
2013-07-13 17:19:45,069 [main] TRACE org.hibernate.ejb.metamodel.AttributeFactory - Building attribute [com.eastapps.mgs.model.Meme.createdByUser]
2013-07-13 17:19:45,069 [main] TRACE org.hibernate.ejb.metamodel.AttributeFactory - Starting attribute metadata determination [createdByUser]
2013-07-13 17:19:45,070 [main] TRACE org.hibernate.ejb.metamodel.AttributeFactory -     Determined member [private com.eastapps.mgs.model.MemeUser com.eastapps.mgs.model.Meme.createdByUser]
2013-07-13 17:19:45,070 [main] TRACE org.hibernate.ejb.metamodel.AttributeFactory -     Determined type [name=com.eastapps.mgs.model.MemeUser, class=org.hibernate.type.ManyToOneType]
2013-07-13 17:19:45,070 [main] TRACE org.hibernate.ejb.metamodel.AttributeFactory - Building attribute [com.eastapps.mgs.model.Meme.memeBackground]
2013-07-13 17:19:45,070 [main] TRACE org.hibernate.ejb.metamodel.AttributeFactory - Starting attribute metadata determination [memeBackground]
2013-07-13 17:19:45,070 [main] TRACE org.hibernate.ejb.metamodel.AttributeFactory -     Determined member [private com.eastapps.mgs.model.MemeBackground com.eastapps.mgs.model.Meme.memeBackground]
2013-07-13 17:19:45,070 [main] TRACE org.hibernate.ejb.metamodel.AttributeFactory -     Determined type [name=com.eastapps.mgs.model.MemeBackground, class=org.hibernate.type.ManyToOneType]
2013-07-13 17:19:45,070 [main] TRACE org.hibernate.ejb.metamodel.AttributeFactory - Building attribute [com.eastapps.mgs.model.Meme.topText]
2013-07-13 17:19:45,070 [main] TRACE org.hibernate.ejb.metamodel.AttributeFactory - Starting attribute metadata determination [topText]
2013-07-13 17:19:45,070 [main] TRACE org.hibernate.ejb.metamodel.AttributeFactory -     Determined member [private com.eastapps.mgs.model.MemeText com.eastapps.mgs.model.Meme.topText]
2013-07-13 17:19:45,070 [main] TRACE org.hibernate.ejb.metamodel.AttributeFactory -     Determined type [name=com.eastapps.mgs.model.MemeText, class=org.hibernate.type.ManyToOneType]
2013-07-13 17:19:45,071 [main] TRACE org.hibernate.ejb.metamodel.MetadataContext - Completed entity [com.eastapps.mgs.model.Meme]
2013-07-13 17:19:45,071 [main] TRACE org.hibernate.ejb.metamodel.MetadataContext - Starting entity [com.eastapps.mgs.model.MemeUser]
2013-07-13 17:19:45,071 [main] TRACE org.hibernate.ejb.metamodel.AttributeFactory - Building identifier attribute [com.eastapps.mgs.model.MemeUser.id]
2013-07-13 17:19:45,071 [main] TRACE org.hibernate.ejb.metamodel.AttributeFactory - Starting attribute metadata determination [id]
2013-07-13 17:19:45,071 [main] TRACE org.hibernate.ejb.metamodel.AttributeFactory -     Determined member [private java.lang.Long com.eastapps.mgs.model.MemeUser.id]
2013-07-13 17:19:45,071 [main] TRACE org.hibernate.ejb.metamodel.AttributeFactory -     Determined type [name=long, class=org.hibernate.type.LongType]
2013-07-13 17:19:45,071 [main] TRACE org.hibernate.ejb.metamodel.AttributeFactory - Building version attribute [ownerType.getJavaType().getName().property.getName()]
2013-07-13 17:19:45,071 [main] TRACE org.hibernate.ejb.metamodel.AttributeFactory - Starting attribute metadata determination [version]
2013-07-13 17:19:45,071 [main] TRACE org.hibernate.ejb.metamodel.AttributeFactory -     Determined member [private java.lang.Integer com.eastapps.mgs.model.MemeUser.version]
2013-07-13 17:19:45,071 [main] TRACE org.hibernate.ejb.metamodel.AttributeFactory -     Determined type [name=integer, class=org.hibernate.type.IntegerType]
2013-07-13 17:19:45,071 [main] TRACE org.hibernate.ejb.metamodel.AttributeFactory - Building attribute [com.eastapps.mgs.model.MemeUser.active]
2013-07-13 17:19:45,071 [main] TRACE org.hibernate.ejb.metamodel.AttributeFactory - Starting attribute metadata determination [active]
2013-07-13 17:19:45,071 [main] TRACE org.hibernate.ejb.metamodel.AttributeFactory -     Determined member [private java.lang.Boolean com.eastapps.mgs.model.MemeUser.active]
2013-07-13 17:19:45,071 [main] TRACE org.hibernate.ejb.metamodel.AttributeFactory -     Determined type [name=boolean, class=org.hibernate.type.BooleanType]
2013-07-13 17:19:45,071 [main] TRACE org.hibernate.ejb.metamodel.AttributeFactory - Building attribute [com.eastapps.mgs.model.MemeUser.favoriteMemes]
2013-07-13 17:19:45,071 [main] TRACE org.hibernate.ejb.metamodel.AttributeFactory - Starting attribute metadata determination [favoriteMemes]
2013-07-13 17:19:45,071 [main] TRACE org.hibernate.ejb.metamodel.AttributeFactory -     Determined member [private java.util.Set com.eastapps.mgs.model.MemeUser.favoriteMemes]
2013-07-13 17:19:45,071 [main] TRACE org.hibernate.ejb.metamodel.AttributeFactory -     Determined type [name=java.util.Set(com.eastapps.mgs.model.MemeUser.favoriteMemes), class=org.hibernate.type.SetType]
2013-07-13 17:19:45,077 [main] TRACE org.hibernate.ejb.metamodel.AttributeFactory - Building attribute [com.eastapps.mgs.model.MemeUser.password]
2013-07-13 17:19:45,077 [main] TRACE org.hibernate.ejb.metamodel.AttributeFactory - Starting attribute metadata determination [password]
2013-07-13 17:19:45,077 [main] TRACE org.hibernate.ejb.metamodel.AttributeFactory -     Determined member [private java.lang.String com.eastapps.mgs.model.MemeUser.password]
2013-07-13 17:19:45,077 [main] TRACE org.hibernate.ejb.metamodel.AttributeFactory -     Determined type [name=string, class=org.hibernate.type.StringType]
2013-07-13 17:19:45,077 [main] TRACE org.hibernate.ejb.metamodel.AttributeFactory - Building attribute [com.eastapps.mgs.model.MemeUser.salt]
2013-07-13 17:19:45,077 [main] TRACE org.hibernate.ejb.metamodel.AttributeFactory - Starting attribute metadata determination [salt]
2013-07-13 17:19:45,077 [main] TRACE org.hibernate.ejb.metamodel.AttributeFactory -     Determined member [private java.lang.String com.eastapps.mgs.model.MemeUser.salt]
2013-07-13 17:19:45,077 [main] TRACE org.hibernate.ejb.metamodel.AttributeFactory -     Determined type [name=string, class=org.hibernate.type.StringType]
2013-07-13 17:19:45,077 [main] TRACE org.hibernate.ejb.metamodel.AttributeFactory - Building attribute [com.eastapps.mgs.model.MemeUser.username]
2013-07-13 17:19:45,077 [main] TRACE org.hibernate.ejb.metamodel.AttributeFactory - Starting attribute metadata determination [username]
2013-07-13 17:19:45,077 [main] TRACE org.hibernate.ejb.metamodel.AttributeFactory -     Determined member [private java.lang.String com.eastapps.mgs.model.MemeUser.username]
2013-07-13 17:19:45,077 [main] TRACE org.hibernate.ejb.metamodel.AttributeFactory -     Determined type [name=string, class=org.hibernate.type.StringType]
2013-07-13 17:19:45,078 [main] TRACE org.hibernate.ejb.metamodel.MetadataContext - Completed entity [com.eastapps.mgs.model.MemeUser]
2013-07-13 17:19:45,078 [main] TRACE org.hibernate.ejb.metamodel.MetadataContext - Starting entity [com.eastapps.mgs.model.MemeBackground]
2013-07-13 17:19:45,078 [main] TRACE org.hibernate.ejb.metamodel.AttributeFactory - Building identifier attribute [com.eastapps.mgs.model.MemeBackground.id]
2013-07-13 17:19:45,078 [main] TRACE org.hibernate.ejb.metamodel.AttributeFactory - Starting attribute metadata determination [id]
2013-07-13 17:19:45,078 [main] TRACE org.hibernate.ejb.metamodel.AttributeFactory -     Determined member [private java.lang.Long com.eastapps.mgs.model.MemeBackground.id]
2013-07-13 17:19:45,078 [main] TRACE org.hibernate.ejb.metamodel.AttributeFactory -     Determined type [name=long, class=org.hibernate.type.LongType]
2013-07-13 17:19:45,078 [main] TRACE org.hibernate.ejb.metamodel.AttributeFactory - Building version attribute [ownerType.getJavaType().getName().property.getName()]
2013-07-13 17:19:45,078 [main] TRACE org.hibernate.ejb.metamodel.AttributeFactory - Starting attribute metadata determination [version]
2013-07-13 17:19:45,078 [main] TRACE org.hibernate.ejb.metamodel.AttributeFactory -     Determined member [private java.lang.Integer com.eastapps.mgs.model.MemeBackground.version]
2013-07-13 17:19:45,078 [main] TRACE org.hibernate.ejb.metamodel.AttributeFactory -     Determined type [name=integer, class=org.hibernate.type.IntegerType]
2013-07-13 17:19:45,078 [main] TRACE org.hibernate.ejb.metamodel.AttributeFactory - Building attribute [com.eastapps.mgs.model.MemeBackground.active]
2013-07-13 17:19:45,078 [main] TRACE org.hibernate.ejb.metamodel.AttributeFactory - Starting attribute metadata determination [active]
2013-07-13 17:19:45,078 [main] TRACE org.hibernate.ejb.metamodel.AttributeFactory -     Determined member [private java.lang.Boolean com.eastapps.mgs.model.MemeBackground.active]
2013-07-13 17:19:45,078 [main] TRACE org.hibernate.ejb.metamodel.AttributeFactory -     Determined type [name=boolean, class=org.hibernate.type.BooleanType]
2013-07-13 17:19:45,078 [main] TRACE org.hibernate.ejb.metamodel.AttributeFactory - Building attribute [com.eastapps.mgs.model.MemeBackground.description]
2013-07-13 17:19:45,078 [main] TRACE org.hibernate.ejb.metamodel.AttributeFactory - Starting attribute metadata determination [description]
2013-07-13 17:19:45,078 [main] TRACE org.hibernate.ejb.metamodel.AttributeFactory -     Determined member [private java.lang.String com.eastapps.mgs.model.MemeBackground.description]
2013-07-13 17:19:45,078 [main] TRACE org.hibernate.ejb.metamodel.AttributeFactory -     Determined type [name=string, class=org.hibernate.type.StringType]
2013-07-13 17:19:45,079 [main] TRACE org.hibernate.ejb.metamodel.AttributeFactory - Building attribute [com.eastapps.mgs.model.MemeBackground.filePath]
2013-07-13 17:19:45,079 [main] TRACE org.hibernate.ejb.metamodel.AttributeFactory - Starting attribute metadata determination [filePath]
2013-07-13 17:19:45,079 [main] TRACE org.hibernate.ejb.metamodel.AttributeFactory -     Determined member [private java.lang.String com.eastapps.mgs.model.MemeBackground.filePath]
2013-07-13 17:19:45,079 [main] TRACE org.hibernate.ejb.metamodel.AttributeFactory -     Determined type [name=string, class=org.hibernate.type.StringType]
2013-07-13 17:19:45,079 [main] TRACE org.hibernate.ejb.metamodel.MetadataContext - Completed entity [com.eastapps.mgs.model.MemeBackground]
2013-07-13 17:19:45,079 [main] TRACE org.hibernate.ejb.metamodel.MetadataContext - Starting entity [com.eastapps.mgs.model.CrawlerMeme]
2013-07-13 17:19:45,079 [main] TRACE org.hibernate.ejb.metamodel.AttributeFactory - Building identifier attribute [com.eastapps.mgs.model.CrawlerMeme.id]
2013-07-13 17:19:45,079 [main] TRACE org.hibernate.ejb.metamodel.AttributeFactory - Starting attribute metadata determination [id]
2013-07-13 17:19:45,079 [main] TRACE org.hibernate.ejb.metamodel.AttributeFactory -     Determined member [private java.lang.Long com.eastapps.mgs.model.CrawlerMeme.id]
2013-07-13 17:19:45,079 [main] TRACE org.hibernate.ejb.metamodel.AttributeFactory -     Determined type [name=long, class=org.hibernate.type.LongType]
2013-07-13 17:19:45,079 [main] TRACE org.hibernate.ejb.metamodel.AttributeFactory - Building version attribute [ownerType.getJavaType().getName().property.getName()]
2013-07-13 17:19:45,079 [main] TRACE org.hibernate.ejb.metamodel.AttributeFactory - Starting attribute metadata determination [version]
2013-07-13 17:19:45,079 [main] TRACE org.hibernate.ejb.metamodel.AttributeFactory -     Determined member [private java.lang.Integer com.eastapps.mgs.model.CrawlerMeme.version]
2013-07-13 17:19:45,079 [main] TRACE org.hibernate.ejb.metamodel.AttributeFactory -     Determined type [name=integer, class=org.hibernate.type.IntegerType]
2013-07-13 17:19:45,079 [main] TRACE org.hibernate.ejb.metamodel.AttributeFactory - Building attribute [com.eastapps.mgs.model.CrawlerMeme.bottomText]
2013-07-13 17:19:45,079 [main] TRACE org.hibernate.ejb.metamodel.AttributeFactory - Starting attribute metadata determination [bottomText]
2013-07-13 17:19:45,079 [main] TRACE org.hibernate.ejb.metamodel.AttributeFactory -     Determined member [private java.lang.String com.eastapps.mgs.model.CrawlerMeme.bottomText]
2013-07-13 17:19:45,079 [main] TRACE org.hibernate.ejb.metamodel.AttributeFactory -     Determined type [name=string, class=org.hibernate.type.StringType]
2013-07-13 17:19:45,080 [main] TRACE org.hibernate.ejb.metamodel.AttributeFactory - Building attribute [com.eastapps.mgs.model.CrawlerMeme.name]
2013-07-13 17:19:45,080 [main] TRACE org.hibernate.ejb.metamodel.AttributeFactory - Starting attribute metadata determination [name]
2013-07-13 17:19:45,080 [main] TRACE org.hibernate.ejb.metamodel.AttributeFactory -     Determined member [private java.lang.String com.eastapps.mgs.model.CrawlerMeme.name]
2013-07-13 17:19:45,080 [main] TRACE org.hibernate.ejb.metamodel.AttributeFactory -     Determined type [name=string, class=org.hibernate.type.StringType]
2013-07-13 17:19:45,080 [main] TRACE org.hibernate.ejb.metamodel.AttributeFactory - Building attribute [com.eastapps.mgs.model.CrawlerMeme.topText]
2013-07-13 17:19:45,080 [main] TRACE org.hibernate.ejb.metamodel.AttributeFactory - Starting attribute metadata determination [topText]
2013-07-13 17:19:45,080 [main] TRACE org.hibernate.ejb.metamodel.AttributeFactory -     Determined member [private java.lang.String com.eastapps.mgs.model.CrawlerMeme.topText]
2013-07-13 17:19:45,080 [main] TRACE org.hibernate.ejb.metamodel.AttributeFactory -     Determined type [name=string, class=org.hibernate.type.StringType]
2013-07-13 17:19:45,080 [main] TRACE org.hibernate.ejb.metamodel.MetadataContext - Completed entity [com.eastapps.mgs.model.CrawlerMeme]
2013-07-13 17:19:45,087 [main] DEBUG org.hibernate.ejb.internal.EntityManagerFactoryRegistry - Initializing EntityManagerFactoryRegistry : org.hibernate.ejb.internal.EntityManagerFactoryRegistry@6b21f6de
2013-07-13 17:19:45,088 [main] DEBUG org.hibernate.ejb.internal.EntityManagerFactoryRegistry - Registering EntityManagerFactory: persistenceUnit 
2013-07-13 17:19:45,197 [main] TRACE org.hibernate.internal.SessionImpl - Opened session at timestamp: 13737503851
2013-07-13 17:19:45,199 [main] TRACE org.hibernate.internal.SessionImpl - Setting flush mode to: AUTO
2013-07-13 17:19:45,199 [main] TRACE org.hibernate.internal.SessionImpl - Setting cache mode to: NORMAL
2013-07-13 17:19:45,201 [main] DEBUG org.hibernate.engine.transaction.spi.AbstractTransactionImpl - begin
2013-07-13 17:19:45,201 [main] DEBUG org.hibernate.engine.jdbc.internal.LogicalConnectionImpl - Obtaining JDBC connection
2013-07-13 17:19:45,201 [main] DEBUG org.hibernate.engine.jdbc.internal.LogicalConnectionImpl - Obtained JDBC connection
2013-07-13 17:19:45,201 [main] DEBUG org.hibernate.engine.transaction.internal.jdbc.JdbcTransaction - initial autocommit status: true
2013-07-13 17:19:45,201 [main] DEBUG org.hibernate.engine.transaction.internal.jdbc.JdbcTransaction - disabling autocommit
2013-07-13 17:19:45,449 [main] ERROR com.eastapps.mgs.model.MemeIntegrationTest - error occurred while attempting to get JSON obj
org.apache.http.conn.HttpHostConnectException: Connection to http://localhost:8080 refused
	at org.apache.http.impl.conn.DefaultClientConnectionOperator.openConnection(DefaultClientConnectionOperator.java:190)
	at org.apache.http.impl.conn.ManagedClientConnectionImpl.open(ManagedClientConnectionImpl.java:294)
	at org.apache.http.impl.client.DefaultRequestDirector.tryConnect(DefaultRequestDirector.java:643)
	at org.apache.http.impl.client.DefaultRequestDirector.execute(DefaultRequestDirector.java:479)
	at org.apache.http.impl.client.AbstractHttpClient.execute(AbstractHttpClient.java:906)
	at org.apache.http.impl.client.AbstractHttpClient.execute(AbstractHttpClient.java:1138)
	at org.apache.http.impl.client.AbstractHttpClient.execute(AbstractHttpClient.java:1076)
	at org.apache.http.impl.client.AbstractHttpClient.execute(AbstractHttpClient.java:1050)
	at com.eastapps.mgs.model.MemeIntegrationTest.postJson(MemeIntegrationTest.java:199)
	at com.eastapps.mgs.model.MemeIntegrationTest.getJSONObject(MemeIntegrationTest.java:171)
	at com.eastapps.mgs.model.MemeIntegrationTest.testCreateMemeJson(MemeIntegrationTest.java:161)
	at sun.reflect.NativeMethodAccessorImpl.invoke0(Native Method)
	at sun.reflect.NativeMethodAccessorImpl.invoke(NativeMethodAccessorImpl.java:57)
	at sun.reflect.DelegatingMethodAccessorImpl.invoke(DelegatingMethodAccessorImpl.java:43)
	at java.lang.reflect.Method.invoke(Method.java:606)
	at org.junit.runners.model.FrameworkMethod$1.runReflectiveCall(FrameworkMethod.java:45)
	at org.junit.internal.runners.model.ReflectiveCallable.run(ReflectiveCallable.java:15)
	at org.junit.runners.model.FrameworkMethod.invokeExplosively(FrameworkMethod.java:42)
	at org.junit.internal.runners.statements.InvokeMethod.evaluate(InvokeMethod.java:20)
	at org.springframework.test.context.junit4.statements.RunBeforeTestMethodCallbacks.evaluate(RunBeforeTestMethodCallbacks.java:74)
	at org.springframework.test.context.junit4.statements.RunAfterTestMethodCallbacks.evaluate(RunAfterTestMethodCallbacks.java:83)
	at org.springframework.test.context.junit4.statements.SpringRepeat.evaluate(SpringRepeat.java:72)
	at org.springframework.test.context.junit4.SpringJUnit4ClassRunner.runChild(SpringJUnit4ClassRunner.java:231)
	at org.springframework.test.context.junit4.SpringJUnit4ClassRunner.runChild(SpringJUnit4ClassRunner.java:88)
	at org.junit.runners.ParentRunner$3.run(ParentRunner.java:231)
	at org.junit.runners.ParentRunner$1.schedule(ParentRunner.java:60)
	at org.junit.runners.ParentRunner.runChildren(ParentRunner.java:229)
	at org.junit.runners.ParentRunner.access$000(ParentRunner.java:50)
	at org.junit.runners.ParentRunner$2.evaluate(ParentRunner.java:222)
	at org.springframework.test.context.junit4.statements.RunBeforeTestClassCallbacks.evaluate(RunBeforeTestClassCallbacks.java:61)
	at org.springframework.test.context.junit4.statements.RunAfterTestClassCallbacks.evaluate(RunAfterTestClassCallbacks.java:71)
	at org.junit.runners.ParentRunner.run(ParentRunner.java:300)
	at org.springframework.test.context.junit4.SpringJUnit4ClassRunner.run(SpringJUnit4ClassRunner.java:174)
	at org.apache.maven.surefire.junit4.JUnit4Provider.execute(JUnit4Provider.java:236)
	at org.apache.maven.surefire.junit4.JUnit4Provider.executeTestSet(JUnit4Provider.java:134)
	at org.apache.maven.surefire.junit4.JUnit4Provider.invoke(JUnit4Provider.java:113)
	at sun.reflect.NativeMethodAccessorImpl.invoke0(Native Method)
	at sun.reflect.NativeMethodAccessorImpl.invoke(NativeMethodAccessorImpl.java:57)
	at sun.reflect.DelegatingMethodAccessorImpl.invoke(DelegatingMethodAccessorImpl.java:43)
	at java.lang.reflect.Method.invoke(Method.java:606)
	at org.apache.maven.surefire.util.ReflectionUtils.invokeMethodWithArray(ReflectionUtils.java:189)
	at org.apache.maven.surefire.booter.ProviderFactory$ProviderProxy.invoke(ProviderFactory.java:165)
	at org.apache.maven.surefire.booter.ProviderFactory.invokeProvider(ProviderFactory.java:85)
	at org.apache.maven.surefire.booter.ForkedBooter.runSuitesInProcess(ForkedBooter.java:103)
	at org.apache.maven.surefire.booter.ForkedBooter.main(ForkedBooter.java:74)
Caused by: java.net.ConnectException: Connection refused
	at java.net.PlainSocketImpl.socketConnect(Native Method)
	at java.net.AbstractPlainSocketImpl.doConnect(AbstractPlainSocketImpl.java:339)
	at java.net.AbstractPlainSocketImpl.connectToAddress(AbstractPlainSocketImpl.java:200)
	at java.net.AbstractPlainSocketImpl.connect(AbstractPlainSocketImpl.java:182)
	at java.net.SocksSocketImpl.connect(SocksSocketImpl.java:392)
	at java.net.Socket.connect(Socket.java:579)
	at org.apache.http.conn.scheme.PlainSocketFactory.connectSocket(PlainSocketFactory.java:127)
	at org.apache.http.impl.conn.DefaultClientConnectionOperator.openConnection(DefaultClientConnectionOperator.java:180)
	... 44 more
2013-07-13 17:19:45,456 [main] DEBUG org.hibernate.engine.transaction.spi.AbstractTransactionImpl - rolling back
2013-07-13 17:19:45,457 [main] DEBUG org.hibernate.engine.transaction.internal.jdbc.JdbcTransaction - rolled JDBC Connection
2013-07-13 17:19:45,457 [main] DEBUG org.hibernate.engine.transaction.internal.jdbc.JdbcTransaction - re-enabling autocommit
2013-07-13 17:19:45,457 [main] TRACE org.hibernate.engine.transaction.internal.TransactionCoordinatorImpl - after transaction completion
2013-07-13 17:19:45,458 [main] TRACE org.hibernate.internal.SessionImpl - after transaction completion
2013-07-13 17:19:45,463 [main] TRACE org.hibernate.internal.SessionImpl - Closing session
2013-07-13 17:19:45,463 [main] TRACE org.hibernate.engine.jdbc.internal.LogicalConnectionImpl - Closing logical connection
2013-07-13 17:19:45,463 [main] TRACE org.hibernate.engine.jdbc.internal.JdbcResourceRegistryImpl - Closing JDBC container [org.hibernate.engine.jdbc.internal.JdbcResourceRegistryImpl@1d7b0a74]
2013-07-13 17:19:45,463 [main] DEBUG org.hibernate.engine.jdbc.internal.LogicalConnectionImpl - Releasing JDBC connection
2013-07-13 17:19:45,463 [main] DEBUG org.hibernate.engine.jdbc.internal.LogicalConnectionImpl - Released JDBC connection
2013-07-13 17:19:45,464 [main] TRACE org.hibernate.engine.jdbc.internal.LogicalConnectionImpl - Logical connection closed
</system-out>
  </testcase>
  <testcase time="0.373" classname="com.eastapps.mgs.model.MemeIntegrationTest" name="testCountMemes"/>
  <testcase time="0.155" classname="com.eastapps.mgs.model.MemeIntegrationTest" name="testFindMeme"/>
  <testcase time="0.149" classname="com.eastapps.mgs.model.MemeIntegrationTest" name="testFindAllMemes"/>
  <testcase time="0.156" classname="com.eastapps.mgs.model.MemeIntegrationTest" name="testFindMemeEntries"/>
  <testcase time="0.122" classname="com.eastapps.mgs.model.MemeIntegrationTest" name="testFlush"/>
  <testcase time="0.126" classname="com.eastapps.mgs.model.MemeIntegrationTest" name="testMergeUpdate"/>
  <testcase time="0.138" classname="com.eastapps.mgs.model.MemeIntegrationTest" name="testPersist"/>
  <testcase time="0.129" classname="com.eastapps.mgs.model.MemeIntegrationTest" name="testRemove"/>
  <testcase time="0.004" classname="com.eastapps.mgs.model.MemeIntegrationTest" name="testMarkerMethod"/>
</testsuite>